{"C:\\Users\\nours\\OneDrive\\Desktop\\lab_system\\frontend\\components\\EditScreenInfo.tsx": {"path":"C:\\Users\\nours\\OneDrive\\Desktop\\lab_system\\frontend\\components\\EditScreenInfo.tsx","statementMap":{"0":{"start":{"line":11,"column":2},"end":{"line":46,"column":4}},"1":{"start":{"line":49,"column":15},"end":{"line":77,"column":2}}},"fnMap":{"0":{"name":"EditScreenInfo","decl":{"start":{"line":10,"column":24},"end":{"line":10,"column":38}},"loc":{"start":{"line":10,"column":67},"end":{"line":47,"column":1}},"line":10}},"branchMap":{},"s":{"0":0,"1":0},"f":{"0":0},"b":{}}
,"C:\\Users\\nours\\OneDrive\\Desktop\\lab_system\\frontend\\components\\ExternalLink.tsx": {"path":"C:\\Users\\nours\\OneDrive\\Desktop\\lab_system\\frontend\\components\\ExternalLink.tsx","statementMap":{"0":{"start":{"line":9,"column":2},"end":{"line":23,"column":4}},"1":{"start":{"line":15,"column":8},"end":{"line":20,"column":9}},"2":{"start":{"line":17,"column":10},"end":{"line":17,"column":29}},"3":{"start":{"line":19,"column":10},"end":{"line":19,"column":60}}},"fnMap":{"0":{"name":"ExternalLink","decl":{"start":{"line":6,"column":16},"end":{"line":6,"column":28}},"loc":{"start":{"line":8,"column":2},"end":{"line":24,"column":1}},"line":8},"1":{"name":"(anonymous_1)","decl":{"start":{"line":14,"column":15},"end":{"line":14,"column":16}},"loc":{"start":{"line":14,"column":22},"end":{"line":21,"column":7}},"line":14}},"branchMap":{"0":{"loc":{"start":{"line":15,"column":8},"end":{"line":20,"column":9}},"type":"if","locations":[{"start":{"line":15,"column":8},"end":{"line":20,"column":9}},{"start":{},"end":{}}],"line":15}},"s":{"0":0,"1":0,"2":0,"3":0},"f":{"0":0,"1":0},"b":{"0":[0,0]}}
,"C:\\Users\\nours\\OneDrive\\Desktop\\lab_system\\frontend\\components\\StyledText.tsx": {"path":"C:\\Users\\nours\\OneDrive\\Desktop\\lab_system\\frontend\\components\\StyledText.tsx","statementMap":{"0":{"start":{"line":5,"column":2},"end":{"line":5,"column":84}}},"fnMap":{"0":{"name":"MonoText","decl":{"start":{"line":4,"column":16},"end":{"line":4,"column":24}},"loc":{"start":{"line":4,"column":43},"end":{"line":6,"column":1}},"line":4}},"branchMap":{},"s":{"0":0},"f":{"0":0},"b":{}}
,"C:\\Users\\nours\\OneDrive\\Desktop\\lab_system\\frontend\\components\\Themed.tsx": {"path":"C:\\Users\\nours\\OneDrive\\Desktop\\lab_system\\frontend\\components\\Themed.tsx","statementMap":{"0":{"start":{"line":23,"column":16},"end":{"line":23,"column":32}},"1":{"start":{"line":24,"column":25},"end":{"line":24,"column":37}},"2":{"start":{"line":26,"column":2},"end":{"line":30,"column":3}},"3":{"start":{"line":27,"column":4},"end":{"line":27,"column":26}},"4":{"start":{"line":29,"column":4},"end":{"line":29,"column":36}},"5":{"start":{"line":34,"column":58},"end":{"line":34,"column":63}},"6":{"start":{"line":35,"column":16},"end":{"line":35,"column":77}},"7":{"start":{"line":37,"column":2},"end":{"line":37,"column":68}},"8":{"start":{"line":41,"column":58},"end":{"line":41,"column":63}},"9":{"start":{"line":42,"column":26},"end":{"line":42,"column":93}},"10":{"start":{"line":44,"column":2},"end":{"line":44,"column":78}}},"fnMap":{"0":{"name":"useThemeColor","decl":{"start":{"line":19,"column":16},"end":{"line":19,"column":29}},"loc":{"start":{"line":22,"column":2},"end":{"line":31,"column":1}},"line":22},"1":{"name":"Text","decl":{"start":{"line":33,"column":16},"end":{"line":33,"column":20}},"loc":{"start":{"line":33,"column":39},"end":{"line":38,"column":1}},"line":33},"2":{"name":"View","decl":{"start":{"line":40,"column":16},"end":{"line":40,"column":20}},"loc":{"start":{"line":40,"column":39},"end":{"line":45,"column":1}},"line":40}},"branchMap":{"0":{"loc":{"start":{"line":26,"column":2},"end":{"line":30,"column":3}},"type":"if","locations":[{"start":{"line":26,"column":2},"end":{"line":30,"column":3}},{"start":{"line":28,"column":9},"end":{"line":30,"column":3}}],"line":26}},"s":{"0":0,"1":0,"2":0,"3":0,"4":0,"5":0,"6":0,"7":0,"8":0,"9":0,"10":0},"f":{"0":0,"1":0,"2":0},"b":{"0":[0,0]}}
,"C:\\Users\\nours\\OneDrive\\Desktop\\lab_system\\frontend\\components\\charts\\ChartCard.tsx": {"path":"C:\\Users\\nours\\OneDrive\\Desktop\\lab_system\\frontend\\components\\charts\\ChartCard.tsx","statementMap":{"0":{"start":{"line":12,"column":2},"end":{"line":18,"column":4}},"1":{"start":{"line":21,"column":15},"end":{"line":39,"column":2}}},"fnMap":{"0":{"name":"ChartCard","decl":{"start":{"line":11,"column":16},"end":{"line":11,"column":25}},"loc":{"start":{"line":11,"column":63},"end":{"line":19,"column":1}},"line":11}},"branchMap":{"0":{"loc":{"start":{"line":15,"column":7},"end":{"line":15,"column":72}},"type":"cond-expr","locations":[{"start":{"line":15,"column":18},"end":{"line":15,"column":65}},{"start":{"line":15,"column":68},"end":{"line":15,"column":72}}],"line":15}},"s":{"0":0,"1":0},"f":{"0":0},"b":{"0":[0,0]}}
,"C:\\Users\\nours\\OneDrive\\Desktop\\lab_system\\frontend\\components\\layouts\\AuthLayout.tsx": {"path":"C:\\Users\\nours\\OneDrive\\Desktop\\lab_system\\frontend\\components\\layouts\\AuthLayout.tsx","statementMap":{"0":{"start":{"line":13,"column":2},"end":{"line":23,"column":4}},"1":{"start":{"line":26,"column":15},"end":{"line":61,"column":2}}},"fnMap":{"0":{"name":"AuthLayout","decl":{"start":{"line":12,"column":16},"end":{"line":12,"column":26}},"loc":{"start":{"line":12,"column":75},"end":{"line":24,"column":1}},"line":12}},"branchMap":{"0":{"loc":{"start":{"line":18,"column":11},"end":{"line":18,"column":76}},"type":"cond-expr","locations":[{"start":{"line":18,"column":22},"end":{"line":18,"column":69}},{"start":{"line":18,"column":72},"end":{"line":18,"column":76}}],"line":18}},"s":{"0":0,"1":0},"f":{"0":0},"b":{"0":[0,0]}}
,"C:\\Users\\nours\\OneDrive\\Desktop\\lab_system\\frontend\\components\\layouts\\DashboardLayout.tsx": {"path":"C:\\Users\\nours\\OneDrive\\Desktop\\lab_system\\frontend\\components\\layouts\\DashboardLayout.tsx","statementMap":{"0":{"start":{"line":26,"column":17},"end":{"line":26,"column":28}},"1":{"start":{"line":27,"column":19},"end":{"line":27,"column":32}},"2":{"start":{"line":28,"column":19},"end":{"line":28,"column":28}},"3":{"start":{"line":29,"column":19},"end":{"line":29,"column":70}},"4":{"start":{"line":32,"column":4},"end":{"line":46,"column":11}},"5":{"start":{"line":37,"column":12},"end":{"line":39,"column":13}},"6":{"start":{"line":38,"column":14},"end":{"line":38,"column":39}},"7":{"start":{"line":49,"column":2},"end":{"line":56,"column":4}},"8":{"start":{"line":59,"column":15},"end":{"line":104,"column":2}}},"fnMap":{"0":{"name":"DashboardLayout","decl":{"start":{"line":18,"column":16},"end":{"line":18,"column":31}},"loc":{"start":{"line":25,"column":25},"end":{"line":57,"column":1}},"line":25},"1":{"name":"(anonymous_1)","decl":{"start":{"line":36,"column":19},"end":{"line":36,"column":20}},"loc":{"start":{"line":36,"column":25},"end":{"line":40,"column":11}},"line":36}},"branchMap":{"0":{"loc":{"start":{"line":22,"column":2},"end":{"line":22,"column":19}},"type":"default-arg","locations":[{"start":{"line":22,"column":14},"end":{"line":22,"column":19}}],"line":22},"1":{"loc":{"start":{"line":23,"column":2},"end":{"line":23,"column":23}},"type":"default-arg","locations":[{"start":{"line":23,"column":19},"end":{"line":23,"column":23}}],"line":23},"2":{"loc":{"start":{"line":29,"column":19},"end":{"line":29,"column":70}},"type":"cond-expr","locations":[{"start":{"line":29,"column":41},"end":{"line":29,"column":52}},{"start":{"line":29,"column":55},"end":{"line":29,"column":70}}],"line":29},"3":{"loc":{"start":{"line":33,"column":7},"end":{"line":44,"column":14}},"type":"cond-expr","locations":[{"start":{"line":34,"column":8},"end":{"line":43,"column":20}},{"start":{"line":44,"column":10},"end":{"line":44,"column":14}}],"line":33},"4":{"loc":{"start":{"line":37,"column":12},"end":{"line":39,"column":13}},"type":"if","locations":[{"start":{"line":37,"column":12},"end":{"line":39,"column":13}},{"start":{},"end":{}}],"line":37},"5":{"loc":{"start":{"line":51,"column":60},"end":{"line":51,"column":93}},"type":"binary-expr","locations":[{"start":{"line":51,"column":60},"end":{"line":51,"column":69}},{"start":{"line":51,"column":73},"end":{"line":51,"column":93}}],"line":51}},"s":{"0":0,"1":0,"2":0,"3":0,"4":0,"5":0,"6":0,"7":0,"8":0},"f":{"0":0,"1":0},"b":{"0":[0],"1":[0],"2":[0,0],"3":[0,0],"4":[0,0],"5":[0,0]}}
,"C:\\Users\\nours\\OneDrive\\Desktop\\lab_system\\frontend\\components\\layouts\\WizardLayout.tsx": {"path":"C:\\Users\\nours\\OneDrive\\Desktop\\lab_system\\frontend\\components\\layouts\\WizardLayout.tsx","statementMap":{"0":{"start":{"line":8,"column":2},"end":{"line":12,"column":4}},"1":{"start":{"line":15,"column":15},"end":{"line":24,"column":2}}},"fnMap":{"0":{"name":"WizardLayout","decl":{"start":{"line":7,"column":16},"end":{"line":7,"column":28}},"loc":{"start":{"line":7,"column":66},"end":{"line":13,"column":1}},"line":7}},"branchMap":{},"s":{"0":0,"1":0},"f":{"0":0},"b":{}}
,"C:\\Users\\nours\\OneDrive\\Desktop\\lab_system\\frontend\\components\\navigation\\LabTechSidebar.tsx": {"path":"C:\\Users\\nours\\OneDrive\\Desktop\\lab_system\\frontend\\components\\navigation\\LabTechSidebar.tsx","statementMap":{"0":{"start":{"line":7,"column":17},"end":{"line":7,"column":28}},"1":{"start":{"line":8,"column":19},"end":{"line":8,"column":32}},"2":{"start":{"line":9,"column":21},"end":{"line":9,"column":30}},"3":{"start":{"line":11,"column":27},"end":{"line":19,"column":3}},"4":{"start":{"line":21,"column":2},"end":{"line":31,"column":4}},"5":{"start":{"line":25,"column":28},"end":{"line":25,"column":53}},"6":{"start":{"line":27,"column":8},"end":{"line":27,"column":17}},"7":{"start":{"line":28,"column":8},"end":{"line":28,"column":41}}},"fnMap":{"0":{"name":"LabTechSidebar","decl":{"start":{"line":6,"column":16},"end":{"line":6,"column":30}},"loc":{"start":{"line":6,"column":33},"end":{"line":32,"column":1}},"line":6},"1":{"name":"(anonymous_1)","decl":{"start":{"line":25,"column":18},"end":{"line":25,"column":19}},"loc":{"start":{"line":25,"column":28},"end":{"line":25,"column":53}},"line":25},"2":{"name":"(anonymous_2)","decl":{"start":{"line":26,"column":16},"end":{"line":26,"column":17}},"loc":{"start":{"line":26,"column":22},"end":{"line":29,"column":7}},"line":26}},"branchMap":{},"s":{"0":0,"1":0,"2":0,"3":0,"4":0,"5":0,"6":0,"7":0},"f":{"0":0,"1":0,"2":0},"b":{}}
,"C:\\Users\\nours\\OneDrive\\Desktop\\lab_system\\frontend\\components\\navigation\\ReceptionistSidebar.tsx": {"path":"C:\\Users\\nours\\OneDrive\\Desktop\\lab_system\\frontend\\components\\navigation\\ReceptionistSidebar.tsx","statementMap":{"0":{"start":{"line":7,"column":17},"end":{"line":7,"column":28}},"1":{"start":{"line":8,"column":19},"end":{"line":8,"column":32}},"2":{"start":{"line":9,"column":21},"end":{"line":9,"column":30}},"3":{"start":{"line":11,"column":27},"end":{"line":21,"column":3}},"4":{"start":{"line":23,"column":2},"end":{"line":33,"column":4}},"5":{"start":{"line":27,"column":28},"end":{"line":27,"column":53}},"6":{"start":{"line":29,"column":8},"end":{"line":29,"column":17}},"7":{"start":{"line":30,"column":8},"end":{"line":30,"column":41}}},"fnMap":{"0":{"name":"ReceptionistSidebar","decl":{"start":{"line":6,"column":16},"end":{"line":6,"column":35}},"loc":{"start":{"line":6,"column":38},"end":{"line":34,"column":1}},"line":6},"1":{"name":"(anonymous_1)","decl":{"start":{"line":27,"column":18},"end":{"line":27,"column":19}},"loc":{"start":{"line":27,"column":28},"end":{"line":27,"column":53}},"line":27},"2":{"name":"(anonymous_2)","decl":{"start":{"line":28,"column":16},"end":{"line":28,"column":17}},"loc":{"start":{"line":28,"column":22},"end":{"line":31,"column":7}},"line":28}},"branchMap":{},"s":{"0":0,"1":0,"2":0,"3":0,"4":0,"5":0,"6":0,"7":0},"f":{"0":0,"1":0,"2":0},"b":{}}
,"C:\\Users\\nours\\OneDrive\\Desktop\\lab_system\\frontend\\components\\navigation\\SideNav.tsx": {"path":"C:\\Users\\nours\\OneDrive\\Desktop\\lab_system\\frontend\\components\\navigation\\SideNav.tsx","statementMap":{"0":{"start":{"line":27,"column":32},"end":{"line":27,"column":61}},"1":{"start":{"line":28,"column":36},"end":{"line":28,"column":51}},"2":{"start":{"line":29,"column":19},"end":{"line":29,"column":56}},"3":{"start":{"line":31,"column":2},"end":{"line":37,"column":26}},"4":{"start":{"line":32,"column":4},"end":{"line":36,"column":5}},"5":{"start":{"line":33,"column":6},"end":{"line":33,"column":94}},"6":{"start":{"line":35,"column":6},"end":{"line":35,"column":94}},"7":{"start":{"line":39,"column":21},"end":{"line":44,"column":3}},"8":{"start":{"line":40,"column":4},"end":{"line":42,"column":5}},"9":{"start":{"line":41,"column":6},"end":{"line":41,"column":72}},"10":{"start":{"line":43,"column":4},"end":{"line":43,"column":80}},"11":{"start":{"line":46,"column":2},"end":{"line":126,"column":4}},"12":{"start":{"line":56,"column":25},"end":{"line":56,"column":54}},"13":{"start":{"line":56,"column":48},"end":{"line":56,"column":53}},"14":{"start":{"line":57,"column":43},"end":{"line":57,"column":99}},"15":{"start":{"line":65,"column":27},"end":{"line":65,"column":93}},"16":{"start":{"line":66,"column":30},"end":{"line":66,"column":51}},"17":{"start":{"line":68,"column":10},"end":{"line":93,"column":12}},"18":{"start":{"line":71,"column":31},"end":{"line":71,"column":52}},"19":{"start":{"line":72,"column":33},"end":{"line":72,"column":79}},"20":{"start":{"line":73,"column":34},"end":{"line":73,"column":75}},"21":{"start":{"line":74,"column":49},"end":{"line":78,"column":17}},"22":{"start":{"line":100,"column":27},"end":{"line":100,"column":72}},"23":{"start":{"line":101,"column":28},"end":{"line":101,"column":69}},"24":{"start":{"line":102,"column":43},"end":{"line":102,"column":129}},"25":{"start":{"line":129,"column":15},"end":{"line":244,"column":2}}},"fnMap":{"0":{"name":"SideNav","decl":{"start":{"line":26,"column":16},"end":{"line":26,"column":23}},"loc":{"start":{"line":26,"column":83},"end":{"line":127,"column":1}},"line":26},"1":{"name":"(anonymous_1)","decl":{"start":{"line":31,"column":12},"end":{"line":31,"column":13}},"loc":{"start":{"line":31,"column":18},"end":{"line":37,"column":3}},"line":31},"2":{"name":"(anonymous_2)","decl":{"start":{"line":39,"column":21},"end":{"line":39,"column":22}},"loc":{"start":{"line":39,"column":40},"end":{"line":44,"column":3}},"line":39},"3":{"name":"(anonymous_3)","decl":{"start":{"line":56,"column":19},"end":{"line":56,"column":20}},"loc":{"start":{"line":56,"column":25},"end":{"line":56,"column":54}},"line":56},"4":{"name":"(anonymous_4)","decl":{"start":{"line":56,"column":38},"end":{"line":56,"column":39}},"loc":{"start":{"line":56,"column":48},"end":{"line":56,"column":53}},"line":56},"5":{"name":"(anonymous_5)","decl":{"start":{"line":57,"column":17},"end":{"line":57,"column":18}},"loc":{"start":{"line":57,"column":43},"end":{"line":57,"column":99}},"line":57},"6":{"name":"(anonymous_6)","decl":{"start":{"line":64,"column":19},"end":{"line":64,"column":20}},"loc":{"start":{"line":64,"column":29},"end":{"line":94,"column":9}},"line":64},"7":{"name":"(anonymous_7)","decl":{"start":{"line":71,"column":25},"end":{"line":71,"column":26}},"loc":{"start":{"line":71,"column":31},"end":{"line":71,"column":52}},"line":71},"8":{"name":"(anonymous_8)","decl":{"start":{"line":72,"column":27},"end":{"line":72,"column":28}},"loc":{"start":{"line":72,"column":33},"end":{"line":72,"column":79}},"line":72},"9":{"name":"(anonymous_9)","decl":{"start":{"line":73,"column":28},"end":{"line":73,"column":29}},"loc":{"start":{"line":73,"column":34},"end":{"line":73,"column":75}},"line":73},"10":{"name":"(anonymous_10)","decl":{"start":{"line":74,"column":23},"end":{"line":74,"column":24}},"loc":{"start":{"line":74,"column":49},"end":{"line":78,"column":17}},"line":74},"11":{"name":"(anonymous_11)","decl":{"start":{"line":100,"column":21},"end":{"line":100,"column":22}},"loc":{"start":{"line":100,"column":27},"end":{"line":100,"column":72}},"line":100},"12":{"name":"(anonymous_12)","decl":{"start":{"line":101,"column":22},"end":{"line":101,"column":23}},"loc":{"start":{"line":101,"column":28},"end":{"line":101,"column":69}},"line":101},"13":{"name":"(anonymous_13)","decl":{"start":{"line":102,"column":17},"end":{"line":102,"column":18}},"loc":{"start":{"line":102,"column":43},"end":{"line":102,"column":129}},"line":102}},"branchMap":{"0":{"loc":{"start":{"line":32,"column":4},"end":{"line":36,"column":5}},"type":"if","locations":[{"start":{"line":32,"column":4},"end":{"line":36,"column":5}},{"start":{"line":34,"column":11},"end":{"line":36,"column":5}}],"line":32},"1":{"loc":{"start":{"line":32,"column":8},"end":{"line":32,"column":40}},"type":"binary-expr","locations":[{"start":{"line":32,"column":8},"end":{"line":32,"column":15}},{"start":{"line":32,"column":19},"end":{"line":32,"column":40}}],"line":32},"2":{"loc":{"start":{"line":40,"column":4},"end":{"line":42,"column":5}},"type":"if","locations":[{"start":{"line":40,"column":4},"end":{"line":42,"column":5}},{"start":{},"end":{}}],"line":40},"3":{"loc":{"start":{"line":47,"column":34},"end":{"line":47,"column":70}},"type":"binary-expr","locations":[{"start":{"line":47,"column":34},"end":{"line":47,"column":43}},{"start":{"line":47,"column":47},"end":{"line":47,"column":70}}],"line":47},"4":{"loc":{"start":{"line":49,"column":36},"end":{"line":49,"column":70}},"type":"binary-expr","locations":[{"start":{"line":49,"column":36},"end":{"line":49,"column":45}},{"start":{"line":49,"column":49},"end":{"line":49,"column":70}}],"line":49},"5":{"loc":{"start":{"line":53,"column":11},"end":{"line":53,"column":71}},"type":"binary-expr","locations":[{"start":{"line":53,"column":11},"end":{"line":53,"column":21}},{"start":{"line":53,"column":25},"end":{"line":53,"column":71}}],"line":53},"6":{"loc":{"start":{"line":57,"column":67},"end":{"line":57,"column":98}},"type":"binary-expr","locations":[{"start":{"line":57,"column":67},"end":{"line":57,"column":74}},{"start":{"line":57,"column":78},"end":{"line":57,"column":98}}],"line":57},"7":{"loc":{"start":{"line":59,"column":26},"end":{"line":59,"column":72}},"type":"cond-expr","locations":[{"start":{"line":59,"column":38},"end":{"line":59,"column":55}},{"start":{"line":59,"column":58},"end":{"line":59,"column":72}}],"line":59},"8":{"loc":{"start":{"line":63,"column":42},"end":{"line":63,"column":75}},"type":"binary-expr","locations":[{"start":{"line":63,"column":42},"end":{"line":63,"column":51}},{"start":{"line":63,"column":55},"end":{"line":63,"column":75}}],"line":63},"9":{"loc":{"start":{"line":65,"column":27},"end":{"line":65,"column":93}},"type":"binary-expr","locations":[{"start":{"line":65,"column":27},"end":{"line":65,"column":51}},{"start":{"line":65,"column":55},"end":{"line":65,"column":93}}],"line":65},"10":{"loc":{"start":{"line":72,"column":33},"end":{"line":72,"column":79}},"type":"binary-expr","locations":[{"start":{"line":72,"column":33},"end":{"line":72,"column":54}},{"start":{"line":72,"column":58},"end":{"line":72,"column":79}}],"line":72},"11":{"loc":{"start":{"line":73,"column":34},"end":{"line":73,"column":75}},"type":"binary-expr","locations":[{"start":{"line":73,"column":34},"end":{"line":73,"column":55}},{"start":{"line":73,"column":59},"end":{"line":73,"column":75}}],"line":73},"12":{"loc":{"start":{"line":76,"column":18},"end":{"line":76,"column":56}},"type":"binary-expr","locations":[{"start":{"line":76,"column":19},"end":{"line":76,"column":27}},{"start":{"line":76,"column":31},"end":{"line":76,"column":38}},{"start":{"line":76,"column":43},"end":{"line":76,"column":56}}],"line":76},"13":{"loc":{"start":{"line":77,"column":18},"end":{"line":77,"column":57}},"type":"binary-expr","locations":[{"start":{"line":77,"column":18},"end":{"line":77,"column":27}},{"start":{"line":77,"column":31},"end":{"line":77,"column":57}}],"line":77},"14":{"loc":{"start":{"line":80,"column":17},"end":{"line":80,"column":82}},"type":"cond-expr","locations":[{"start":{"line":80,"column":42},"end":{"line":80,"column":75}},{"start":{"line":80,"column":78},"end":{"line":80,"column":82}}],"line":80},"15":{"loc":{"start":{"line":80,"column":17},"end":{"line":80,"column":39}},"type":"binary-expr","locations":[{"start":{"line":80,"column":17},"end":{"line":80,"column":25}},{"start":{"line":80,"column":29},"end":{"line":80,"column":39}}],"line":80},"16":{"loc":{"start":{"line":81,"column":46},"end":{"line":81,"column":82}},"type":"binary-expr","locations":[{"start":{"line":81,"column":46},"end":{"line":81,"column":55}},{"start":{"line":81,"column":59},"end":{"line":81,"column":82}}],"line":81},"17":{"loc":{"start":{"line":83,"column":19},"end":{"line":83,"column":83}},"type":"binary-expr","locations":[{"start":{"line":83,"column":19},"end":{"line":83,"column":29}},{"start":{"line":83,"column":33},"end":{"line":83,"column":83}}],"line":83},"18":{"loc":{"start":{"line":87,"column":15},"end":{"line":91,"column":15}},"type":"binary-expr","locations":[{"start":{"line":87,"column":15},"end":{"line":87,"column":36}},{"start":{"line":87,"column":40},"end":{"line":87,"column":51}},{"start":{"line":87,"column":55},"end":{"line":87,"column":64}},{"start":{"line":88,"column":16},"end":{"line":90,"column":32}}],"line":87},"19":{"loc":{"start":{"line":100,"column":27},"end":{"line":100,"column":72}},"type":"binary-expr","locations":[{"start":{"line":100,"column":27},"end":{"line":100,"column":48}},{"start":{"line":100,"column":52},"end":{"line":100,"column":72}}],"line":100},"20":{"loc":{"start":{"line":101,"column":28},"end":{"line":101,"column":69}},"type":"binary-expr","locations":[{"start":{"line":101,"column":28},"end":{"line":101,"column":49}},{"start":{"line":101,"column":53},"end":{"line":101,"column":69}}],"line":101},"21":{"loc":{"start":{"line":102,"column":63},"end":{"line":102,"column":87}},"type":"binary-expr","locations":[{"start":{"line":102,"column":63},"end":{"line":102,"column":70}},{"start":{"line":102,"column":74},"end":{"line":102,"column":87}}],"line":102},"22":{"loc":{"start":{"line":102,"column":89},"end":{"line":102,"column":128}},"type":"binary-expr","locations":[{"start":{"line":102,"column":89},"end":{"line":102,"column":98}},{"start":{"line":102,"column":102},"end":{"line":102,"column":128}}],"line":102},"23":{"loc":{"start":{"line":104,"column":11},"end":{"line":104,"column":63}},"type":"cond-expr","locations":[{"start":{"line":104,"column":23},"end":{"line":104,"column":27}},{"start":{"line":104,"column":30},"end":{"line":104,"column":63}}],"line":104},"24":{"loc":{"start":{"line":105,"column":40},"end":{"line":105,"column":76}},"type":"binary-expr","locations":[{"start":{"line":105,"column":40},"end":{"line":105,"column":49}},{"start":{"line":105,"column":53},"end":{"line":105,"column":76}}],"line":105},"25":{"loc":{"start":{"line":106,"column":13},"end":{"line":114,"column":13}},"type":"cond-expr","locations":[{"start":{"line":107,"column":14},"end":{"line":107,"column":75}},{"start":{"line":109,"column":14},"end":{"line":113,"column":16}}],"line":106},"26":{"loc":{"start":{"line":115,"column":13},"end":{"line":115,"column":71}},"type":"binary-expr","locations":[{"start":{"line":115,"column":13},"end":{"line":115,"column":23}},{"start":{"line":115,"column":27},"end":{"line":115,"column":71}}],"line":115},"27":{"loc":{"start":{"line":119,"column":9},"end":{"line":123,"column":9}},"type":"binary-expr","locations":[{"start":{"line":119,"column":9},"end":{"line":119,"column":30}},{"start":{"line":119,"column":34},"end":{"line":119,"column":54}},{"start":{"line":119,"column":58},"end":{"line":119,"column":67}},{"start":{"line":120,"column":10},"end":{"line":122,"column":26}}],"line":119}},"s":{"0":0,"1":0,"2":0,"3":0,"4":0,"5":0,"6":0,"7":0,"8":0,"9":0,"10":0,"11":0,"12":0,"13":0,"14":0,"15":0,"16":0,"17":0,"18":0,"19":0,"20":0,"21":0,"22":0,"23":0,"24":0,"25":0},"f":{"0":0,"1":0,"2":0,"3":0,"4":0,"5":0,"6":0,"7":0,"8":0,"9":0,"10":0,"11":0,"12":0,"13":0},"b":{"0":[0,0],"1":[0,0],"2":[0,0],"3":[0,0],"4":[0,0],"5":[0,0],"6":[0,0],"7":[0,0],"8":[0,0],"9":[0,0],"10":[0,0],"11":[0,0],"12":[0,0,0],"13":[0,0],"14":[0,0],"15":[0,0],"16":[0,0],"17":[0,0],"18":[0,0,0,0],"19":[0,0],"20":[0,0],"21":[0,0],"22":[0,0],"23":[0,0],"24":[0,0],"25":[0,0],"26":[0,0],"27":[0,0,0,0]}}
,"C:\\Users\\nours\\OneDrive\\Desktop\\lab_system\\frontend\\components\\ui\\AdjustStockModal.tsx": {"path":"C:\\Users\\nours\\OneDrive\\Desktop\\lab_system\\frontend\\components\\ui\\AdjustStockModal.tsx","statementMap":{"0":{"start":{"line":13,"column":2},"end":{"line":28,"column":4}},"1":{"start":{"line":31,"column":15},"end":{"line":70,"column":2}}},"fnMap":{"0":{"name":"AdjustStockModal","decl":{"start":{"line":12,"column":16},"end":{"line":12,"column":32}},"loc":{"start":{"line":12,"column":78},"end":{"line":29,"column":1}},"line":12}},"branchMap":{},"s":{"0":0,"1":0},"f":{"0":0},"b":{}}
,"C:\\Users\\nours\\OneDrive\\Desktop\\lab_system\\frontend\\components\\ui\\AppointmentsTable.tsx": {"path":"C:\\Users\\nours\\OneDrive\\Desktop\\lab_system\\frontend\\components\\ui\\AppointmentsTable.tsx","statementMap":{"0":{"start":{"line":5,"column":2},"end":{"line":14,"column":4}}},"fnMap":{"0":{"name":"AppointmentsTable","decl":{"start":{"line":4,"column":16},"end":{"line":4,"column":33}},"loc":{"start":{"line":4,"column":36},"end":{"line":15,"column":1}},"line":4}},"branchMap":{},"s":{"0":0},"f":{"0":0},"b":{}}
,"C:\\Users\\nours\\OneDrive\\Desktop\\lab_system\\frontend\\components\\ui\\Card.tsx": {"path":"C:\\Users\\nours\\OneDrive\\Desktop\\lab_system\\frontend\\components\\ui\\Card.tsx","statementMap":{"0":{"start":{"line":11,"column":2},"end":{"line":21,"column":4}},"1":{"start":{"line":13,"column":30},"end":{"line":17,"column":7}},"2":{"start":{"line":24,"column":15},"end":{"line":41,"column":2}}},"fnMap":{"0":{"name":"Card","decl":{"start":{"line":10,"column":16},"end":{"line":10,"column":20}},"loc":{"start":{"line":10,"column":53},"end":{"line":22,"column":1}},"line":10},"1":{"name":"(anonymous_1)","decl":{"start":{"line":13,"column":13},"end":{"line":13,"column":14}},"loc":{"start":{"line":13,"column":30},"end":{"line":17,"column":7}},"line":13}},"branchMap":{"0":{"loc":{"start":{"line":15,"column":8},"end":{"line":15,"column":35}},"type":"binary-expr","locations":[{"start":{"line":15,"column":8},"end":{"line":15,"column":15}},{"start":{"line":15,"column":19},"end":{"line":15,"column":35}}],"line":15}},"s":{"0":0,"1":0,"2":0},"f":{"0":0,"1":0},"b":{"0":[0,0]}}
,"C:\\Users\\nours\\OneDrive\\Desktop\\lab_system\\frontend\\components\\ui\\ConfirmModal.tsx": {"path":"C:\\Users\\nours\\OneDrive\\Desktop\\lab_system\\frontend\\components\\ui\\ConfirmModal.tsx","statementMap":{"0":{"start":{"line":15,"column":2},"end":{"line":30,"column":4}},"1":{"start":{"line":33,"column":15},"end":{"line":77,"column":2}}},"fnMap":{"0":{"name":"ConfirmModal","decl":{"start":{"line":14,"column":16},"end":{"line":14,"column":28}},"loc":{"start":{"line":14,"column":98},"end":{"line":31,"column":1}},"line":14}},"branchMap":{},"s":{"0":0,"1":0},"f":{"0":0},"b":{}}
,"C:\\Users\\nours\\OneDrive\\Desktop\\lab_system\\frontend\\components\\ui\\DataTable.tsx": {"path":"C:\\Users\\nours\\OneDrive\\Desktop\\lab_system\\frontend\\components\\ui\\DataTable.tsx","statementMap":{"0":{"start":{"line":33,"column":4},"end":{"line":69,"column":7}},"1":{"start":{"line":36,"column":10},"end":{"line":52,"column":13}},"2":{"start":{"line":38,"column":14},"end":{"line":50,"column":21}},"3":{"start":{"line":55,"column":27},"end":{"line":55,"column":61}},"4":{"start":{"line":56,"column":23},"end":{"line":56,"column":47}},"5":{"start":{"line":57,"column":8},"end":{"line":67,"column":10}},"6":{"start":{"line":60,"column":36},"end":{"line":60,"column":76}},"7":{"start":{"line":61,"column":27},"end":{"line":61,"column":46}},"8":{"start":{"line":73,"column":4},"end":{"line":107,"column":7}},"9":{"start":{"line":79,"column":14},"end":{"line":89,"column":21}},"10":{"start":{"line":110,"column":2},"end":{"line":112,"column":3}},"11":{"start":{"line":111,"column":4},"end":{"line":111,"column":67}},"12":{"start":{"line":114,"column":2},"end":{"line":114,"column":57}},"13":{"start":{"line":117,"column":15},"end":{"line":163,"column":2}}},"fnMap":{"0":{"name":"DataTable","decl":{"start":{"line":20,"column":16},"end":{"line":20,"column":25}},"loc":{"start":{"line":31,"column":19},"end":{"line":115,"column":1}},"line":31},"1":{"name":"(anonymous_1)","decl":{"start":{"line":34,"column":16},"end":{"line":34,"column":17}},"loc":{"start":{"line":34,"column":32},"end":{"line":68,"column":7}},"line":34},"2":{"name":"(anonymous_2)","decl":{"start":{"line":37,"column":21},"end":{"line":37,"column":22}},"loc":{"start":{"line":38,"column":14},"end":{"line":50,"column":21}},"line":38},"3":{"name":"(anonymous_3)","decl":{"start":{"line":60,"column":19},"end":{"line":60,"column":20}},"loc":{"start":{"line":60,"column":36},"end":{"line":60,"column":76}},"line":60},"4":{"name":"(anonymous_4)","decl":{"start":{"line":61,"column":21},"end":{"line":61,"column":22}},"loc":{"start":{"line":61,"column":27},"end":{"line":61,"column":46}},"line":61},"5":{"name":"(anonymous_5)","decl":{"start":{"line":78,"column":25},"end":{"line":78,"column":26}},"loc":{"start":{"line":79,"column":14},"end":{"line":89,"column":21}},"line":79}},"branchMap":{"0":{"loc":{"start":{"line":29,"column":2},"end":{"line":29,"column":37}},"type":"default-arg","locations":[{"start":{"line":29,"column":33},"end":{"line":29,"column":37}}],"line":29},"1":{"loc":{"start":{"line":30,"column":2},"end":{"line":30,"column":18}},"type":"default-arg","locations":[{"start":{"line":30,"column":13},"end":{"line":30,"column":18}}],"line":30},"2":{"loc":{"start":{"line":42,"column":18},"end":{"line":42,"column":122}},"type":"cond-expr","locations":[{"start":{"line":42,"column":46},"end":{"line":42,"column":115}},{"start":{"line":42,"column":118},"end":{"line":42,"column":122}}],"line":42},"3":{"loc":{"start":{"line":45,"column":17},"end":{"line":49,"column":17}},"type":"cond-expr","locations":[{"start":{"line":46,"column":18},"end":{"line":46,"column":61}},{"start":{"line":48,"column":18},"end":{"line":48,"column":22}}],"line":45},"4":{"loc":{"start":{"line":45,"column":17},"end":{"line":45,"column":69}},"type":"binary-expr","locations":[{"start":{"line":45,"column":17},"end":{"line":45,"column":41}},{"start":{"line":45,"column":45},"end":{"line":45,"column":69}}],"line":45},"5":{"loc":{"start":{"line":55,"column":27},"end":{"line":55,"column":61}},"type":"binary-expr","locations":[{"start":{"line":55,"column":27},"end":{"line":55,"column":43}},{"start":{"line":55,"column":47},"end":{"line":55,"column":61}}],"line":55},"6":{"loc":{"start":{"line":60,"column":49},"end":{"line":60,"column":75}},"type":"binary-expr","locations":[{"start":{"line":60,"column":49},"end":{"line":60,"column":56}},{"start":{"line":60,"column":60},"end":{"line":60,"column":75}}],"line":60},"7":{"loc":{"start":{"line":62,"column":31},"end":{"line":62,"column":64}},"type":"cond-expr","locations":[{"start":{"line":62,"column":44},"end":{"line":62,"column":52}},{"start":{"line":62,"column":55},"end":{"line":62,"column":64}}],"line":62},"8":{"loc":{"start":{"line":74,"column":7},"end":{"line":74,"column":63}},"type":"cond-expr","locations":[{"start":{"line":74,"column":15},"end":{"line":74,"column":56}},{"start":{"line":74,"column":59},"end":{"line":74,"column":63}}],"line":74},"9":{"loc":{"start":{"line":84,"column":18},"end":{"line":84,"column":119}},"type":"cond-expr","locations":[{"start":{"line":84,"column":45},"end":{"line":84,"column":112}},{"start":{"line":84,"column":115},"end":{"line":84,"column":119}}],"line":84},"10":{"loc":{"start":{"line":92,"column":11},"end":{"line":104,"column":11}},"type":"cond-expr","locations":[{"start":{"line":93,"column":12},"end":{"line":101,"column":13}},{"start":{"line":103,"column":12},"end":{"line":103,"column":16}}],"line":92},"11":{"loc":{"start":{"line":93,"column":12},"end":{"line":101,"column":13}},"type":"cond-expr","locations":[{"start":{"line":94,"column":14},"end":{"line":96,"column":21}},{"start":{"line":98,"column":14},"end":{"line":100,"column":27}}],"line":93},"12":{"loc":{"start":{"line":110,"column":2},"end":{"line":112,"column":3}},"type":"if","locations":[{"start":{"line":110,"column":2},"end":{"line":112,"column":3}},{"start":{},"end":{}}],"line":110}},"s":{"0":0,"1":0,"2":0,"3":0,"4":0,"5":0,"6":0,"7":0,"8":0,"9":0,"10":0,"11":0,"12":0,"13":0},"f":{"0":0,"1":0,"2":0,"3":0,"4":0,"5":0},"b":{"0":[0],"1":[0],"2":[0,0],"3":[0,0],"4":[0,0],"5":[0,0],"6":[0,0],"7":[0,0],"8":[0,0],"9":[0,0],"10":[0,0],"11":[0,0],"12":[0,0]}}
,"C:\\Users\\nours\\OneDrive\\Desktop\\lab_system\\frontend\\components\\ui\\DatePicker.tsx": {"path":"C:\\Users\\nours\\OneDrive\\Desktop\\lab_system\\frontend\\components\\ui\\DatePicker.tsx","statementMap":{"0":{"start":{"line":12,"column":2},"end":{"line":21,"column":4}},"1":{"start":{"line":24,"column":15},"end":{"line":51,"column":2}}},"fnMap":{"0":{"name":"DatePicker","decl":{"start":{"line":11,"column":16},"end":{"line":11,"column":26}},"loc":{"start":{"line":11,"column":71},"end":{"line":22,"column":1}},"line":11}},"branchMap":{"0":{"loc":{"start":{"line":16,"column":36},"end":{"line":16,"column":64}},"type":"binary-expr","locations":[{"start":{"line":16,"column":36},"end":{"line":16,"column":42}},{"start":{"line":16,"column":46},"end":{"line":16,"column":64}}],"line":16},"1":{"loc":{"start":{"line":17,"column":11},"end":{"line":17,"column":33}},"type":"binary-expr","locations":[{"start":{"line":17,"column":11},"end":{"line":17,"column":16}},{"start":{"line":17,"column":20},"end":{"line":17,"column":33}}],"line":17}},"s":{"0":0,"1":0},"f":{"0":0},"b":{"0":[0,0],"1":[0,0]}}
,"C:\\Users\\nours\\OneDrive\\Desktop\\lab_system\\frontend\\components\\ui\\DateRangePicker.tsx": {"path":"C:\\Users\\nours\\OneDrive\\Desktop\\lab_system\\frontend\\components\\ui\\DateRangePicker.tsx","statementMap":{"0":{"start":{"line":7,"column":2},"end":{"line":15,"column":4}},"1":{"start":{"line":18,"column":15},"end":{"line":33,"column":2}}},"fnMap":{"0":{"name":"DateRangePicker","decl":{"start":{"line":6,"column":16},"end":{"line":6,"column":31}},"loc":{"start":{"line":6,"column":34},"end":{"line":16,"column":1}},"line":6}},"branchMap":{},"s":{"0":0,"1":0},"f":{"0":0},"b":{}}
,"C:\\Users\\nours\\OneDrive\\Desktop\\lab_system\\frontend\\components\\ui\\Drawer.tsx": {"path":"C:\\Users\\nours\\OneDrive\\Desktop\\lab_system\\frontend\\components\\ui\\Drawer.tsx","statementMap":{"0":{"start":{"line":12,"column":2},"end":{"line":18,"column":4}},"1":{"start":{"line":21,"column":15},"end":{"line":34,"column":2}}},"fnMap":{"0":{"name":"Drawer","decl":{"start":{"line":11,"column":16},"end":{"line":11,"column":22}},"loc":{"start":{"line":11,"column":68},"end":{"line":19,"column":1}},"line":11}},"branchMap":{},"s":{"0":0,"1":0},"f":{"0":0},"b":{}}
,"C:\\Users\\nours\\OneDrive\\Desktop\\lab_system\\frontend\\components\\ui\\EmptyState.tsx": {"path":"C:\\Users\\nours\\OneDrive\\Desktop\\lab_system\\frontend\\components\\ui\\EmptyState.tsx","statementMap":{"0":{"start":{"line":11,"column":2},"end":{"line":16,"column":4}},"1":{"start":{"line":19,"column":15},"end":{"line":40,"column":2}}},"fnMap":{"0":{"name":"EmptyState","decl":{"start":{"line":10,"column":16},"end":{"line":10,"column":26}},"loc":{"start":{"line":10,"column":68},"end":{"line":17,"column":1}},"line":10}},"branchMap":{"0":{"loc":{"start":{"line":14,"column":7},"end":{"line":14,"column":81}},"type":"cond-expr","locations":[{"start":{"line":14,"column":21},"end":{"line":14,"column":74}},{"start":{"line":14,"column":77},"end":{"line":14,"column":81}}],"line":14}},"s":{"0":0,"1":0},"f":{"0":0},"b":{"0":[0,0]}}
,"C:\\Users\\nours\\OneDrive\\Desktop\\lab_system\\frontend\\components\\ui\\ExportButton.tsx": {"path":"C:\\Users\\nours\\OneDrive\\Desktop\\lab_system\\frontend\\components\\ui\\ExportButton.tsx","statementMap":{"0":{"start":{"line":11,"column":2},"end":{"line":15,"column":4}},"1":{"start":{"line":18,"column":15},"end":{"line":35,"column":2}}},"fnMap":{"0":{"name":"ExportButton","decl":{"start":{"line":10,"column":16},"end":{"line":10,"column":28}},"loc":{"start":{"line":10,"column":79},"end":{"line":16,"column":1}},"line":10}},"branchMap":{"0":{"loc":{"start":{"line":10,"column":31},"end":{"line":10,"column":47}},"type":"default-arg","locations":[{"start":{"line":10,"column":39},"end":{"line":10,"column":47}}],"line":10}},"s":{"0":0,"1":0},"f":{"0":0},"b":{"0":[0]}}
,"C:\\Users\\nours\\OneDrive\\Desktop\\lab_system\\frontend\\components\\ui\\FileUpload.tsx": {"path":"C:\\Users\\nours\\OneDrive\\Desktop\\lab_system\\frontend\\components\\ui\\FileUpload.tsx","statementMap":{"0":{"start":{"line":14,"column":19},"end":{"line":14,"column":56}},"1":{"start":{"line":15,"column":42},"end":{"line":15,"column":71}},"2":{"start":{"line":17,"column":22},"end":{"line":22,"column":3}},"3":{"start":{"line":18,"column":4},"end":{"line":20,"column":5}},"4":{"start":{"line":19,"column":6},"end":{"line":19,"column":31}},"5":{"start":{"line":21,"column":4},"end":{"line":21,"column":16}},"6":{"start":{"line":24,"column":2},"end":{"line":45,"column":4}},"7":{"start":{"line":37,"column":27},"end":{"line":37,"column":58}},"8":{"start":{"line":38,"column":14},"end":{"line":38,"column":50}},"9":{"start":{"line":39,"column":14},"end":{"line":39,"column":37}},"10":{"start":{"line":48,"column":15},"end":{"line":74,"column":2}}},"fnMap":{"0":{"name":"FileUpload","decl":{"start":{"line":13,"column":16},"end":{"line":13,"column":26}},"loc":{"start":{"line":13,"column":86},"end":{"line":46,"column":1}},"line":13},"1":{"name":"(anonymous_1)","decl":{"start":{"line":17,"column":22},"end":{"line":17,"column":23}},"loc":{"start":{"line":17,"column":28},"end":{"line":22,"column":3}},"line":17},"2":{"name":"(anonymous_2)","decl":{"start":{"line":36,"column":22},"end":{"line":36,"column":23}},"loc":{"start":{"line":36,"column":33},"end":{"line":40,"column":13}},"line":36}},"branchMap":{"0":{"loc":{"start":{"line":18,"column":4},"end":{"line":20,"column":5}},"type":"if","locations":[{"start":{"line":18,"column":4},"end":{"line":20,"column":5}},{"start":{},"end":{}}],"line":18},"1":{"loc":{"start":{"line":18,"column":8},"end":{"line":18,"column":49}},"type":"binary-expr","locations":[{"start":{"line":18,"column":8},"end":{"line":18,"column":29}},{"start":{"line":18,"column":33},"end":{"line":18,"column":49}}],"line":18},"2":{"loc":{"start":{"line":28,"column":36},"end":{"line":28,"column":59}},"type":"binary-expr","locations":[{"start":{"line":28,"column":36},"end":{"line":28,"column":48}},{"start":{"line":28,"column":52},"end":{"line":28,"column":59}}],"line":28},"3":{"loc":{"start":{"line":30,"column":7},"end":{"line":43,"column":14}},"type":"cond-expr","locations":[{"start":{"line":32,"column":10},"end":{"line":41,"column":12}},{"start":{"line":43,"column":10},"end":{"line":43,"column":14}}],"line":30},"4":{"loc":{"start":{"line":37,"column":27},"end":{"line":37,"column":58}},"type":"binary-expr","locations":[{"start":{"line":37,"column":27},"end":{"line":37,"column":50}},{"start":{"line":37,"column":54},"end":{"line":37,"column":58}}],"line":37},"5":{"loc":{"start":{"line":38,"column":30},"end":{"line":38,"column":48}},"type":"binary-expr","locations":[{"start":{"line":38,"column":30},"end":{"line":38,"column":40}},{"start":{"line":38,"column":44},"end":{"line":38,"column":48}}],"line":38}},"s":{"0":0,"1":0,"2":0,"3":0,"4":0,"5":0,"6":0,"7":0,"8":0,"9":0,"10":0},"f":{"0":0,"1":0,"2":0},"b":{"0":[0,0],"1":[0,0],"2":[0,0],"3":[0,0],"4":[0,0],"5":[0,0]}}
,"C:\\Users\\nours\\OneDrive\\Desktop\\lab_system\\frontend\\components\\ui\\FiltersBar.tsx": {"path":"C:\\Users\\nours\\OneDrive\\Desktop\\lab_system\\frontend\\components\\ui\\FiltersBar.tsx","statementMap":{"0":{"start":{"line":9,"column":2},"end":{"line":9,"column":52}},"1":{"start":{"line":12,"column":15},"end":{"line":19,"column":2}}},"fnMap":{"0":{"name":"FiltersBar","decl":{"start":{"line":8,"column":16},"end":{"line":8,"column":26}},"loc":{"start":{"line":8,"column":58},"end":{"line":10,"column":1}},"line":8}},"branchMap":{},"s":{"0":0,"1":0},"f":{"0":0},"b":{}}
,"C:\\Users\\nours\\OneDrive\\Desktop\\lab_system\\frontend\\components\\ui\\FormCard.tsx": {"path":"C:\\Users\\nours\\OneDrive\\Desktop\\lab_system\\frontend\\components\\ui\\FormCard.tsx","statementMap":{"0":{"start":{"line":12,"column":2},"end":{"line":12,"column":62}},"1":{"start":{"line":15,"column":15},"end":{"line":19,"column":2}}},"fnMap":{"0":{"name":"FormCard","decl":{"start":{"line":11,"column":16},"end":{"line":11,"column":24}},"loc":{"start":{"line":11,"column":61},"end":{"line":13,"column":1}},"line":11}},"branchMap":{},"s":{"0":0,"1":0},"f":{"0":0},"b":{}}
,"C:\\Users\\nours\\OneDrive\\Desktop\\lab_system\\frontend\\components\\ui\\InfoCard.tsx": {"path":"C:\\Users\\nours\\OneDrive\\Desktop\\lab_system\\frontend\\components\\ui\\InfoCard.tsx","statementMap":{"0":{"start":{"line":12,"column":2},"end":{"line":17,"column":4}},"1":{"start":{"line":20,"column":15},"end":{"line":37,"column":2}}},"fnMap":{"0":{"name":"InfoCard","decl":{"start":{"line":11,"column":16},"end":{"line":11,"column":24}},"loc":{"start":{"line":11,"column":58},"end":{"line":18,"column":1}},"line":11}},"branchMap":{},"s":{"0":0,"1":0},"f":{"0":0},"b":{}}
,"C:\\Users\\nours\\OneDrive\\Desktop\\lab_system\\frontend\\components\\ui\\InfoHint.tsx": {"path":"C:\\Users\\nours\\OneDrive\\Desktop\\lab_system\\frontend\\components\\ui\\InfoHint.tsx","statementMap":{"0":{"start":{"line":12,"column":32},"end":{"line":12,"column":47}},"1":{"start":{"line":14,"column":2},"end":{"line":30,"column":4}},"2":{"start":{"line":18,"column":25},"end":{"line":18,"column":41}},"3":{"start":{"line":19,"column":26},"end":{"line":19,"column":43}},"4":{"start":{"line":20,"column":23},"end":{"line":20,"column":50}},"5":{"start":{"line":20,"column":44},"end":{"line":20,"column":49}},"6":{"start":{"line":33,"column":15},"end":{"line":70,"column":2}}},"fnMap":{"0":{"name":"InfoHint","decl":{"start":{"line":11,"column":16},"end":{"line":11,"column":24}},"loc":{"start":{"line":11,"column":63},"end":{"line":31,"column":1}},"line":11},"1":{"name":"(anonymous_1)","decl":{"start":{"line":18,"column":19},"end":{"line":18,"column":20}},"loc":{"start":{"line":18,"column":25},"end":{"line":18,"column":41}},"line":18},"2":{"name":"(anonymous_2)","decl":{"start":{"line":19,"column":20},"end":{"line":19,"column":21}},"loc":{"start":{"line":19,"column":26},"end":{"line":19,"column":43}},"line":19},"3":{"name":"(anonymous_3)","decl":{"start":{"line":20,"column":17},"end":{"line":20,"column":18}},"loc":{"start":{"line":20,"column":23},"end":{"line":20,"column":50}},"line":20},"4":{"name":"(anonymous_4)","decl":{"start":{"line":20,"column":34},"end":{"line":20,"column":35}},"loc":{"start":{"line":20,"column":44},"end":{"line":20,"column":49}},"line":20}},"branchMap":{"0":{"loc":{"start":{"line":11,"column":33},"end":{"line":11,"column":44}},"type":"default-arg","locations":[{"start":{"line":11,"column":41},"end":{"line":11,"column":44}}],"line":11},"1":{"loc":{"start":{"line":24,"column":7},"end":{"line":28,"column":14}},"type":"cond-expr","locations":[{"start":{"line":25,"column":8},"end":{"line":27,"column":15}},{"start":{"line":28,"column":10},"end":{"line":28,"column":14}}],"line":24}},"s":{"0":0,"1":0,"2":0,"3":0,"4":0,"5":0,"6":0},"f":{"0":0,"1":0,"2":0,"3":0,"4":0},"b":{"0":[0],"1":[0,0]}}
,"C:\\Users\\nours\\OneDrive\\Desktop\\lab_system\\frontend\\components\\ui\\InventoryTable.tsx": {"path":"C:\\Users\\nours\\OneDrive\\Desktop\\lab_system\\frontend\\components\\ui\\InventoryTable.tsx","statementMap":{"0":{"start":{"line":5,"column":2},"end":{"line":15,"column":4}}},"fnMap":{"0":{"name":"InventoryTable","decl":{"start":{"line":4,"column":16},"end":{"line":4,"column":30}},"loc":{"start":{"line":4,"column":33},"end":{"line":16,"column":1}},"line":4}},"branchMap":{},"s":{"0":0},"f":{"0":0},"b":{}}
,"C:\\Users\\nours\\OneDrive\\Desktop\\lab_system\\frontend\\components\\ui\\LabHistoryTable.tsx": {"path":"C:\\Users\\nours\\OneDrive\\Desktop\\lab_system\\frontend\\components\\ui\\LabHistoryTable.tsx","statementMap":{"0":{"start":{"line":5,"column":2},"end":{"line":14,"column":4}}},"fnMap":{"0":{"name":"LabHistoryTable","decl":{"start":{"line":4,"column":16},"end":{"line":4,"column":31}},"loc":{"start":{"line":4,"column":34},"end":{"line":15,"column":1}},"line":4}},"branchMap":{},"s":{"0":0},"f":{"0":0},"b":{}}
,"C:\\Users\\nours\\OneDrive\\Desktop\\lab_system\\frontend\\components\\ui\\LoadingState.tsx": {"path":"C:\\Users\\nours\\OneDrive\\Desktop\\lab_system\\frontend\\components\\ui\\LoadingState.tsx","statementMap":{"0":{"start":{"line":10,"column":2},"end":{"line":15,"column":4}},"1":{"start":{"line":18,"column":15},"end":{"line":28,"column":2}}},"fnMap":{"0":{"name":"LoadingState","decl":{"start":{"line":9,"column":16},"end":{"line":9,"column":28}},"loc":{"start":{"line":9,"column":76},"end":{"line":16,"column":1}},"line":9}},"branchMap":{"0":{"loc":{"start":{"line":9,"column":31},"end":{"line":9,"column":53}},"type":"default-arg","locations":[{"start":{"line":9,"column":39},"end":{"line":9,"column":53}}],"line":9}},"s":{"0":0,"1":0},"f":{"0":0},"b":{"0":[0]}}
,"C:\\Users\\nours\\OneDrive\\Desktop\\lab_system\\frontend\\components\\ui\\PageHeader.tsx": {"path":"C:\\Users\\nours\\OneDrive\\Desktop\\lab_system\\frontend\\components\\ui\\PageHeader.tsx","statementMap":{"0":{"start":{"line":13,"column":2},"end":{"line":23,"column":4}},"1":{"start":{"line":26,"column":15},"end":{"line":56,"column":2}}},"fnMap":{"0":{"name":"PageHeader","decl":{"start":{"line":12,"column":16},"end":{"line":12,"column":26}},"loc":{"start":{"line":12,"column":73},"end":{"line":24,"column":1}},"line":12}},"branchMap":{"0":{"loc":{"start":{"line":18,"column":11},"end":{"line":18,"column":76}},"type":"cond-expr","locations":[{"start":{"line":18,"column":22},"end":{"line":18,"column":69}},{"start":{"line":18,"column":72},"end":{"line":18,"column":76}}],"line":18},"1":{"loc":{"start":{"line":20,"column":9},"end":{"line":20,"column":68}},"type":"cond-expr","locations":[{"start":{"line":20,"column":18},"end":{"line":20,"column":61}},{"start":{"line":20,"column":64},"end":{"line":20,"column":68}}],"line":20}},"s":{"0":0,"1":0},"f":{"0":0},"b":{"0":[0,0],"1":[0,0]}}
,"C:\\Users\\nours\\OneDrive\\Desktop\\lab_system\\frontend\\components\\ui\\Pagination.tsx": {"path":"C:\\Users\\nours\\OneDrive\\Desktop\\lab_system\\frontend\\components\\ui\\Pagination.tsx","statementMap":{"0":{"start":{"line":13,"column":2},"end":{"line":23,"column":4}},"1":{"start":{"line":26,"column":15},"end":{"line":50,"column":2}}},"fnMap":{"0":{"name":"Pagination","decl":{"start":{"line":12,"column":16},"end":{"line":12,"column":26}},"loc":{"start":{"line":12,"column":80},"end":{"line":24,"column":1}},"line":12}},"branchMap":{},"s":{"0":0,"1":0},"f":{"0":0},"b":{}}
,"C:\\Users\\nours\\OneDrive\\Desktop\\lab_system\\frontend\\components\\ui\\PasswordField.tsx": {"path":"C:\\Users\\nours\\OneDrive\\Desktop\\lab_system\\frontend\\components\\ui\\PasswordField.tsx","statementMap":{"0":{"start":{"line":16,"column":2},"end":{"line":24,"column":4}}},"fnMap":{"0":{"name":"PasswordField","decl":{"start":{"line":10,"column":16},"end":{"line":10,"column":29}},"loc":{"start":{"line":15,"column":23},"end":{"line":25,"column":1}},"line":15}},"branchMap":{"0":{"loc":{"start":{"line":11,"column":2},"end":{"line":11,"column":20}},"type":"default-arg","locations":[{"start":{"line":11,"column":10},"end":{"line":11,"column":20}}],"line":11},"1":{"loc":{"start":{"line":12,"column":2},"end":{"line":12,"column":37}},"type":"default-arg","locations":[{"start":{"line":12,"column":16},"end":{"line":12,"column":37}}],"line":12}},"s":{"0":0},"f":{"0":0},"b":{"0":[0],"1":[0]}}
,"C:\\Users\\nours\\OneDrive\\Desktop\\lab_system\\frontend\\components\\ui\\PatientQuickSearch.tsx": {"path":"C:\\Users\\nours\\OneDrive\\Desktop\\lab_system\\frontend\\components\\ui\\PatientQuickSearch.tsx","statementMap":{"0":{"start":{"line":8,"column":2},"end":{"line":13,"column":4}},"1":{"start":{"line":16,"column":15},"end":{"line":25,"column":2}}},"fnMap":{"0":{"name":"PatientQuickSearch","decl":{"start":{"line":7,"column":16},"end":{"line":7,"column":34}},"loc":{"start":{"line":7,"column":37},"end":{"line":14,"column":1}},"line":7}},"branchMap":{},"s":{"0":0,"1":0},"f":{"0":0},"b":{}}
,"C:\\Users\\nours\\OneDrive\\Desktop\\lab_system\\frontend\\components\\ui\\PendingResultsTable.tsx": {"path":"C:\\Users\\nours\\OneDrive\\Desktop\\lab_system\\frontend\\components\\ui\\PendingResultsTable.tsx","statementMap":{"0":{"start":{"line":5,"column":2},"end":{"line":14,"column":4}}},"fnMap":{"0":{"name":"PendingResultsTable","decl":{"start":{"line":4,"column":16},"end":{"line":4,"column":35}},"loc":{"start":{"line":4,"column":38},"end":{"line":15,"column":1}},"line":4}},"branchMap":{},"s":{"0":0},"f":{"0":0},"b":{}}
,"C:\\Users\\nours\\OneDrive\\Desktop\\lab_system\\frontend\\components\\ui\\PrimaryButton.tsx": {"path":"C:\\Users\\nours\\OneDrive\\Desktop\\lab_system\\frontend\\components\\ui\\PrimaryButton.tsx","statementMap":{"0":{"start":{"line":13,"column":2},"end":{"line":26,"column":4}},"1":{"start":{"line":17,"column":30},"end":{"line":22,"column":7}},"2":{"start":{"line":29,"column":15},"end":{"line":58,"column":2}}},"fnMap":{"0":{"name":"PrimaryButton","decl":{"start":{"line":12,"column":16},"end":{"line":12,"column":29}},"loc":{"start":{"line":12,"column":98},"end":{"line":27,"column":1}},"line":12},"1":{"name":"(anonymous_1)","decl":{"start":{"line":17,"column":13},"end":{"line":17,"column":14}},"loc":{"start":{"line":17,"column":30},"end":{"line":22,"column":7}},"line":17}},"branchMap":{"0":{"loc":{"start":{"line":12,"column":58},"end":{"line":12,"column":74}},"type":"default-arg","locations":[{"start":{"line":12,"column":65},"end":{"line":12,"column":74}}],"line":12},"1":{"loc":{"start":{"line":19,"column":8},"end":{"line":19,"column":42}},"type":"binary-expr","locations":[{"start":{"line":19,"column":8},"end":{"line":19,"column":23}},{"start":{"line":19,"column":27},"end":{"line":19,"column":42}}],"line":19},"2":{"loc":{"start":{"line":20,"column":8},"end":{"line":20,"column":33}},"type":"binary-expr","locations":[{"start":{"line":20,"column":8},"end":{"line":20,"column":15}},{"start":{"line":20,"column":19},"end":{"line":20,"column":33}}],"line":20},"3":{"loc":{"start":{"line":21,"column":8},"end":{"line":21,"column":35}},"type":"binary-expr","locations":[{"start":{"line":21,"column":8},"end":{"line":21,"column":16}},{"start":{"line":21,"column":20},"end":{"line":21,"column":35}}],"line":21}},"s":{"0":0,"1":0,"2":0},"f":{"0":0,"1":0},"b":{"0":[0],"1":[0,0],"2":[0,0],"3":[0,0]}}
,"C:\\Users\\nours\\OneDrive\\Desktop\\lab_system\\frontend\\components\\ui\\ProfileHeader.tsx": {"path":"C:\\Users\\nours\\OneDrive\\Desktop\\lab_system\\frontend\\components\\ui\\ProfileHeader.tsx","statementMap":{"0":{"start":{"line":6,"column":2},"end":{"line":11,"column":4}},"1":{"start":{"line":14,"column":15},"end":{"line":28,"column":2}}},"fnMap":{"0":{"name":"ProfileHeader","decl":{"start":{"line":5,"column":16},"end":{"line":5,"column":29}},"loc":{"start":{"line":5,"column":32},"end":{"line":12,"column":1}},"line":5}},"branchMap":{},"s":{"0":0,"1":0},"f":{"0":0},"b":{}}
,"C:\\Users\\nours\\OneDrive\\Desktop\\lab_system\\frontend\\components\\ui\\ReportCard.tsx": {"path":"C:\\Users\\nours\\OneDrive\\Desktop\\lab_system\\frontend\\components\\ui\\ReportCard.tsx","statementMap":{"0":{"start":{"line":13,"column":2},"end":{"line":20,"column":4}},"1":{"start":{"line":23,"column":15},"end":{"line":41,"column":2}}},"fnMap":{"0":{"name":"ReportCard","decl":{"start":{"line":12,"column":16},"end":{"line":12,"column":26}},"loc":{"start":{"line":12,"column":77},"end":{"line":21,"column":1}},"line":12}},"branchMap":{},"s":{"0":0,"1":0},"f":{"0":0},"b":{}}
,"C:\\Users\\nours\\OneDrive\\Desktop\\lab_system\\frontend\\components\\ui\\ReportsGrid.tsx": {"path":"C:\\Users\\nours\\OneDrive\\Desktop\\lab_system\\frontend\\components\\ui\\ReportsGrid.tsx","statementMap":{"0":{"start":{"line":9,"column":2},"end":{"line":9,"column":53}},"1":{"start":{"line":12,"column":15},"end":{"line":18,"column":2}}},"fnMap":{"0":{"name":"ReportsGrid","decl":{"start":{"line":8,"column":16},"end":{"line":8,"column":27}},"loc":{"start":{"line":8,"column":60},"end":{"line":10,"column":1}},"line":8}},"branchMap":{},"s":{"0":0,"1":0},"f":{"0":0},"b":{}}
,"C:\\Users\\nours\\OneDrive\\Desktop\\lab_system\\frontend\\components\\ui\\ResultsViewer.tsx": {"path":"C:\\Users\\nours\\OneDrive\\Desktop\\lab_system\\frontend\\components\\ui\\ResultsViewer.tsx","statementMap":{"0":{"start":{"line":6,"column":2},"end":{"line":11,"column":4}},"1":{"start":{"line":14,"column":15},"end":{"line":33,"column":2}}},"fnMap":{"0":{"name":"ResultsViewer","decl":{"start":{"line":5,"column":16},"end":{"line":5,"column":29}},"loc":{"start":{"line":5,"column":32},"end":{"line":12,"column":1}},"line":5}},"branchMap":{},"s":{"0":0,"1":0},"f":{"0":0},"b":{}}
,"C:\\Users\\nours\\OneDrive\\Desktop\\lab_system\\frontend\\components\\ui\\ScanHistoryTable.tsx": {"path":"C:\\Users\\nours\\OneDrive\\Desktop\\lab_system\\frontend\\components\\ui\\ScanHistoryTable.tsx","statementMap":{"0":{"start":{"line":5,"column":2},"end":{"line":14,"column":4}}},"fnMap":{"0":{"name":"ScanHistoryTable","decl":{"start":{"line":4,"column":16},"end":{"line":4,"column":32}},"loc":{"start":{"line":4,"column":35},"end":{"line":15,"column":1}},"line":4}},"branchMap":{},"s":{"0":0},"f":{"0":0},"b":{}}
,"C:\\Users\\nours\\OneDrive\\Desktop\\lab_system\\frontend\\components\\ui\\SearchInput.tsx": {"path":"C:\\Users\\nours\\OneDrive\\Desktop\\lab_system\\frontend\\components\\ui\\SearchInput.tsx","statementMap":{"0":{"start":{"line":15,"column":40},"end":{"line":15,"column":55}},"1":{"start":{"line":16,"column":38},"end":{"line":16,"column":50}},"2":{"start":{"line":17,"column":16},"end":{"line":17,"column":53}},"3":{"start":{"line":18,"column":22},"end":{"line":18,"column":55}},"4":{"start":{"line":19,"column":25},"end":{"line":19,"column":42}},"5":{"start":{"line":20,"column":20},"end":{"line":20,"column":52}},"6":{"start":{"line":21,"column":25},"end":{"line":21,"column":75}},"7":{"start":{"line":22,"column":28},"end":{"line":22,"column":38}},"8":{"start":{"line":23,"column":24},"end":{"line":23,"column":44}},"9":{"start":{"line":24,"column":28},"end":{"line":24,"column":37}},"10":{"start":{"line":26,"column":19},"end":{"line":47,"column":3}},"11":{"start":{"line":27,"column":4},"end":{"line":27,"column":38}},"12":{"start":{"line":27,"column":31},"end":{"line":27,"column":38}},"13":{"start":{"line":28,"column":4},"end":{"line":46,"column":5}},"14":{"start":{"line":29,"column":23},"end":{"line":29,"column":89}},"15":{"start":{"line":30,"column":6},"end":{"line":30,"column":28}},"16":{"start":{"line":30,"column":21},"end":{"line":30,"column":28}},"17":{"start":{"line":31,"column":6},"end":{"line":33,"column":7}},"18":{"start":{"line":32,"column":8},"end":{"line":32,"column":45}},"19":{"start":{"line":34,"column":18},"end":{"line":34,"column":38}},"20":{"start":{"line":35,"column":18},"end":{"line":35,"column":40}},"21":{"start":{"line":36,"column":19},"end":{"line":36,"column":35}},"22":{"start":{"line":37,"column":6},"end":{"line":37,"column":24}},"23":{"start":{"line":38,"column":6},"end":{"line":38,"column":38}},"24":{"start":{"line":39,"column":6},"end":{"line":39,"column":29}},"25":{"start":{"line":40,"column":6},"end":{"line":40,"column":24}},"26":{"start":{"line":41,"column":6},"end":{"line":41,"column":36}},"27":{"start":{"line":42,"column":6},"end":{"line":42,"column":18}},"28":{"start":{"line":43,"column":6},"end":{"line":43,"column":43}},"29":{"start":{"line":49,"column":2},"end":{"line":63,"column":27}},"30":{"start":{"line":50,"column":4},"end":{"line":54,"column":5}},"31":{"start":{"line":51,"column":6},"end":{"line":51,"column":28}},"32":{"start":{"line":52,"column":6},"end":{"line":52,"column":24}},"33":{"start":{"line":53,"column":6},"end":{"line":53,"column":13}},"34":{"start":{"line":55,"column":17},"end":{"line":60,"column":5}},"35":{"start":{"line":61,"column":4},"end":{"line":61,"column":17}},"36":{"start":{"line":62,"column":4},"end":{"line":62,"column":29}},"37":{"start":{"line":62,"column":17},"end":{"line":62,"column":28}},"38":{"start":{"line":65,"column":32},"end":{"line":149,"column":3}},"39":{"start":{"line":66,"column":24},"end":{"line":66,"column":51}},"40":{"start":{"line":67,"column":4},"end":{"line":67,"column":41}},"41":{"start":{"line":68,"column":4},"end":{"line":68,"column":28}},"42":{"start":{"line":69,"column":4},"end":{"line":69,"column":38}},"43":{"start":{"line":70,"column":4},"end":{"line":70,"column":36}},"44":{"start":{"line":71,"column":4},"end":{"line":71,"column":34}},"45":{"start":{"line":72,"column":29},"end":{"line":77,"column":5}},"46":{"start":{"line":73,"column":6},"end":{"line":73,"column":71}},"47":{"start":{"line":73,"column":34},"end":{"line":73,"column":71}},"48":{"start":{"line":74,"column":6},"end":{"line":76,"column":15}},"49":{"start":{"line":75,"column":8},"end":{"line":75,"column":41}},"50":{"start":{"line":78,"column":4},"end":{"line":83,"column":6}},"51":{"start":{"line":79,"column":6},"end":{"line":79,"column":24}},"52":{"start":{"line":80,"column":6},"end":{"line":80,"column":27}},"53":{"start":{"line":81,"column":6},"end":{"line":81,"column":20}},"54":{"start":{"line":82,"column":6},"end":{"line":82,"column":25}},"55":{"start":{"line":84,"column":4},"end":{"line":97,"column":6}},"56":{"start":{"line":85,"column":6},"end":{"line":88,"column":7}},"57":{"start":{"line":86,"column":8},"end":{"line":86,"column":45}},"58":{"start":{"line":87,"column":8},"end":{"line":87,"column":38}},"59":{"start":{"line":89,"column":6},"end":{"line":89,"column":70}},"60":{"start":{"line":89,"column":56},"end":{"line":89,"column":68}},"61":{"start":{"line":90,"column":6},"end":{"line":90,"column":31}},"62":{"start":{"line":91,"column":6},"end":{"line":91,"column":28}},"63":{"start":{"line":92,"column":6},"end":{"line":92,"column":20}},"64":{"start":{"line":93,"column":6},"end":{"line":93,"column":36}},"65":{"start":{"line":94,"column":6},"end":{"line":96,"column":7}},"66":{"start":{"line":95,"column":8},"end":{"line":95,"column":75}},"67":{"start":{"line":98,"column":4},"end":{"line":131,"column":6}},"68":{"start":{"line":99,"column":20},"end":{"line":99,"column":32}},"69":{"start":{"line":100,"column":6},"end":{"line":111,"column":7}},"70":{"start":{"line":101,"column":8},"end":{"line":101,"column":39}},"71":{"start":{"line":102,"column":25},"end":{"line":102,"column":73}},"72":{"start":{"line":103,"column":8},"end":{"line":103,"column":54}},"73":{"start":{"line":104,"column":8},"end":{"line":108,"column":9}},"74":{"start":{"line":105,"column":10},"end":{"line":105,"column":29}},"75":{"start":{"line":109,"column":8},"end":{"line":109,"column":86}},"76":{"start":{"line":109,"column":25},"end":{"line":109,"column":79}},"77":{"start":{"line":110,"column":8},"end":{"line":110,"column":15}},"78":{"start":{"line":112,"column":6},"end":{"line":115,"column":7}},"79":{"start":{"line":113,"column":8},"end":{"line":113,"column":45}},"80":{"start":{"line":114,"column":8},"end":{"line":114,"column":38}},"81":{"start":{"line":116,"column":6},"end":{"line":116,"column":70}},"82":{"start":{"line":116,"column":56},"end":{"line":116,"column":68}},"83":{"start":{"line":117,"column":6},"end":{"line":117,"column":31}},"84":{"start":{"line":118,"column":6},"end":{"line":118,"column":28}},"85":{"start":{"line":119,"column":6},"end":{"line":119,"column":36}},"86":{"start":{"line":120,"column":6},"end":{"line":130,"column":7}},"87":{"start":{"line":121,"column":8},"end":{"line":121,"column":81}},"88":{"start":{"line":122,"column":13},"end":{"line":130,"column":7}},"89":{"start":{"line":123,"column":8},"end":{"line":123,"column":46}},"90":{"start":{"line":124,"column":13},"end":{"line":130,"column":7}},"91":{"start":{"line":125,"column":8},"end":{"line":125,"column":74}},"92":{"start":{"line":126,"column":13},"end":{"line":130,"column":7}},"93":{"start":{"line":127,"column":8},"end":{"line":127,"column":55}},"94":{"start":{"line":129,"column":8},"end":{"line":129,"column":57}},"95":{"start":{"line":132,"column":4},"end":{"line":141,"column":6}},"96":{"start":{"line":133,"column":24},"end":{"line":133,"column":77}},"97":{"start":{"line":134,"column":25},"end":{"line":134,"column":85}},"98":{"start":{"line":135,"column":6},"end":{"line":140,"column":7}},"99":{"start":{"line":136,"column":8},"end":{"line":136,"column":47}},"100":{"start":{"line":137,"column":8},"end":{"line":137,"column":26}},"101":{"start":{"line":138,"column":8},"end":{"line":138,"column":35}},"102":{"start":{"line":139,"column":8},"end":{"line":139,"column":27}},"103":{"start":{"line":142,"column":4},"end":{"line":148,"column":5}},"104":{"start":{"line":143,"column":6},"end":{"line":143,"column":26}},"105":{"start":{"line":145,"column":6},"end":{"line":145,"column":28}},"106":{"start":{"line":146,"column":6},"end":{"line":146,"column":36}},"107":{"start":{"line":147,"column":6},"end":{"line":147,"column":69}},"108":{"start":{"line":151,"column":22},"end":{"line":185,"column":3}},"109":{"start":{"line":152,"column":4},"end":{"line":152,"column":38}},"110":{"start":{"line":152,"column":31},"end":{"line":152,"column":38}},"111":{"start":{"line":153,"column":4},"end":{"line":156,"column":5}},"112":{"start":{"line":154,"column":6},"end":{"line":154,"column":62}},"113":{"start":{"line":155,"column":6},"end":{"line":155,"column":13}},"114":{"start":{"line":157,"column":4},"end":{"line":160,"column":5}},"115":{"start":{"line":158,"column":6},"end":{"line":158,"column":39}},"116":{"start":{"line":159,"column":6},"end":{"line":159,"column":13}},"117":{"start":{"line":162,"column":6},"end":{"line":162,"column":82}},"118":{"start":{"line":163,"column":4},"end":{"line":166,"column":5}},"119":{"start":{"line":164,"column":6},"end":{"line":164,"column":67}},"120":{"start":{"line":165,"column":6},"end":{"line":165,"column":13}},"121":{"start":{"line":167,"column":4},"end":{"line":179,"column":5}},"122":{"start":{"line":168,"column":6},"end":{"line":168,"column":70}},"123":{"start":{"line":168,"column":56},"end":{"line":168,"column":68}},"124":{"start":{"line":169,"column":6},"end":{"line":175,"column":9}},"125":{"start":{"line":177,"column":6},"end":{"line":177,"column":105}},"126":{"start":{"line":178,"column":6},"end":{"line":178,"column":13}},"127":{"start":{"line":180,"column":4},"end":{"line":180,"column":35}},"128":{"start":{"line":181,"column":18},"end":{"line":181,"column":88}},"129":{"start":{"line":182,"column":4},"end":{"line":182,"column":34}},"130":{"start":{"line":183,"column":4},"end":{"line":183,"column":34}},"131":{"start":{"line":184,"column":4},"end":{"line":184,"column":55}},"132":{"start":{"line":187,"column":2},"end":{"line":224,"column":4}},"133":{"start":{"line":197,"column":34},"end":{"line":197,"column":52}},"134":{"start":{"line":227,"column":15},"end":{"line":301,"column":2}}},"fnMap":{"0":{"name":"SearchInput","decl":{"start":{"line":14,"column":16},"end":{"line":14,"column":27}},"loc":{"start":{"line":14,"column":97},"end":{"line":225,"column":1}},"line":14},"1":{"name":"(anonymous_1)","decl":{"start":{"line":26,"column":19},"end":{"line":26,"column":20}},"loc":{"start":{"line":26,"column":59},"end":{"line":47,"column":3}},"line":26},"2":{"name":"(anonymous_2)","decl":{"start":{"line":49,"column":12},"end":{"line":49,"column":13}},"loc":{"start":{"line":49,"column":18},"end":{"line":63,"column":3}},"line":49},"3":{"name":"(anonymous_3)","decl":{"start":{"line":62,"column":11},"end":{"line":62,"column":12}},"loc":{"start":{"line":62,"column":17},"end":{"line":62,"column":28}},"line":62},"4":{"name":"(anonymous_4)","decl":{"start":{"line":65,"column":32},"end":{"line":65,"column":33}},"loc":{"start":{"line":65,"column":78},"end":{"line":149,"column":3}},"line":65},"5":{"name":"(anonymous_5)","decl":{"start":{"line":72,"column":29},"end":{"line":72,"column":30}},"loc":{"start":{"line":72,"column":35},"end":{"line":77,"column":5}},"line":72},"6":{"name":"(anonymous_6)","decl":{"start":{"line":74,"column":42},"end":{"line":74,"column":43}},"loc":{"start":{"line":74,"column":48},"end":{"line":76,"column":7}},"line":74},"7":{"name":"(anonymous_7)","decl":{"start":{"line":78,"column":26},"end":{"line":78,"column":27}},"loc":{"start":{"line":78,"column":32},"end":{"line":83,"column":5}},"line":78},"8":{"name":"(anonymous_8)","decl":{"start":{"line":84,"column":24},"end":{"line":84,"column":25}},"loc":{"start":{"line":84,"column":30},"end":{"line":97,"column":5}},"line":84},"9":{"name":"(anonymous_9)","decl":{"start":{"line":89,"column":45},"end":{"line":89,"column":46}},"loc":{"start":{"line":89,"column":56},"end":{"line":89,"column":68}},"line":89},"10":{"name":"(anonymous_10)","decl":{"start":{"line":98,"column":26},"end":{"line":98,"column":27}},"loc":{"start":{"line":98,"column":42},"end":{"line":131,"column":5}},"line":98},"11":{"name":"(anonymous_11)","decl":{"start":{"line":109,"column":19},"end":{"line":109,"column":20}},"loc":{"start":{"line":109,"column":25},"end":{"line":109,"column":79}},"line":109},"12":{"name":"(anonymous_12)","decl":{"start":{"line":116,"column":45},"end":{"line":116,"column":46}},"loc":{"start":{"line":116,"column":56},"end":{"line":116,"column":68}},"line":116},"13":{"name":"(anonymous_13)","decl":{"start":{"line":132,"column":27},"end":{"line":132,"column":28}},"loc":{"start":{"line":132,"column":43},"end":{"line":141,"column":5}},"line":132},"14":{"name":"(anonymous_14)","decl":{"start":{"line":151,"column":22},"end":{"line":151,"column":23}},"loc":{"start":{"line":151,"column":34},"end":{"line":185,"column":3}},"line":151},"15":{"name":"(anonymous_15)","decl":{"start":{"line":168,"column":45},"end":{"line":168,"column":46}},"loc":{"start":{"line":168,"column":56},"end":{"line":168,"column":68}},"line":168},"16":{"name":"(anonymous_16)","decl":{"start":{"line":197,"column":28},"end":{"line":197,"column":29}},"loc":{"start":{"line":197,"column":34},"end":{"line":197,"column":52}},"line":197}},"branchMap":{"0":{"loc":{"start":{"line":26,"column":39},"end":{"line":26,"column":54}},"type":"default-arg","locations":[{"start":{"line":26,"column":50},"end":{"line":26,"column":54}}],"line":26},"1":{"loc":{"start":{"line":27,"column":4},"end":{"line":27,"column":38}},"type":"if","locations":[{"start":{"line":27,"column":4},"end":{"line":27,"column":38}},{"start":{},"end":{}}],"line":27},"2":{"loc":{"start":{"line":29,"column":23},"end":{"line":29,"column":89}},"type":"binary-expr","locations":[{"start":{"line":29,"column":23},"end":{"line":29,"column":51}},{"start":{"line":29,"column":55},"end":{"line":29,"column":89}}],"line":29},"3":{"loc":{"start":{"line":30,"column":6},"end":{"line":30,"column":28}},"type":"if","locations":[{"start":{"line":30,"column":6},"end":{"line":30,"column":28}},{"start":{},"end":{}}],"line":30},"4":{"loc":{"start":{"line":31,"column":6},"end":{"line":33,"column":7}},"type":"if","locations":[{"start":{"line":31,"column":6},"end":{"line":33,"column":7}},{"start":{},"end":{}}],"line":31},"5":{"loc":{"start":{"line":50,"column":4},"end":{"line":54,"column":5}},"type":"if","locations":[{"start":{"line":50,"column":4},"end":{"line":54,"column":5}},{"start":{},"end":{}}],"line":50},"6":{"loc":{"start":{"line":73,"column":6},"end":{"line":73,"column":71}},"type":"if","locations":[{"start":{"line":73,"column":6},"end":{"line":73,"column":71}},{"start":{},"end":{}}],"line":73},"7":{"loc":{"start":{"line":85,"column":6},"end":{"line":88,"column":7}},"type":"if","locations":[{"start":{"line":85,"column":6},"end":{"line":88,"column":7}},{"start":{},"end":{}}],"line":85},"8":{"loc":{"start":{"line":94,"column":6},"end":{"line":96,"column":7}},"type":"if","locations":[{"start":{"line":94,"column":6},"end":{"line":96,"column":7}},{"start":{},"end":{}}],"line":94},"9":{"loc":{"start":{"line":100,"column":6},"end":{"line":111,"column":7}},"type":"if","locations":[{"start":{"line":100,"column":6},"end":{"line":111,"column":7}},{"start":{},"end":{}}],"line":100},"10":{"loc":{"start":{"line":100,"column":10},"end":{"line":100,"column":95}},"type":"binary-expr","locations":[{"start":{"line":100,"column":10},"end":{"line":100,"column":31}},{"start":{"line":100,"column":35},"end":{"line":100,"column":95}}],"line":100},"11":{"loc":{"start":{"line":112,"column":6},"end":{"line":115,"column":7}},"type":"if","locations":[{"start":{"line":112,"column":6},"end":{"line":115,"column":7}},{"start":{},"end":{}}],"line":112},"12":{"loc":{"start":{"line":120,"column":6},"end":{"line":130,"column":7}},"type":"if","locations":[{"start":{"line":120,"column":6},"end":{"line":130,"column":7}},{"start":{"line":122,"column":13},"end":{"line":130,"column":7}}],"line":120},"13":{"loc":{"start":{"line":122,"column":13},"end":{"line":130,"column":7}},"type":"if","locations":[{"start":{"line":122,"column":13},"end":{"line":130,"column":7}},{"start":{"line":124,"column":13},"end":{"line":130,"column":7}}],"line":122},"14":{"loc":{"start":{"line":124,"column":13},"end":{"line":130,"column":7}},"type":"if","locations":[{"start":{"line":124,"column":13},"end":{"line":130,"column":7}},{"start":{"line":126,"column":13},"end":{"line":130,"column":7}}],"line":124},"15":{"loc":{"start":{"line":126,"column":13},"end":{"line":130,"column":7}},"type":"if","locations":[{"start":{"line":126,"column":13},"end":{"line":130,"column":7}},{"start":{"line":128,"column":13},"end":{"line":130,"column":7}}],"line":126},"16":{"loc":{"start":{"line":133,"column":24},"end":{"line":133,"column":77}},"type":"cond-expr","locations":[{"start":{"line":133,"column":49},"end":{"line":133,"column":73}},{"start":{"line":133,"column":76},"end":{"line":133,"column":77}}],"line":133},"17":{"loc":{"start":{"line":134,"column":25},"end":{"line":134,"column":85}},"type":"binary-expr","locations":[{"start":{"line":134,"column":25},"end":{"line":134,"column":79}},{"start":{"line":134,"column":83},"end":{"line":134,"column":85}}],"line":134},"18":{"loc":{"start":{"line":135,"column":6},"end":{"line":140,"column":7}},"type":"if","locations":[{"start":{"line":135,"column":6},"end":{"line":140,"column":7}},{"start":{},"end":{}}],"line":135},"19":{"loc":{"start":{"line":152,"column":4},"end":{"line":152,"column":38}},"type":"if","locations":[{"start":{"line":152,"column":4},"end":{"line":152,"column":38}},{"start":{},"end":{}}],"line":152},"20":{"loc":{"start":{"line":153,"column":4},"end":{"line":156,"column":5}},"type":"if","locations":[{"start":{"line":153,"column":4},"end":{"line":156,"column":5}},{"start":{},"end":{}}],"line":153},"21":{"loc":{"start":{"line":157,"column":4},"end":{"line":160,"column":5}},"type":"if","locations":[{"start":{"line":157,"column":4},"end":{"line":160,"column":5}},{"start":{},"end":{}}],"line":157},"22":{"loc":{"start":{"line":162,"column":6},"end":{"line":162,"column":82}},"type":"binary-expr","locations":[{"start":{"line":162,"column":6},"end":{"line":162,"column":39}},{"start":{"line":162,"column":43},"end":{"line":162,"column":82}}],"line":162},"23":{"loc":{"start":{"line":163,"column":4},"end":{"line":166,"column":5}},"type":"if","locations":[{"start":{"line":163,"column":4},"end":{"line":166,"column":5}},{"start":{},"end":{}}],"line":163},"24":{"loc":{"start":{"line":181,"column":38},"end":{"line":181,"column":67}},"type":"binary-expr","locations":[{"start":{"line":181,"column":38},"end":{"line":181,"column":56}},{"start":{"line":181,"column":60},"end":{"line":181,"column":67}}],"line":181},"25":{"loc":{"start":{"line":190,"column":21},"end":{"line":190,"column":44}},"type":"binary-expr","locations":[{"start":{"line":190,"column":21},"end":{"line":190,"column":32}},{"start":{"line":190,"column":36},"end":{"line":190,"column":44}}],"line":190},"26":{"loc":{"start":{"line":196,"column":7},"end":{"line":200,"column":14}},"type":"cond-expr","locations":[{"start":{"line":197,"column":8},"end":{"line":199,"column":20}},{"start":{"line":200,"column":10},"end":{"line":200,"column":14}}],"line":196},"27":{"loc":{"start":{"line":201,"column":7},"end":{"line":220,"column":14}},"type":"cond-expr","locations":[{"start":{"line":202,"column":8},"end":{"line":219,"column":20}},{"start":{"line":220,"column":10},"end":{"line":220,"column":14}}],"line":201},"28":{"loc":{"start":{"line":201,"column":7},"end":{"line":201,"column":43}},"type":"binary-expr","locations":[{"start":{"line":201,"column":7},"end":{"line":201,"column":18}},{"start":{"line":201,"column":22},"end":{"line":201,"column":43}}],"line":201},"29":{"loc":{"start":{"line":202,"column":69},"end":{"line":202,"column":108}},"type":"binary-expr","locations":[{"start":{"line":202,"column":69},"end":{"line":202,"column":80}},{"start":{"line":202,"column":84},"end":{"line":202,"column":108}}],"line":202},"30":{"loc":{"start":{"line":203,"column":11},"end":{"line":217,"column":18}},"type":"cond-expr","locations":[{"start":{"line":204,"column":12},"end":{"line":216,"column":14}},{"start":{"line":217,"column":14},"end":{"line":217,"column":18}}],"line":203},"31":{"loc":{"start":{"line":218,"column":48},"end":{"line":218,"column":83}},"type":"cond-expr","locations":[{"start":{"line":218,"column":62},"end":{"line":218,"column":71}},{"start":{"line":218,"column":74},"end":{"line":218,"column":83}}],"line":218},"32":{"loc":{"start":{"line":221,"column":7},"end":{"line":221,"column":81}},"type":"cond-expr","locations":[{"start":{"line":221,"column":21},"end":{"line":221,"column":74}},{"start":{"line":221,"column":77},"end":{"line":221,"column":81}}],"line":221},"33":{"loc":{"start":{"line":222,"column":7},"end":{"line":222,"column":78}},"type":"cond-expr","locations":[{"start":{"line":222,"column":20},"end":{"line":222,"column":71}},{"start":{"line":222,"column":74},"end":{"line":222,"column":78}}],"line":222}},"s":{"0":0,"1":0,"2":0,"3":0,"4":0,"5":0,"6":0,"7":0,"8":0,"9":0,"10":0,"11":0,"12":0,"13":0,"14":0,"15":0,"16":0,"17":0,"18":0,"19":0,"20":0,"21":0,"22":0,"23":0,"24":0,"25":0,"26":0,"27":0,"28":0,"29":0,"30":0,"31":0,"32":0,"33":0,"34":0,"35":0,"36":0,"37":0,"38":0,"39":0,"40":0,"41":0,"42":0,"43":0,"44":0,"45":0,"46":0,"47":0,"48":0,"49":0,"50":0,"51":0,"52":0,"53":0,"54":0,"55":0,"56":0,"57":0,"58":0,"59":0,"60":0,"61":0,"62":0,"63":0,"64":0,"65":0,"66":0,"67":0,"68":0,"69":0,"70":0,"71":0,"72":0,"73":0,"74":0,"75":0,"76":0,"77":0,"78":0,"79":0,"80":0,"81":0,"82":0,"83":0,"84":0,"85":0,"86":0,"87":0,"88":0,"89":0,"90":0,"91":0,"92":0,"93":0,"94":0,"95":0,"96":0,"97":0,"98":0,"99":0,"100":0,"101":0,"102":0,"103":0,"104":0,"105":0,"106":0,"107":0,"108":0,"109":0,"110":0,"111":0,"112":0,"113":0,"114":0,"115":0,"116":0,"117":0,"118":0,"119":0,"120":0,"121":0,"122":0,"123":0,"124":0,"125":0,"126":0,"127":0,"128":0,"129":0,"130":0,"131":0,"132":0,"133":0,"134":0},"f":{"0":0,"1":0,"2":0,"3":0,"4":0,"5":0,"6":0,"7":0,"8":0,"9":0,"10":0,"11":0,"12":0,"13":0,"14":0,"15":0,"16":0},"b":{"0":[0],"1":[0,0],"2":[0,0],"3":[0,0],"4":[0,0],"5":[0,0],"6":[0,0],"7":[0,0],"8":[0,0],"9":[0,0],"10":[0,0],"11":[0,0],"12":[0,0],"13":[0,0],"14":[0,0],"15":[0,0],"16":[0,0],"17":[0,0],"18":[0,0],"19":[0,0],"20":[0,0],"21":[0,0],"22":[0,0],"23":[0,0],"24":[0,0],"25":[0,0],"26":[0,0],"27":[0,0],"28":[0,0],"29":[0,0],"30":[0,0],"31":[0,0],"32":[0,0],"33":[0,0]}}
,"C:\\Users\\nours\\OneDrive\\Desktop\\lab_system\\frontend\\components\\ui\\SelectField.tsx": {"path":"C:\\Users\\nours\\OneDrive\\Desktop\\lab_system\\frontend\\components\\ui\\SelectField.tsx","statementMap":{"0":{"start":{"line":13,"column":2},"end":{"line":22,"column":4}},"1":{"start":{"line":25,"column":15},"end":{"line":52,"column":2}}},"fnMap":{"0":{"name":"SelectField","decl":{"start":{"line":12,"column":16},"end":{"line":12,"column":27}},"loc":{"start":{"line":12,"column":86},"end":{"line":23,"column":1}},"line":12}},"branchMap":{"0":{"loc":{"start":{"line":17,"column":36},"end":{"line":17,"column":64}},"type":"binary-expr","locations":[{"start":{"line":17,"column":36},"end":{"line":17,"column":42}},{"start":{"line":17,"column":46},"end":{"line":17,"column":64}}],"line":17},"1":{"loc":{"start":{"line":18,"column":11},"end":{"line":18,"column":43}},"type":"binary-expr","locations":[{"start":{"line":18,"column":11},"end":{"line":18,"column":16}},{"start":{"line":18,"column":20},"end":{"line":18,"column":31}},{"start":{"line":18,"column":35},"end":{"line":18,"column":43}}],"line":18}},"s":{"0":0,"1":0},"f":{"0":0},"b":{"0":[0,0],"1":[0,0,0]}}
,"C:\\Users\\nours\\OneDrive\\Desktop\\lab_system\\frontend\\components\\ui\\StatCard.tsx": {"path":"C:\\Users\\nours\\OneDrive\\Desktop\\lab_system\\frontend\\components\\ui\\StatCard.tsx","statementMap":{"0":{"start":{"line":18,"column":2},"end":{"line":34,"column":4}},"1":{"start":{"line":37,"column":15},"end":{"line":96,"column":2}}},"fnMap":{"0":{"name":"StatCard","decl":{"start":{"line":17,"column":16},"end":{"line":17,"column":24}},"loc":{"start":{"line":17,"column":114},"end":{"line":35,"column":1}},"line":17}},"branchMap":{"0":{"loc":{"start":{"line":17,"column":41},"end":{"line":17,"column":57}},"type":"default-arg","locations":[{"start":{"line":17,"column":48},"end":{"line":17,"column":57}}],"line":17},"1":{"loc":{"start":{"line":19,"column":31},"end":{"line":19,"column":65}},"type":"binary-expr","locations":[{"start":{"line":19,"column":31},"end":{"line":19,"column":48}},{"start":{"line":19,"column":52},"end":{"line":19,"column":65}}],"line":19},"2":{"loc":{"start":{"line":20,"column":7},"end":{"line":29,"column":14}},"type":"cond-expr","locations":[{"start":{"line":21,"column":8},"end":{"line":28,"column":15}},{"start":{"line":29,"column":10},"end":{"line":29,"column":14}}],"line":20},"3":{"loc":{"start":{"line":20,"column":7},"end":{"line":20,"column":20}},"type":"binary-expr","locations":[{"start":{"line":20,"column":7},"end":{"line":20,"column":11}},{"start":{"line":20,"column":15},"end":{"line":20,"column":20}}],"line":20},"4":{"loc":{"start":{"line":22,"column":11},"end":{"line":22,"column":72}},"type":"cond-expr","locations":[{"start":{"line":22,"column":18},"end":{"line":22,"column":61}},{"start":{"line":22,"column":64},"end":{"line":22,"column":72}}],"line":22},"5":{"loc":{"start":{"line":23,"column":11},"end":{"line":27,"column":18}},"type":"cond-expr","locations":[{"start":{"line":24,"column":12},"end":{"line":26,"column":19}},{"start":{"line":27,"column":14},"end":{"line":27,"column":18}}],"line":23},"6":{"loc":{"start":{"line":24,"column":44},"end":{"line":24,"column":80}},"type":"binary-expr","locations":[{"start":{"line":24,"column":44},"end":{"line":24,"column":60}},{"start":{"line":24,"column":64},"end":{"line":24,"column":80}}],"line":24},"7":{"loc":{"start":{"line":24,"column":82},"end":{"line":24,"column":118}},"type":"binary-expr","locations":[{"start":{"line":24,"column":82},"end":{"line":24,"column":98}},{"start":{"line":24,"column":102},"end":{"line":24,"column":118}}],"line":24},"8":{"loc":{"start":{"line":25,"column":46},"end":{"line":25,"column":97}},"type":"cond-expr","locations":[{"start":{"line":25,"column":63},"end":{"line":25,"column":66}},{"start":{"line":25,"column":69},"end":{"line":25,"column":97}}],"line":25},"9":{"loc":{"start":{"line":25,"column":69},"end":{"line":25,"column":97}},"type":"cond-expr","locations":[{"start":{"line":25,"column":88},"end":{"line":25,"column":91}},{"start":{"line":25,"column":94},"end":{"line":25,"column":97}}],"line":25},"10":{"loc":{"start":{"line":32,"column":7},"end":{"line":32,"column":89}},"type":"cond-expr","locations":[{"start":{"line":32,"column":20},"end":{"line":32,"column":82}},{"start":{"line":32,"column":85},"end":{"line":32,"column":89}}],"line":32}},"s":{"0":0,"1":0},"f":{"0":0},"b"
[...]
nd":{"line":126,"column":95}},"77":{"start":{"line":127,"column":2},"end":{"line":127,"column":97}},"78":{"start":{"line":127,"column":79},"end":{"line":127,"column":97}},"79":{"start":{"line":128,"column":2},"end":{"line":128,"column":37}},"80":{"start":{"line":128,"column":24},"end":{"line":128,"column":37}},"81":{"start":{"line":129,"column":2},"end":{"line":129,"column":38}},"82":{"start":{"line":129,"column":24},"end":{"line":129,"column":38}},"83":{"start":{"line":130,"column":2},"end":{"line":130,"column":18}},"84":{"start":{"line":134,"column":18},"end":{"line":134,"column":51}},"85":{"start":{"line":135,"column":18},"end":{"line":135,"column":45}},"86":{"start":{"line":136,"column":22},"end":{"line":136,"column":32}},"87":{"start":{"line":137,"column":21},"end":{"line":137,"column":47}},"88":{"start":{"line":139,"column":4},"end":{"line":145,"column":10}},"89":{"start":{"line":146,"column":21},"end":{"line":146,"column":82}},"90":{"start":{"line":148,"column":20},"end":{"line":201,"column":13}},"91":{"start":{"line":150,"column":25},"end":{"line":150,"column":63}},"92":{"start":{"line":151,"column":24},"end":{"line":151,"column":86}},"93":{"start":{"line":151,"column":49},"end":{"line":151,"column":85}},"94":{"start":{"line":152,"column":19},"end":{"line":162,"column":11}},"95":{"start":{"line":164,"column":19},"end":{"line":181,"column":17}},"96":{"start":{"line":167,"column":12},"end":{"line":169,"column":19}},"97":{"start":{"line":170,"column":23},"end":{"line":170,"column":35}},"98":{"start":{"line":171,"column":10},"end":{"line":179,"column":12}},"99":{"start":{"line":183,"column":6},"end":{"line":199,"column":8}},"100":{"start":{"line":203,"column":2},"end":{"line":232,"column":4}},"101":{"start":{"line":236,"column":2},"end":{"line":236,"column":44}},"102":{"start":{"line":236,"column":37},"end":{"line":236,"column":44}},"103":{"start":{"line":237,"column":15},"end":{"line":237,"column":52}},"104":{"start":{"line":238,"column":14},"end":{"line":238,"column":63}},"105":{"start":{"line":239,"column":2},"end":{"line":239,"column":19}},"106":{"start":{"line":239,"column":12},"end":{"line":239,"column":19}},"107":{"start":{"line":240,"column":2},"end":{"line":240,"column":27}},"108":{"start":{"line":241,"column":2},"end":{"line":241,"column":23}},"109":{"start":{"line":242,"column":2},"end":{"line":242,"column":14}},"110":{"start":{"line":246,"column":2},"end":{"line":246,"column":44}},"111":{"start":{"line":246,"column":37},"end":{"line":246,"column":44}},"112":{"start":{"line":247,"column":15},"end":{"line":247,"column":52}},"113":{"start":{"line":248,"column":14},"end":{"line":248,"column":63}},"114":{"start":{"line":249,"column":2},"end":{"line":249,"column":19}},"115":{"start":{"line":249,"column":12},"end":{"line":249,"column":19}},"116":{"start":{"line":250,"column":2},"end":{"line":250,"column":27}},"117":{"start":{"line":251,"column":2},"end":{"line":251,"column":23}},"118":{"start":{"line":252,"column":2},"end":{"line":252,"column":14}},"119":{"start":{"line":253,"column":2},"end":{"line":253,"column":14}},"120":{"start":{"line":257,"column":2},"end":{"line":257,"column":39}}},"fnMap":{"0":{"name":"getStoredResultRows","decl":{"start":{"line":38,"column":9},"end":{"line":38,"column":28}},"loc":{"start":{"line":38,"column":62},"end":{"line":61,"column":1}},"line":38},"1":{"name":"getPatientRecord","decl":{"start":{"line":63,"column":9},"end":{"line":63,"column":25}},"loc":{"start":{"line":63,"column":45},"end":{"line":73,"column":1}},"line":63},"2":{"name":"(anonymous_2)","decl":{"start":{"line":69,"column":23},"end":{"line":69,"column":24}},"loc":{"start":{"line":69,"column":36},"end":{"line":69,"column":60}},"line":69},"3":{"name":"getSamplesByOrder","decl":{"start":{"line":75,"column":9},"end":{"line":75,"column":26}},"loc":{"start":{"line":75,"column":44},"end":{"line":85,"column":1}},"line":75},"4":{"name":"getResultMetaLookupKeys","decl":{"start":{"line":87,"column":9},"end":{"line":87,"column":32}},"loc":{"start":{"line":87,"column":47},"end":{"line":94,"column":1}},"line":87},"5":{"name":"getStoredResultMeta","decl":{"start":{"line":96,"column":9},"end":{"line":96,"column":28}},"loc":{"start":{"line":96,"column":43},"end":{"line":111,"column":1}},"line":96},"6":{"name":"sampleLabel","decl":{"start":{"line":113,"column":9},"end":{"line":113,"column":20}},"loc":{"start":{"line":113,"column":44},"end":{"line":119,"column":1}},"line":113},"7":{"name":"getFlag","decl":{"start":{"line":121,"column":9},"end":{"line":121,"column":16}},"loc":{"start":{"line":121,"column":33},"end":{"line":131,"column":1}},"line":121},"8":{"name":"buildReportHtml","decl":{"start":{"line":133,"column":9},"end":{"line":133,"column":24}},"loc":{"start":{"line":133,"column":110},"end":{"line":233,"column":1}},"line":133},"9":{"name":"(anonymous_9)","decl":{"start":{"line":149,"column":9},"end":{"line":149,"column":10}},"loc":{"start":{"line":149,"column":19},"end":{"line":200,"column":5}},"line":149},"10":{"name":"(anonymous_10)","decl":{"start":{"line":151,"column":40},"end":{"line":151,"column":41}},"loc":{"start":{"line":151,"column":49},"end":{"line":151,"column":85}},"line":151},"11":{"name":"(anonymous_11)","decl":{"start":{"line":165,"column":13},"end":{"line":165,"column":14}},"loc":{"start":{"line":165,"column":22},"end":{"line":180,"column":9}},"line":165},"12":{"name":"openReportPreview","decl":{"start":{"line":235,"column":16},"end":{"line":235,"column":33}},"loc":{"start":{"line":235,"column":119},"end":{"line":243,"column":1}},"line":235},"13":{"name":"printReportPdf","decl":{"start":{"line":245,"column":16},"end":{"line":245,"column":30}},"loc":{"start":{"line":245,"column":116},"end":{"line":254,"column":1}},"line":245},"14":{"name":"downloadReportPdf","decl":{"start":{"line":256,"column":16},"end":{"line":256,"column":33}},"loc":{"start":{"line":256,"column":119},"end":{"line":258,"column":1}},"line":256}},"branchMap":{"0":{"loc":{"start":{"line":39,"column":2},"end":{"line":39,"column":62}},"type":"if","locations":[{"start":{"line":39,"column":2},"end":{"line":39,"column":62}},{"start":{},"end":{}}],"line":39},"1":{"loc":{"start":{"line":44,"column":4},"end":{"line":44,"column":68}},"type":"if","locations":[{"start":{"line":44,"column":4},"end":{"line":44,"column":68}},{"start":{},"end":{}}],"line":44},"2":{"loc":{"start":{"line":44,"column":8},"end":{"line":44,"column":56}},"type":"binary-expr","locations":[{"start":{"line":44,"column":8},"end":{"line":44,"column":22}},{"start":{"line":44,"column":26},"end":{"line":44,"column":38}},{"start":{"line":44,"column":42},"end":{"line":44,"column":56}}],"line":44},"3":{"loc":{"start":{"line":50,"column":20},"end":{"line":50,"column":49}},"type":"binary-expr","locations":[{"start":{"line":50,"column":20},"end":{"line":50,"column":43}},{"start":{"line":50,"column":47},"end":{"line":50,"column":49}}],"line":50},"4":{"loc":{"start":{"line":52,"column":26},"end":{"line":52,"column":56}},"type":"binary-expr","locations":[{"start":{"line":52,"column":26},"end":{"line":52,"column":50}},{"start":{"line":52,"column":54},"end":{"line":52,"column":56}}],"line":52},"5":{"loc":{"start":{"line":53,"column":6},"end":{"line":53,"column":50}},"type":"if","locations":[{"start":{"line":53,"column":6},"end":{"line":53,"column":50}},{"start":{},"end":{}}],"line":53},"6":{"loc":{"start":{"line":55,"column":6},"end":{"line":55,"column":47}},"type":"if","locations":[{"start":{"line":55,"column":6},"end":{"line":55,"column":47}},{"start":{},"end":{}}],"line":55},"7":{"loc":{"start":{"line":55,"column":10},"end":{"line":55,"column":33}},"type":"binary-expr","locations":[{"start":{"line":55,"column":10},"end":{"line":55,"column":14}},{"start":{"line":55,"column":18},"end":{"line":55,"column":33}}],"line":55},"8":{"loc":{"start":{"line":64,"column":2},"end":{"line":64,"column":54}},"type":"if","locations":[{"start":{"line":64,"column":2},"end":{"line":64,"column":54}},{"start":{},"end":{}}],"line":64},"9":{"loc":{"start":{"line":67,"column":4},"end":{"line":67,"column":34}},"type":"if","locations":[{"start":{"line":67,"column":4},"end":{"line":67,"column":34}},{"start":{},"end":{}}],"line":67},"10":{"loc":{"start":{"line":76,"column":2},"end":{"line":76,"column":65}},"type":"if","locations":[{"start":{"line":76,"column":2},"end":{"line":76,"column":65}},{"start":{},"end":{}}],"line":76},"11":{"loc":{"start":{"line":79,"column":4},"end":{"line":79,"column":27}},"type":"if","locations":[{"start":{"line":79,"column":4},"end":{"line":79,"column":27}},{"start":{},"end":{}}],"line":79},"12":{"loc":{"start":{"line":81,"column":11},"end":{"line":81,"column":32}},"type":"binary-expr","locations":[{"start":{"line":81,"column":11},"end":{"line":81,"column":26}},{"start":{"line":81,"column":30},"end":{"line":81,"column":32}}],"line":81},"13":{"loc":{"start":{"line":89,"column":2},"end":{"line":91,"column":3}},"type":"if","locations":[{"start":{"line":89,"column":2},"end":{"line":91,"column":3}},{"start":{},"end":{}}],"line":89},"14":{"loc":{"start":{"line":89,"column":6},"end":{"line":89,"column":47}},"type":"binary-expr","locations":[{"start":{"line":89,"column":6},"end":{"line":89,"column":14}},{"start":{"line":89,"column":18},"end":{"line":89,"column":33}},{"start":{"line":89,"column":37},"end":{"line":89,"column":47}}],"line":89},"15":{"loc":{"start":{"line":97,"column":2},"end":{"line":97,"column":86}},"type":"if","locations":[{"start":{"line":97,"column":2},"end":{"line":97,"column":86}},{"start":{},"end":{}}],"line":97},"16":{"loc":{"start":{"line":100,"column":4},"end":{"line":100,"column":34}},"type":"if","locations":[{"start":{"line":100,"column":4},"end":{"line":100,"column":34}},{"start":{},"end":{}}],"line":100},"17":{"loc":{"start":{"line":105,"column":6},"end":{"line":105,"column":28}},"type":"if","locations":[{"start":{"line":105,"column":6},"end":{"line":105,"column":28}},{"start":{},"end":{}}],"line":105},"18":{"loc":{"start":{"line":114,"column":2},"end":{"line":114,"column":26}},"type":"if","locations":[{"start":{"line":114,"column":2},"end":{"line":114,"column":26}},{"start":{},"end":{}}],"line":114},"19":{"loc":{"start":{"line":115,"column":19},"end":{"line":115,"column":45}},"type":"binary-expr","locations":[{"start":{"line":115,"column":19},"end":{"line":115,"column":38}},{"start":{"line":115,"column":42},"end":{"line":115,"column":45}}],"line":115},"20":{"loc":{"start":{"line":116,"column":15},"end":{"line":116,"column":38}},"type":"binary-expr","locations":[{"start":{"line":116,"column":15},"end":{"line":116,"column":31}},{"start":{"line":116,"column":35},"end":{"line":116,"column":38}}],"line":116},"21":{"loc":{"start":{"line":117,"column":17},"end":{"line":117,"column":60}},"type":"cond-expr","locations":[{"start":{"line":117,"column":33},"end":{"line":117,"column":54}},{"start":{"line":117,"column":57},"end":{"line":117,"column":60}}],"line":117},"22":{"loc":{"start":{"line":123,"column":2},"end":{"line":123,"column":43}},"type":"if","locations":[{"start":{"line":123,"column":2},"end":{"line":123,"column":43}},{"start":{},"end":{}}],"line":123},"23":{"loc":{"start":{"line":124,"column":19},"end":{"line":124,"column":107}},"type":"binary-expr","locations":[{"start":{"line":124,"column":19},"end":{"line":124,"column":43}},{"start":{"line":124,"column":47},"end":{"line":124,"column":71}},{"start":{"line":124,"column":76},"end":{"line":124,"column":89}},{"start":{"line":124,"column":93},"end":{"line":124,"column":106}}],"line":124},"24":{"loc":{"start":{"line":125,"column":2},"end":{"line":125,"column":28}},"type":"if","locations":[{"start":{"line":125,"column":2},"end":{"line":125,"column":28}},{"start":{},"end":{}}],"line":125},"25":{"loc":{"start":{"line":126,"column":2},"end":{"line":126,"column":95}},"type":"if","locations":[{"start":{"line":126,"column":2},"end":{"line":126,"column":95}},{"start":{},"end":{}}],"line":126},"26":{"loc":{"start":{"line":126,"column":6},"end":{"line":126,"column":75}},"type":"binary-expr","locations":[{"start":{"line":126,"column":6},"end":{"line":126,"column":38}},{"start":{"line":126,"column":42},"end":{"line":126,"column":75}}],"line":126},"27":{"loc":{"start":{"line":127,"column":2},"end":{"line":127,"column":97}},"type":"if","locations":[{"start":{"line":127,"column":2},"end":{"line":127,"column":97}},{"start":{},"end":{}}],"line":127},"28":{"loc":{"start":{"line":127,"column":6},"end":{"line":127,"column":77}},"type":"binary-expr","locations":[{"start":{"line":127,"column":6},"end":{"line":127,"column":39}},{"start":{"line":127,"column":43},"end":{"line":127,"column":77}}],"line":127},"29":{"loc":{"start":{"line":128,"column":2},"end":{"line":128,"column":37}},"type":"if","locations":[{"start":{"line":128,"column":2},"end":{"line":128,"column":37}},{"start":{},"end":{}}],"line":128},"30":{"loc":{"start":{"line":129,"column":2},"end":{"line":129,"column":38}},"type":"if","locations":[{"start":{"line":129,"column":2},"end":{"line":129,"column":38}},{"start":{},"end":{}}],"line":129},"31":{"loc":{"start":{"line":139,"column":4},"end":{"line":145,"column":10}},"type":"cond-expr","locations":[{"start":{"line":141,"column":10},"end":{"line":143,"column":39}},{"start":{"line":145,"column":8},"end":{"line":145,"column":10}}],"line":139},"32":{"loc":{"start":{"line":141,"column":10},"end":{"line":143,"column":39}},"type":"cond-expr","locations":[{"start":{"line":142,"column":14},"end":{"line":142,"column":94}},{"start":{"line":143,"column":14},"end":{"line":143,"column":39}}],"line":141},"33":{"loc":{"start":{"line":146,"column":21},"end":{"line":146,"column":82}},"type":"binary-expr","locations":[{"start":{"line":146,"column":21},"end":{"line":146,"column":32}},{"start":{"line":146,"column":36},"end":{"line":146,"column":64}},{"start":{"line":146,"column":68},"end":{"line":146,"column":82}}],"line":146},"34":{"loc":{"start":{"line":151,"column":49},"end":{"line":151,"column":85}},"type":"binary-expr","locations":[{"start":{"line":151,"column":49},"end":{"line":151,"column":58}},{"start":{"line":151,"column":62},"end":{"line":151,"column":85}}],"line":151},"35":{"loc":{"start":{"line":152,"column":19},"end":{"line":162,"column":11}},"type":"cond-expr","locations":[{"start":{"line":153,"column":10},"end":{"line":153,"column":20}},{"start":{"line":154,"column":10},"end":{"line":162,"column":11}}],"line":152},"36":{"loc":{"start":{"line":158,"column":20},"end":{"line":158,"column":36}},"type":"binary-expr","locations":[{"start":{"line":158,"column":20},"end":{"line":158,"column":29}},{"start":{"line":158,"column":33},"end":{"line":158,"column":36}}],"line":158},"37":{"loc":{"start":{"line":159,"column":19},"end":{"line":159,"column":32}},"type":"binary-expr","locations":[{"start":{"line":159,"column":19},"end":{"line":159,"column":27}},{"start":{"line":159,"column":31},"end":{"line":159,"column":32}}],"line":159},"38":{"loc":{"start":{"line":160,"column":19},"end":{"line":160,"column":32}},"type":"binary-expr","locations":[{"start":{"line":160,"column":19},"end":{"line":160,"column":27}},{"start":{"line":160,"column":31},"end":{"line":160,"column":32}}],"line":160},"39":{"loc":{"start":{"line":167,"column":12},"end":{"line":169,"column":19}},"type":"cond-expr","locations":[{"start":{"line":168,"column":16},"end":{"line":168,"column":39}},{"start":{"line":169,"column":16},"end":{"line":169,"column":19}}],"line":167},"40":{"loc":{"start":{"line":167,"column":12},"end":{"line":167,"column":100}},"type":"binary-expr","locations":[{"start":{"line":167,"column":12},"end":{"line":167,"column":36}},{"start":{"line":167,"column":40},"end":{"line":167,"column":64}},{"start":{"line":167,"column":69},"end":{"line":167,"column":82}},{"start":{"line":167,"column":86},"end":{"line":167,"column":99}}],"line":167},"41":{"loc":{"start":{"line":174,"column":20},"end":{"line":174,"column":36}},"type":"binary-expr","locations":[{"start":{"line":174,"column":20},"end":{"line":174,"column":29}},{"start":{"line":174,"column":33},"end":{"line":174,"column":36}}],"line":174},"42":{"loc":{"start":{"line":175,"column":20},"end":{"line":175,"column":35}},"type":"binary-expr","locations":[{"start":{"line":175,"column":20},"end":{"line":175,"column":28}},{"start":{"line":175,"column":32},"end":{"line":175,"column":35}}],"line":175},"43":{"loc":{"start":{"line":220,"column":44},"end":{"line":220,"column":78}},"type":"binary-expr","locations":[{"start":{"line":220,"column":44},"end":{"line":220,"column":57}},{"start":{"line":220,"column":61},"end":{"line":220,"column":78}}],"line":220},"44":{"loc":{"start":{"line":221,"column":40},"end":{"line":221,"column":59}},"type":"binary-expr","locations":[{"start":{"line":221,"column":40},"end":{"line":221,"column":52}},{"start":{"line":221,"column":56},"end":{"line":221,"column":59}}],"line":221},"45":{"loc":{"start":{"line":222,"column":43},"end":{"line":222,"column":65}},"type":"binary-expr","locations":[{"start":{"line":222,"column":43},"end":{"line":222,"column":58}},{"start":{"line":222,"column":62},"end":{"line":222,"column":65}}],"line":222},"46":{"loc":{"start":{"line":223,"column":43},"end":{"line":223,"column":83}},"type":"binary-expr","locations":[{"start":{"line":223,"column":43},"end":{"line":223,"column":57}},{"start":{"line":223,"column":61},"end":{"line":223,"column":76}},{"start":{"line":223,"column":80},"end":{"line":223,"column":83}}],"line":223},"47":{"loc":{"start":{"line":225,"column":43},"end":{"line":225,"column":65}},"type":"binary-expr","locations":[{"start":{"line":225,"column":43},"end":{"line":225,"column":58}},{"start":{"line":225,"column":62},"end":{"line":225,"column":65}}],"line":225},"48":{"loc":{"start":{"line":236,"column":2},"end":{"line":236,"column":44}},"type":"if","locations":[{"start":{"line":236,"column":2},"end":{"line":236,"column":44}},{"start":{},"end":{}}],"line":236},"49":{"loc":{"start":{"line":239,"column":2},"end":{"line":239,"column":19}},"type":"if","locations":[{"start":{"line":239,"column":2},"end":{"line":239,"column":19}},{"start":{},"end":{}}],"line":239},"50":{"loc":{"start":{"line":246,"column":2},"end":{"line":246,"column":44}},"type":"if","locations":[{"start":{"line":246,"column":2},"end":{"line":246,"column":44}},{"start":{},"end":{}}],"line":246},"51":{"loc":{"start":{"line":249,"column":2},"end":{"line":249,"column":19}},"type":"if","locations":[{"start":{"line":249,"column":2},"end":{"line":249,"column":19}},{"start":{},"end":{}}],"line":249}},"s":{"0":0,"1":0,"2":0,"3":0,"4":0,"5":0,"6":0,"7":0,"8":0,"9":0,"10":0,"11":0,"12":0,"13":0,"14":0,"15":0,"16":0,"17":0,"18":0,"19":0,"20":0,"21":0,"22":0,"23":0,"24":0,"25":0,"26":0,"27":0,"28":0,"29":0,"30":0,"31":0,"32":0,"33":0,"34":0,"35":0,"36":0,"37":0,"38":0,"39":0,"40":0,"41":0,"42":0,"43":0,"44":0,"45":0,"46":0,"47":0,"48":0,"49":0,"50":0,"51":0,"52":0,"53":0,"54":0,"55":0,"56":0,"57":0,"58":0,"59":0,"60":0,"61":0,"62":0,"63":0,"64":0,"65":0,"66":0,"67":0,"68":0,"69":0,"70":0,"71":0,"72":0,"73":0,"74":0,"75":0,"76":0,"77":0,"78":0,"79":0,"80":0,"81":0,"82":0,"83":0,"84":0,"85":0,"86":0,"87":0,"88":0,"89":0,"90":0,"91":0,"92":0,"93":0,"94":0,"95":0,"96":0,"97":0,"98":0,"99":0,"100":0,"101":0,"102":0,"103":0,"104":0,"105":0,"106":0,"107":0,"108":0,"109":0,"110":0,"111":0,"112":0,"113":0,"114":0,"115":0,"116":0,"117":0,"118":0,"119":0,"120":0},"f":{"0":0,"1":0,"2":0,"3":0,"4":0,"5":0,"6":0,"7":0,"8":0,"9":0,"10":0,"11":0,"12":0,"13":0,"14":0},"b":{"0":[0,0],"1":[0,0],"2":[0,0,0],"3":[0,0],"4":[0,0],"5":[0,0],"6":[0,0],"7":[0,0],"8":[0,0],"9":[0,0],"10":[0,0],"11":[0,0],"12":[0,0],"13":[0,0],"14":[0,0,0],"15":[0,0],"16":[0,0],"17":[0,0],"18":[0,0],"19":[0,0],"20":[0,0],"21":[0,0],"22":[0,0],"23":[0,0,0,0],"24":[0,0],"25":[0,0],"26":[0,0],"27":[0,0],"28":[0,0],"29":[0,0],"30":[0,0],"31":[0,0],"32":[0,0],"33":[0,0,0],"34":[0,0],"35":[0,0],"36":[0,0],"37":[0,0],"38":[0,0],"39":[0,0],"40":[0,0,0,0],"41":[0,0],"42":[0,0],"43":[0,0],"44":[0,0],"45":[0,0],"46":[0,0,0],"47":[0,0],"48":[0,0],"49":[0,0],"50":[0,0],"51":[0,0]}}
}
