TN:
SF:components\EditScreenInfo.tsx
FN:10,EditScreenInfo
FNF:1
FNH:0
FNDA:0,EditScreenInfo
DA:11,0
DA:49,0
LF:2
LH:0
BRF:0
BRH:0
end_of_record
TN:
SF:components\ExternalLink.tsx
FN:6,ExternalLink
FN:14,(anonymous_1)
FNF:2
FNH:0
FNDA:0,ExternalLink
FNDA:0,(anonymous_1)
DA:9,0
DA:15,0
DA:17,0
DA:19,0
LF:4
LH:0
BRDA:15,0,0,0
BRDA:15,0,1,0
BRF:2
BRH:0
end_of_record
TN:
SF:components\StyledText.tsx
FN:4,MonoText
FNF:1
FNH:0
FNDA:0,MonoText
DA:5,0
LF:1
LH:0
BRF:0
BRH:0
end_of_record
TN:
SF:components\Themed.tsx
FN:19,useThemeColor
FN:33,Text
FN:40,View
FNF:3
FNH:0
FNDA:0,useThemeColor
FNDA:0,Text
FNDA:0,View
DA:23,0
DA:24,0
DA:26,0
DA:27,0
DA:29,0
DA:34,0
DA:35,0
DA:37,0
DA:41,0
DA:42,0
DA:44,0
LF:11
LH:0
BRDA:26,0,0,0
BRDA:26,0,1,0
BRF:2
BRH:0
end_of_record
TN:
SF:components\charts\ChartCard.tsx
FN:11,ChartCard
FNF:1
FNH:0
FNDA:0,ChartCard
DA:12,0
DA:21,0
LF:2
LH:0
BRDA:15,0,0,0
BRDA:15,0,1,0
BRF:2
BRH:0
end_of_record
TN:
SF:components\layouts\AuthLayout.tsx
FN:12,AuthLayout
FNF:1
FNH:0
FNDA:0,AuthLayout
DA:13,0
DA:26,0
LF:2
LH:0
BRDA:18,0,0,0
BRDA:18,0,1,0
BRF:2
BRH:0
end_of_record
TN:
SF:components\layouts\DashboardLayout.tsx
FN:18,DashboardLayout
FN:36,(anonymous_1)
FNF:2
FNH:0
FNDA:0,DashboardLayout
FNDA:0,(anonymous_1)
DA:26,0
DA:27,0
DA:28,0
DA:29,0
DA:32,0
DA:37,0
DA:38,0
DA:49,0
DA:59,0
LF:9
LH:0
BRDA:22,0,0,0
BRDA:23,1,0,0
BRDA:29,2,0,0
BRDA:29,2,1,0
BRDA:33,3,0,0
BRDA:33,3,1,0
BRDA:37,4,0,0
BRDA:37,4,1,0
BRDA:51,5,0,0
BRDA:51,5,1,0
BRF:10
BRH:0
end_of_record
TN:
SF:components\layouts\WizardLayout.tsx
FN:7,WizardLayout
FNF:1
FNH:0
FNDA:0,WizardLayout
DA:8,0
DA:15,0
LF:2
LH:0
BRF:0
BRH:0
end_of_record
TN:
SF:components\navigation\LabTechSidebar.tsx
FN:6,LabTechSidebar
FN:25,(anonymous_1)
FN:26,(anonymous_2)
FNF:3
FNH:0
FNDA:0,LabTechSidebar
FNDA:0,(anonymous_1)
FNDA:0,(anonymous_2)
DA:7,0
DA:8,0
DA:9,0
DA:11,0
DA:21,0
DA:25,0
DA:27,0
DA:28,0
LF:8
LH:0
BRF:0
BRH:0
end_of_record
TN:
SF:components\navigation\ReceptionistSidebar.tsx
FN:6,ReceptionistSidebar
FN:27,(anonymous_1)
FN:28,(anonymous_2)
FNF:3
FNH:0
FNDA:0,ReceptionistSidebar
FNDA:0,(anonymous_1)
FNDA:0,(anonymous_2)
DA:7,0
DA:8,0
DA:9,0
DA:11,0
DA:23,0
DA:27,0
DA:29,0
DA:30,0
LF:8
LH:0
BRF:0
BRH:0
end_of_record
TN:
SF:components\navigation\SideNav.tsx
FN:26,SideNav
FN:31,(anonymous_1)
FN:39,(anonymous_2)
FN:56,(anonymous_3)
FN:56,(anonymous_4)
FN:57,(anonymous_5)
FN:64,(anonymous_6)
FN:71,(anonymous_7)
FN:72,(anonymous_8)
FN:73,(anonymous_9)
FN:74,(anonymous_10)
FN:100,(anonymous_11)
FN:101,(anonymous_12)
FN:102,(anonymous_13)
FNF:14
FNH:0
FNDA:0,SideNav
FNDA:0,(anonymous_1)
FNDA:0,(anonymous_2)
FNDA:0,(anonymous_3)
FNDA:0,(anonymous_4)
FNDA:0,(anonymous_5)
FNDA:0,(anonymous_6)
FNDA:0,(anonymous_7)
FNDA:0,(anonymous_8)
FNDA:0,(anonymous_9)
FNDA:0,(anonymous_10)
FNDA:0,(anonymous_11)
FNDA:0,(anonymous_12)
FNDA:0,(anonymous_13)
DA:27,0
DA:28,0
DA:29,0
DA:31,0
DA:32,0
DA:33,0
DA:35,0
DA:39,0
DA:40,0
DA:41,0
DA:43,0
DA:46,0
DA:56,0
DA:57,0
DA:65,0
DA:66,0
DA:68,0
DA:71,0
DA:72,0
DA:73,0
DA:74,0
DA:100,0
DA:101,0
DA:102,0
DA:129,0
LF:25
LH:0
BRDA:32,0,0,0
BRDA:32,0,1,0
BRDA:32,1,0,0
BRDA:32,1,1,0
BRDA:40,2,0,0
BRDA:40,2,1,0
BRDA:47,3,0,0
BRDA:47,3,1,0
BRDA:49,4,0,0
BRDA:49,4,1,0
BRDA:53,5,0,0
BRDA:53,5,1,0
BRDA:57,6,0,0
BRDA:57,6,1,0
BRDA:59,7,0,0
BRDA:59,7,1,0
BRDA:63,8,0,0
BRDA:63,8,1,0
BRDA:65,9,0,0
BRDA:65,9,1,0
BRDA:72,10,0,0
BRDA:72,10,1,0
BRDA:73,11,0,0
BRDA:73,11,1,0
BRDA:76,12,0,0
BRDA:76,12,1,0
BRDA:76,12,2,0
BRDA:77,13,0,0
BRDA:77,13,1,0
BRDA:80,14,0,0
BRDA:80,14,1,0
BRDA:80,15,0,0
BRDA:80,15,1,0
BRDA:81,16,0,0
BRDA:81,16,1,0
BRDA:83,17,0,0
BRDA:83,17,1,0
BRDA:87,18,0,0
BRDA:87,18,1,0
BRDA:87,18,2,0
BRDA:87,18,3,0
BRDA:100,19,0,0
BRDA:100,19,1,0
BRDA:101,20,0,0
BRDA:101,20,1,0
BRDA:102,21,0,0
BRDA:102,21,1,0
BRDA:102,22,0,0
BRDA:102,22,1,0
BRDA:104,23,0,0
BRDA:104,23,1,0
BRDA:105,24,0,0
BRDA:105,24,1,0
BRDA:106,25,0,0
BRDA:106,25,1,0
BRDA:115,26,0,0
BRDA:115,26,1,0
BRDA:119,27,0,0
BRDA:119,27,1,0
BRDA:119,27,2,0
BRDA:119,27,3,0
BRF:61
BRH:0
end_of_record
TN:
SF:components\ui\AdjustStockModal.tsx
FN:12,AdjustStockModal
FNF:1
FNH:0
FNDA:0,AdjustStockModal
DA:13,0
DA:31,0
LF:2
LH:0
BRF:0
BRH:0
end_of_record
TN:
SF:components\ui\AppointmentsTable.tsx
FN:4,AppointmentsTable
FNF:1
FNH:0
FNDA:0,AppointmentsTable
DA:5,0
LF:1
LH:0
BRF:0
BRH:0
end_of_record
TN:
SF:components\ui\Card.tsx
FN:10,Card
FN:13,(anonymous_1)
FNF:2
FNH:0
FNDA:0,Card
FNDA:0,(anonymous_1)
DA:11,0
DA:13,0
DA:24,0
LF:3
LH:0
BRDA:15,0,0,0
BRDA:15,0,1,0
BRF:2
BRH:0
end_of_record
TN:
SF:components\ui\ConfirmModal.tsx
FN:14,ConfirmModal
FNF:1
FNH:0
FNDA:0,ConfirmModal
DA:15,0
DA:33,0
LF:2
LH:0
BRF:0
BRH:0
end_of_record
TN:
SF:components\ui\DataTable.tsx
FN:20,DataTable
FN:34,(anonymous_1)
FN:37,(anonymous_2)
FN:60,(anonymous_3)
FN:61,(anonymous_4)
FN:78,(anonymous_5)
FNF:6
FNH:0
FNDA:0,DataTable
FNDA:0,(anonymous_1)
FNDA:0,(anonymous_2)
FNDA:0,(anonymous_3)
FNDA:0,(anonymous_4)
FNDA:0,(anonymous_5)
DA:33,0
DA:36,0
DA:38,0
DA:55,0
DA:56,0
DA:57,0
DA:60,0
DA:61,0
DA:73,0
DA:79,0
DA:110,0
DA:111,0
DA:114,0
DA:117,0
LF:14
LH:0
BRDA:29,0,0,0
BRDA:30,1,0,0
BRDA:42,2,0,0
BRDA:42,2,1,0
BRDA:45,3,0,0
BRDA:45,3,1,0
BRDA:45,4,0,0
BRDA:45,4,1,0
BRDA:55,5,0,0
BRDA:55,5,1,0
BRDA:60,6,0,0
BRDA:60,6,1,0
BRDA:62,7,0,0
BRDA:62,7,1,0
BRDA:74,8,0,0
BRDA:74,8,1,0
BRDA:84,9,0,0
BRDA:84,9,1,0
BRDA:92,10,0,0
BRDA:92,10,1,0
BRDA:93,11,0,0
BRDA:93,11,1,0
BRDA:110,12,0,0
BRDA:110,12,1,0
BRF:24
BRH:0
end_of_record
TN:
SF:components\ui\DatePicker.tsx
FN:11,DatePicker
FNF:1
FNH:0
FNDA:0,DatePicker
DA:12,0
DA:24,0
LF:2
LH:0
BRDA:16,0,0,0
BRDA:16,0,1,0
BRDA:17,1,0,0
BRDA:17,1,1,0
BRF:4
BRH:0
end_of_record
TN:
SF:components\ui\DateRangePicker.tsx
FN:6,DateRangePicker
FNF:1
FNH:0
FNDA:0,DateRangePicker
DA:7,0
DA:18,0
LF:2
LH:0
BRF:0
BRH:0
end_of_record
TN:
SF:components\ui\Drawer.tsx
FN:11,Drawer
FNF:1
FNH:0
FNDA:0,Drawer
DA:12,0
DA:21,0
LF:2
LH:0
BRF:0
BRH:0
end_of_record
TN:
SF:components\ui\EmptyState.tsx
FN:10,EmptyState
FNF:1
FNH:0
FNDA:0,EmptyState
DA:11,0
DA:19,0
LF:2
LH:0
BRDA:14,0,0,0
BRDA:14,0,1,0
BRF:2
BRH:0
end_of_record
TN:
SF:components\ui\ExportButton.tsx
FN:10,ExportButton
FNF:1
FNH:0
FNDA:0,ExportButton
DA:11,0
DA:18,0
LF:2
LH:0
BRDA:10,0,0,0
BRF:1
BRH:0
end_of_record
TN:
SF:components\ui\FileUpload.tsx
FN:13,FileUpload
FN:17,(anonymous_1)
FN:36,(anonymous_2)
FNF:3
FNH:0
FNDA:0,FileUpload
FNDA:0,(anonymous_1)
FNDA:0,(anonymous_2)
DA:14,0
DA:15,0
DA:17,0
DA:18,0
DA:19,0
DA:21,0
DA:24,0
DA:37,0
DA:38,0
DA:39,0
DA:48,0
LF:11
LH:0
BRDA:18,0,0,0
BRDA:18,0,1,0
BRDA:18,1,0,0
BRDA:18,1,1,0
BRDA:28,2,0,0
BRDA:28,2,1,0
BRDA:30,3,0,0
BRDA:30,3,1,0
BRDA:37,4,0,0
BRDA:37,4,1,0
BRDA:38,5,0,0
BRDA:38,5,1,0
BRF:12
BRH:0
end_of_record
TN:
SF:components\ui\FiltersBar.tsx
FN:8,FiltersBar
FNF:1
FNH:0
FNDA:0,FiltersBar
DA:9,0
DA:12,0
LF:2
LH:0
BRF:0
BRH:0
end_of_record
TN:
SF:components\ui\FormCard.tsx
FN:11,FormCard
FNF:1
FNH:0
FNDA:0,FormCard
DA:12,0
DA:15,0
LF:2
LH:0
BRF:0
BRH:0
end_of_record
TN:
SF:components\ui\InfoCard.tsx
FN:11,InfoCard
FNF:1
FNH:0
FNDA:0,InfoCard
DA:12,0
DA:20,0
LF:2
LH:0
BRF:0
BRH:0
end_of_record
TN:
SF:components\ui\InfoHint.tsx
FN:11,InfoHint
FN:18,(anonymous_1)
FN:19,(anonymous_2)
FN:20,(anonymous_3)
FN:20,(anonymous_4)
FNF:5
FNH:0
FNDA:0,InfoHint
FNDA:0,(anonymous_1)
FNDA:0,(anonymous_2)
FNDA:0,(anonymous_3)
FNDA:0,(anonymous_4)
DA:12,0
DA:14,0
DA:18,0
DA:19,0
DA:20,0
DA:33,0
LF:6
LH:0
BRDA:11,0,0,0
BRDA:24,1,0,0
BRDA:24,1,1,0
BRF:3
BRH:0
end_of_record
TN:
SF:components\ui\InventoryTable.tsx
FN:4,InventoryTable
FNF:1
FNH:0
FNDA:0,InventoryTable
DA:5,0
LF:1
LH:0
BRF:0
BRH:0
end_of_record
TN:
SF:components\ui\LabHistoryTable.tsx
FN:4,LabHistoryTable
FNF:1
FNH:0
FNDA:0,LabHistoryTable
DA:5,0
LF:1
LH:0
BRF:0
BRH:0
end_of_record
TN:
SF:components\ui\LoadingState.tsx
FN:9,LoadingState
FNF:1
FNH:0
FNDA:0,LoadingState
DA:10,0
DA:18,0
LF:2
LH:0
BRDA:9,0,0,0
BRF:1
BRH:0
end_of_record
TN:
SF:components\ui\PageHeader.tsx
FN:12,PageHeader
FNF:1
FNH:0
FNDA:0,PageHeader
DA:13,0
DA:26,0
LF:2
LH:0
BRDA:18,0,0,0
BRDA:18,0,1,0
BRDA:20,1,0,0
BRDA:20,1,1,0
BRF:4
BRH:0
end_of_record
TN:
SF:components\ui\Pagination.tsx
FN:12,Pagination
FNF:1
FNH:0
FNDA:0,Pagination
DA:13,0
DA:26,0
LF:2
LH:0
BRF:0
BRH:0
end_of_record
TN:
SF:components\ui\PasswordField.tsx
FN:10,PasswordField
FNF:1
FNH:0
FNDA:0,PasswordField
DA:16,0
LF:1
LH:0
BRDA:11,0,0,0
BRDA:12,1,0,0
BRF:2
BRH:0
end_of_record
TN:
SF:components\ui\PatientQuickSearch.tsx
FN:7,PatientQuickSearch
FNF:1
FNH:0
FNDA:0,PatientQuickSearch
DA:8,0
DA:16,0
LF:2
LH:0
BRF:0
BRH:0
end_of_record
TN:
SF:components\ui\PendingResultsTable.tsx
FN:4,PendingResultsTable
FNF:1
FNH:0
FNDA:0,PendingResultsTable
DA:5,0
LF:1
LH:0
BRF:0
BRH:0
end_of_record
TN:
SF:components\ui\PrimaryButton.tsx
FN:12,PrimaryButton
FN:17,(anonymous_1)
FNF:2
FNH:0
FNDA:0,PrimaryButton
FNDA:0,(anonymous_1)
DA:13,0
DA:17,0
DA:29,0
LF:3
LH:0
BRDA:12,0,0,0
BRDA:19,1,0,0
BRDA:19,1,1,0
BRDA:20,2,0,0
BRDA:20,2,1,0
BRDA:21,3,0,0
BRDA:21,3,1,0
BRF:7
BRH:0
end_of_record
TN:
SF:components\ui\ProfileHeader.tsx
FN:5,ProfileHeader
FNF:1
FNH:0
FNDA:0,ProfileHeader
DA:6,0
DA:14,0
LF:2
LH:0
BRF:0
BRH:0
end_of_record
TN:
SF:components\ui\ReportCard.tsx
FN:12,ReportCard
FNF:1
FNH:0
FNDA:0,ReportCard
DA:13,0
DA:23,0
LF:2
LH:0
BRF:0
BRH:0
end_of_record
TN:
SF:components\ui\ReportsGrid.tsx
FN:8,ReportsGrid
FNF:1
FNH:0
FNDA:0,ReportsGrid
DA:9,0
DA:12,0
LF:2
LH:0
BRF:0
BRH:0
end_of_record
TN:
SF:components\ui\ResultsViewer.tsx
FN:5,ResultsViewer
FNF:1
FNH:0
FNDA:0,ResultsViewer
DA:6,0
DA:14,0
LF:2
LH:0
BRF:0
BRH:0
end_of_record
TN:
SF:components\ui\ScanHistoryTable.tsx
FN:4,ScanHistoryTable
FNF:1
FNH:0
FNDA:0,ScanHistoryTable
DA:5,0
LF:1
LH:0
BRF:0
BRH:0
end_of_record
TN:
SF:components\ui\SearchInput.tsx
FN:14,SearchInput
FN:26,(anonymous_1)
FN:49,(anonymous_2)
FN:62,(anonymous_3)
FN:65,(anonymous_4)
FN:72,(anonymous_5)
FN:74,(anonymous_6)
FN:78,(anonymous_7)
FN:84,(anonymous_8)
FN:89,(anonymous_9)
FN:98,(anonymous_10)
FN:109,(anonymous_11)
FN:116,(anonymous_12)
FN:132,(anonymous_13)
FN:151,(anonymous_14)
FN:168,(anonymous_15)
FN:197,(anonymous_16)
FNF:17
FNH:0
FNDA:0,SearchInput
FNDA:0,(anonymous_1)
FNDA:0,(anonymous_2)
FNDA:0,(anonymous_3)
FNDA:0,(anonymous_4)
FNDA:0,(anonymous_5)
FNDA:0,(anonymous_6)
FNDA:0,(anonymous_7)
FNDA:0,(anonymous_8)
FNDA:0,(anonymous_9)
FNDA:0,(anonymous_10)
FNDA:0,(anonymous_11)
FNDA:0,(anonymous_12)
FNDA:0,(anonymous_13)
FNDA:0,(anonymous_14)
FNDA:0,(anonymous_15)
FNDA:0,(anonymous_16)
DA:15,0
DA:16,0
DA:17,0
DA:18,0
DA:19,0
DA:20,0
DA:21,0
DA:22,0
DA:23,0
DA:24,0
DA:26,0
DA:27,0
DA:28,0
DA:29,0
DA:30,0
DA:31,0
DA:32,0
DA:34,0
DA:35,0
DA:36,0
DA:37,0
DA:38,0
DA:39,0
DA:40,0
DA:41,0
DA:42,0
DA:43,0
DA:49,0
DA:50,0
DA:51,0
DA:52,0
DA:53,0
DA:55,0
DA:61,0
DA:62,0
DA:65,0
DA:66,0
DA:67,0
DA:68,0
DA:69,0
DA:70,0
DA:71,0
DA:72,0
DA:73,0
DA:74,0
DA:75,0
DA:78,0
DA:79,0
DA:80,0
DA:81,0
DA:82,0
DA:84,0
DA:85,0
DA:86,0
DA:87,0
DA:89,0
DA:90,0
DA:91,0
DA:92,0
DA:93,0
DA:94,0
DA:95,0
DA:98,0
DA:99,0
DA:100,0
DA:101,0
DA:102,0
DA:103,0
DA:104,0
DA:105,0
DA:109,0
DA:110,0
DA:112,0
DA:113,0
DA:114,0
DA:116,0
DA:117,0
DA:118,0
DA:119,0
DA:120,0
DA:121,0
DA:122,0
DA:123,0
DA:124,0
DA:125,0
DA:126,0
DA:127,0
DA:129,0
DA:132,0
DA:133,0
DA:134,0
DA:135,0
DA:136,0
DA:137,0
DA:138,0
DA:139,0
DA:142,0
DA:143,0
DA:145,0
DA:146,0
DA:147,0
DA:151,0
DA:152,0
DA:153,0
DA:154,0
DA:155,0
DA:157,0
DA:158,0
DA:159,0
DA:162,0
DA:163,0
DA:164,0
DA:165,0
DA:167,0
DA:168,0
DA:169,0
DA:177,0
DA:178,0
DA:180,0
DA:181,0
DA:182,0
DA:183,0
DA:184,0
DA:187,0
DA:197,0
DA:227,0
LF:126
LH:0
BRDA:26,0,0,0
BRDA:27,1,0,0
BRDA:27,1,1,0
BRDA:29,2,0,0
BRDA:29,2,1,0
BRDA:30,3,0,0
BRDA:30,3,1,0
BRDA:31,4,0,0
BRDA:31,4,1,0
BRDA:50,5,0,0
BRDA:50,5,1,0
BRDA:73,6,0,0
BRDA:73,6,1,0
BRDA:85,7,0,0
BRDA:85,7,1,0
BRDA:94,8,0,0
BRDA:94,8,1,0
BRDA:100,9,0,0
BRDA:100,9,1,0
BRDA:100,10,0,0
BRDA:100,10,1,0
BRDA:112,11,0,0
BRDA:112,11,1,0
BRDA:120,12,0,0
BRDA:120,12,1,0
BRDA:122,13,0,0
BRDA:122,13,1,0
BRDA:124,14,0,0
BRDA:124,14,1,0
BRDA:126,15,0,0
BRDA:126,15,1,0
BRDA:133,16,0,0
BRDA:133,16,1,0
BRDA:134,17,0,0
BRDA:134,17,1,0
BRDA:135,18,0,0
BRDA:135,18,1,0
BRDA:152,19,0,0
BRDA:152,19,1,0
BRDA:153,20,0,0
BRDA:153,20,1,0
BRDA:157,21,0,0
BRDA:157,21,1,0
BRDA:162,22,0,0
BRDA:162,22,1,0
BRDA:163,23,0,0
BRDA:163,23,1,0
BRDA:181,24,0,0
BRDA:181,24,1,0
BRDA:190,25,0,0
BRDA:190,25,1,0
BRDA:196,26,0,0
BRDA:196,26,1,0
BRDA:201,27,0,0
BRDA:201,27,1,0
BRDA:201,28,0,0
BRDA:201,28,1,0
BRDA:202,29,0,0
BRDA:202,29,1,0
BRDA:203,30,0,0
BRDA:203,30,1,0
BRDA:218,31,0,0
BRDA:218,31,1,0
BRDA:221,32,0,0
BRDA:221,32,1,0
BRDA:222,33,0,0
BRDA:222,33,1,0
BRF:67
BRH:0
end_of_record
TN:
SF:components\ui\SelectField.tsx
FN:12,SelectField
FNF:1
FNH:0
FNDA:0,SelectField
DA:13,0
DA:25,0
LF:2
LH:0
BRDA:17,0,0,0
BRDA:17,0,1,0
BRDA:18,1,0,0
BRDA:18,1,1,0
BRDA:18,1,2,0
BRF:5
BRH:0
end_of_record
TN:
SF:components\ui\StatCard.tsx
FN:17,StatCard
FNF:1
FNH:0
FNDA:0,StatCard
DA:18,0
DA:37,0
LF:2
LH:0
BRDA:17,0,0,0
BRDA:19,1,0,0
BRDA:19,1,1,0
BRDA:20,2,0,0
BRDA:20,2,1,0
BRDA:20,3,0,0
BRDA:20,3,1,0
BRDA:22,4,0,0
BRDA:22,4,1,0
BRDA:23,5,0,0
BRDA:23,5,1,0
BRDA:24,6,0,0
BRDA:24,6,1,0
BRDA:24,7,0,0
BRDA:24,7,1,0
BRDA:25,8,0,0
BRDA:25,8,1,0
BRDA:25,9,0,0
BRDA:25,9,1,0
BRDA:32,10,0,0
BRDA:32,10,1,0
BRF:21
BRH:0
end_of_record
TN:
SF:components\ui\StatusBadge.tsx
FN:16,StatusBadge
FNF:1
FNH:0
FNDA:0,StatusBadge
DA:9,0
DA:17,0
DA:18,0
DA:29,0
LF:4
LH:0
BRF:0
BRH:0
end_of_record
TN:
SF:components\ui\StepHeader.tsx
FN:10,StepHeader
FNF:1
FNH:0
FNDA:0,StepHeader
DA:11,0
DA:19,0
LF:2
LH:0
BRF:0
BRH:0
end_of_record
TN:
SF:components\ui\StockLevelBadge.tsx
FN:15,StockLevelBadge
FNF:1
FNH:0
FNDA:0,StockLevelBadge
DA:9,0
DA:16,0
DA:17,0
DA:24,0
LF:4
LH:0
BRF:0
BRH:0
end_of_record
TN:
SF:components\ui\SummaryCard.tsx
FN:11,SummaryCard
FN:15,(anonymous_1)
FNF:2
FNH:0
FNDA:0,SummaryCard
FNDA:0,(anonymous_1)
DA:12,0
DA:16,0
DA:25,0
LF:3
LH:0
BRF:0
BRH:0
end_of_record
TN:
SF:components\ui\TabbedView.tsx
FN:10,TabbedView
FN:13,(anonymous_1)
FNF:2
FNH:0
FNDA:0,TabbedView
FNDA:0,(anonymous_1)
DA:11,0
DA:14,0
DA:22,0
LF:3
LH:0
BRDA:10,0,0,0
BRDA:14,1,0,0
BRDA:14,1,1,0
BRDA:15,2,0,0
BRDA:15,2,1,0
BRF:5
BRH:0
end_of_record
TN:
SF:components\ui\TableCard.tsx
FN:9,TableCard
FNF:1
FNH:0
FNDA:0,TableCard
DA:10,0
DA:13,0
LF:2
LH:0
BRF:0
BRH:0
end_of_record
TN:
SF:components\ui\TextArea.tsx
FN:13,TextArea
FNF:1
FNH:0
FNDA:0,TextArea
DA:14,0
DA:32,0
LF:2
LH:0
BRDA:13,0,0,0
BRF:1
BRH:0
end_of_record
TN:
SF:components\ui\TextInputField.tsx
FN:15,TextInputField
FNF:1
FNH:0
FNDA:0,TextInputField
DA:24,0
DA:42,0
LF:2
LH:0
BRDA:21,0,0,0
BRF:1
BRH:0
end_of_record
TN:
SF:components\ui\UploadResultModal.tsx
FN:12,UploadResultModal
FNF:1
FNH:0
FNDA:0,UploadResultModal
DA:13,0
DA:31,0
LF:2
LH:0
BRF:0
BRH:0
end_of_record
TN:
SF:components\ui\UserProfileSummaryCard.tsx
FN:11,formatWorkingHours
FN:18,profileValue
FN:23,UserProfileSummaryCard
FNF:3
FNH:0
FNDA:0,formatWorkingHours
FNDA:0,profileValue
FNDA:0,UserProfileSummaryCard
DA:12,0
DA:13,0
DA:14,0
DA:15,0
DA:19,0
DA:20,0
DA:24,0
DA:26,0
DA:106,0
LF:9
LH:0
BRDA:12,0,0,0
BRDA:12,0,1,0
BRDA:12,1,0,0
BRDA:12,1,1,0
BRDA:13,2,0,0
BRDA:13,2,1,0
BRDA:14,3,0,0
BRDA:14,3,1,0
BRDA:20,4,0,0
BRDA:20,4,1,0
BRDA:23,5,0,0
BRDA:30,6,0,0
BRDA:30,6,1,0
BRDA:84,7,0,0
BRDA:84,7,1,0
BRDA:101,8,0,0
BRDA:101,8,1,0
BRDA:138,9,0,0
BRDA:138,9,1,0
BRF:19
BRH:0
end_of_record
TN:
SF:hooks\useAuth.ts
FN:89,normalizeEmail
FN:93,roleLabel
FN:97,firstName
FN:101,toFrontendRole
FN:105,toBackendRole
FN:109,defaultProfileForRole
FN:140,sanitizeProfile
FN:160,mapApiUser
FN:188,toApiPatch
FN:224,buildUserSignature
FN:229,AuthProvider
FN:235,(anonymous_11)
FN:237,(anonymous_12)
FN:253,(anonymous_13)
FN:263,(anonymous_14)
FN:278,(anonymous_15)
FN:283,(anonymous_16)
FN:288,(anonymous_17)
FN:297,(anonymous_18)
FN:298,(anonymous_19)
FN:313,(anonymous_20)
FN:330,(anonymous_21)
FN:331,(anonymous_22)
FN:333,(anonymous_23)
FN:354,(anonymous_24)
FN:357,(anonymous_25)
FN:366,(anonymous_26)
FN:373,(anonymous_27)
FN:390,(anonymous_28)
FN:393,(anonymous_29)
FN:421,(anonymous_30)
FN:421,(anonymous_31)
FN:423,(anonymous_32)
FN:423,(anonymous_33)
FN:430,(anonymous_34)
FN:431,(anonymous_35)
FN:443,(anonymous_36)
FN:457,(anonymous_37)
FN:457,(anonymous_38)
FN:472,(anonymous_39)
FN:489,(anonymous_40)
FN:490,(anonymous_41)
FN:490,(anonymous_42)
FN:493,(anonymous_43)
FN:507,(anonymous_44)
FN:511,(anonymous_45)
FN:523,(anonymous_46)
FN:525,(anonymous_47)
FN:526,(anonymous_48)
FN:535,(anonymous_49)
FN:536,(anonymous_50)
FN:556,(anonymous_51)
FN:578,useAuth
FNF:53
FNH:2
FNDA:0,normalizeEmail
FNDA:1,roleLabel
FNDA:0,firstName
FNDA:0,toFrontendRole
FNDA:0,toBackendRole
FNDA:0,defaultProfileForRole
FNDA:0,sanitizeProfile
FNDA:0,mapApiUser
FNDA:0,toApiPatch
FNDA:2,buildUserSignature
FNDA:0,AuthProvider
FNDA:0,(anonymous_11)
FNDA:0,(anonymous_12)
FNDA:0,(anonymous_13)
FNDA:0,(anonymous_14)
FNDA:0,(anonymous_15)
FNDA:0,(anonymous_16)
FNDA:0,(anonymous_17)
FNDA:0,(anonymous_18)
FNDA:0,(anonymous_19)
FNDA:0,(anonymous_20)
FNDA:0,(anonymous_21)
FNDA:0,(anonymous_22)
FNDA:0,(anonymous_23)
FNDA:0,(anonymous_24)
FNDA:0,(anonymous_25)
FNDA:0,(anonymous_26)
FNDA:0,(anonymous_27)
FNDA:0,(anonymous_28)
FNDA:0,(anonymous_29)
FNDA:0,(anonymous_30)
FNDA:0,(anonymous_31)
FNDA:0,(anonymous_32)
FNDA:0,(anonymous_33)
FNDA:0,(anonymous_34)
FNDA:0,(anonymous_35)
FNDA:0,(anonymous_36)
FNDA:0,(anonymous_37)
FNDA:0,(anonymous_38)
FNDA:0,(anonymous_39)
FNDA:0,(anonymous_40)
FNDA:0,(anonymous_41)
FNDA:0,(anonymous_42)
FNDA:0,(anonymous_43)
FNDA:0,(anonymous_44)
FNDA:0,(anonymous_45)
FNDA:0,(anonymous_46)
FNDA:0,(anonymous_47)
FNDA:0,(anonymous_48)
FNDA:0,(anonymous_49)
FNDA:0,(anonymous_50)
FNDA:0,(anonymous_51)
FNDA:0,useAuth
DA:83,1
DA:85,1
DA:86,1
DA:87,1
DA:90,0
DA:94,1
DA:98,0
DA:102,0
DA:106,0
DA:110,0
DA:111,0
DA:125,0
DA:141,0
DA:142,0
DA:161,0
DA:162,0
DA:163,0
DA:189,0
DA:190,0
DA:194,0
DA:195,0
DA:196,0
DA:197,0
DA:198,0
DA:200,0
DA:225,2
DA:226,1
DA:230,0
DA:231,0
DA:232,0
DA:233,0
DA:235,0
DA:236,0
DA:237,0
DA:238,0
DA:239,0
DA:240,0
DA:241,0
DA:242,0
DA:244,0
DA:245,0
DA:246,0
DA:247,0
DA:250,0
DA:251,0
DA:252,0
DA:253,0
DA:254,0
DA:255,0
DA:256,0
DA:257,0
DA:261,0
DA:262,0
DA:263,0
DA:264,0
DA:265,0
DA:266,0
DA:267,0
DA:269,0
DA:274,0
DA:277,0
DA:278,0
DA:279,0
DA:283,0
DA:284,0
DA:285,0
DA:288,0
DA:289,0
DA:290,0
DA:291,0
DA:293,0
DA:297,0
DA:298,0
DA:299,0
DA:300,0
DA:305,0
DA:306,0
DA:307,0
DA:308,0
DA:313,0
DA:314,0
DA:315,0
DA:316,0
DA:317,0
DA:320,0
DA:321,0
DA:325,0
DA:326,0
DA:327,0
DA:330,0
DA:331,0
DA:332,0
DA:333,0
DA:335,0
DA:338,0
DA:339,0
DA:340,0
DA:341,0
DA:342,0
DA:344,0
DA:346,0
DA:347,0
DA:348,0
DA:350,0
DA:354,0
DA:355,0
DA:356,0
DA:357,0
DA:360,0
DA:361,0
DA:362,0
DA:366,0
DA:367,0
DA:368,0
DA:369,0
DA:370,0
DA:371,0
DA:372,0
DA:373,0
DA:374,0
DA:377,0
DA:378,0
DA:379,0
DA:380,0
DA:390,0
DA:392,0
DA:393,0
DA:394,0
DA:395,0
DA:420,0
DA:421,0
DA:423,0
DA:427,0
DA:430,0
DA:431,0
DA:432,0
DA:434,0
DA:435,0
DA:436,0
DA:437,0
DA:438,0
DA:439,0
DA:441,0
DA:442,0
DA:443,0
DA:444,0
DA:447,0
DA:457,0
DA:459,0
DA:460,0
DA:461,0
DA:477,0
DA:478,0
DA:479,0
DA:480,0
DA:482,0
DA:483,0
DA:486,0
DA:489,0
DA:490,0
DA:491,0
DA:492,0
DA:493,0
DA:497,0
DA:498,0
DA:499,0
DA:500,0
DA:501,0
DA:502,0
DA:507,0
DA:508,0
DA:511,0
DA:512,0
DA:513,0
DA:515,0
DA:516,0
DA:517,0
DA:519,0
DA:520,0
DA:523,0
DA:525,0
DA:526,0
DA:527,0
DA:528,0
DA:532,0
DA:535,0
DA:536,0
DA:537,0
DA:539,0
DA:540,0
DA:542,0
DA:543,0
DA:548,0
DA:555,0
DA:556,0
DA:575,0
DA:579,0
DA:580,0
DA:581,0
DA:583,0
LF:200
LH:7
BRDA:94,0,0,0
BRDA:94,0,1,1
BRDA:98,1,0,0
BRDA:98,1,1,0
BRDA:98,2,0,0
BRDA:98,2,1,0
BRDA:102,3,0,0
BRDA:102,3,1,0
BRDA:106,4,0,0
BRDA:106,4,1,0
BRDA:110,5,0,0
BRDA:110,5,1,0
BRDA:145,6,0,0
BRDA:145,6,1,0
BRDA:146,7,0,0
BRDA:146,7,1,0
BRDA:147,8,0,0
BRDA:147,8,1,0
BRDA:148,9,0,0
BRDA:148,9,1,0
BRDA:149,10,0,0
BRDA:149,10,1,0
BRDA:150,11,0,0
BRDA:150,11,1,0
BRDA:151,12,0,0
BRDA:151,12,1,0
BRDA:152,13,0,0
BRDA:152,13,1,0
BRDA:152,14,0,0
BRDA:152,14,1,0
BRDA:153,15,0,0
BRDA:153,15,1,0
BRDA:153,16,0,0
BRDA:153,16,1,0
BRDA:154,17,0,0
BRDA:154,17,1,0
BRDA:154,18,0,0
BRDA:154,18,1,0
BRDA:155,19,0,0
BRDA:155,19,1,0
BRDA:155,20,0,0
BRDA:155,20,1,0
BRDA:156,21,0,0
BRDA:156,21,1,0
BRDA:156,22,0,0
BRDA:156,22,1,0
BRDA:162,23,0,0
BRDA:162,23,1,0
BRDA:172,24,0,0
BRDA:172,24,1,0
BRDA:178,25,0,0
BRDA:178,25,1,0
BRDA:179,26,0,0
BRDA:179,26,1,0
BRDA:180,27,0,0
BRDA:180,27,1,0
BRDA:181,28,0,0
BRDA:181,28,1,0
BRDA:182,29,0,0
BRDA:182,29,1,0
BRDA:183,30,0,0
BRDA:183,30,1,0
BRDA:189,31,0,0
BRDA:189,31,1,0
BRDA:191,32,0,0
BRDA:191,32,1,0
BRDA:192,33,0,0
BRDA:192,33,1,0
BRDA:194,34,0,0
BRDA:194,34,1,0
BRDA:196,35,0,0
BRDA:196,35,1,0
BRDA:198,36,0,0
BRDA:198,36,1,0
BRDA:198,36,2,0
BRDA:198,37,0,0
BRDA:198,37,1,0
BRDA:202,38,0,0
BRDA:202,38,1,0
BRDA:206,39,0,0
BRDA:206,39,1,0
BRDA:207,40,0,0
BRDA:207,40,1,0
BRDA:215,41,0,0
BRDA:215,41,1,0
BRDA:216,42,0,0
BRDA:216,42,1,0
BRDA:217,43,0,0
BRDA:217,43,1,0
BRDA:218,44,0,0
BRDA:218,44,1,0
BRDA:219,45,0,0
BRDA:219,45,1,0
BRDA:220,46,0,0
BRDA:220,46,1,0
BRDA:225,47,0,1
BRDA:225,47,1,1
BRDA:240,48,0,0
BRDA:240,48,1,0
BRDA:244,49,0,0
BRDA:244,49,1,0
BRDA:246,50,0,0
BRDA:246,50,1,0
BRDA:251,51,0,0
BRDA:251,51,1,0
BRDA:253,52,0,0
BRDA:253,52,1,0
BRDA:254,53,0,0
BRDA:254,53,1,0
BRDA:262,54,0,0
BRDA:262,54,1,0
BRDA:263,55,0,0
BRDA:263,55,1,0
BRDA:264,56,0,0
BRDA:264,56,1,0
BRDA:274,57,0,0
BRDA:274,57,1,0
BRDA:284,58,0,0
BRDA:284,58,1,0
BRDA:289,59,0,0
BRDA:289,59,1,0
BRDA:290,60,0,0
BRDA:290,60,1,0
BRDA:298,61,0,0
BRDA:298,61,1,0
BRDA:301,62,0,0
BRDA:301,62,1,0
BRDA:305,63,0,0
BRDA:305,63,1,0
BRDA:307,64,0,0
BRDA:307,64,1,0
BRDA:316,65,0,0
BRDA:316,65,1,0
BRDA:316,66,0,0
BRDA:316,66,1,0
BRDA:326,67,0,0
BRDA:326,67,1,0
BRDA:326,68,0,0
BRDA:326,68,1,0
BRDA:332,69,0,0
BRDA:332,69,1,0
BRDA:333,70,0,0
BRDA:333,70,1,0
BRDA:340,71,0,0
BRDA:340,71,1,0
BRDA:346,72,0,0
BRDA:346,72,1,0
BRDA:347,73,0,0
BRDA:347,73,1,0
BRDA:360,74,0,0
BRDA:360,74,1,0
BRDA:370,75,0,0
BRDA:370,75,1,0
BRDA:371,76,0,0
BRDA:371,76,1,0
BRDA:371,77,0,0
BRDA:371,77,1,0
BRDA:372,78,0,0
BRDA:372,78,1,0
BRDA:373,79,0,0
BRDA:373,79,1,0
BRDA:400,80,0,0
BRDA:400,80,1,0
BRDA:404,81,0,0
BRDA:404,81,1,0
BRDA:411,82,0,0
BRDA:411,82,1,0
BRDA:412,83,0,0
BRDA:412,83,1,0
BRDA:413,84,0,0
BRDA:413,84,1,0
BRDA:414,85,0,0
BRDA:414,85,1,0
BRDA:415,86,0,0
BRDA:415,86,1,0
BRDA:416,87,0,0
BRDA:416,87,1,0
BRDA:421,88,0,0
BRDA:421,88,1,0
BRDA:432,89,0,0
BRDA:432,89,1,0
BRDA:434,90,0,0
BRDA:434,90,1,0
BRDA:435,91,0,0
BRDA:435,91,1,0
BRDA:436,92,0,0
BRDA:436,92,1,0
BRDA:437,93,0,0
BRDA:437,93,1,0
BRDA:438,94,0,0
BRDA:438,94,1,0
BRDA:441,95,0,0
BRDA:441,95,1,0
BRDA:442,96,0,0
BRDA:442,96,1,0
BRDA:442,97,0,0
BRDA:442,97,1,0
BRDA:443,98,0,0
BRDA:443,98,1,0
BRDA:443,99,0,0
BRDA:443,99,1,0
BRDA:452,100,0,0
BRDA:452,100,1,0
BRDA:457,101,0,0
BRDA:457,101,1,0
BRDA:460,102,0,0
BRDA:460,102,1,0
BRDA:467,103,0,0
BRDA:467,103,1,0
BRDA:477,104,0,0
BRDA:477,104,1,0
BRDA:478,105,0,0
BRDA:478,105,1,0
BRDA:492,106,0,0
BRDA:492,106,1,0
BRDA:497,107,0,0
BRDA:497,107,1,0
BRDA:500,108,0,0
BRDA:500,108,1,0
BRDA:512,109,0,0
BRDA:512,109,1,0
BRDA:516,110,0,0
BRDA:516,110,1,0
BRDA:527,111,0,0
BRDA:527,111,1,0
BRDA:529,112,0,0
BRDA:529,112,1,0
BRDA:537,113,0,0
BRDA:537,113,1,0
BRDA:540,114,0,0
BRDA:540,114,1,0
BRDA:542,115,0,0
BRDA:542,115,1,0
BRDA:544,116,0,0
BRDA:544,116,1,0
BRDA:580,117,0,0
BRDA:580,117,1,0
BRF:237
BRH:3
end_of_record
TN:
SF:hooks\useInsuranceSettings.ts
FN:25,sanitizeProvider
FN:29,clampPercent
FN:34,parseDiscount
FN:39,InsuranceSettingsProvider
FN:42,(anonymous_4)
FN:44,(anonymous_5)
FN:48,(anonymous_6)
FN:57,(anonymous_7)
FN:63,(anonymous_8)
FN:63,(anonymous_9)
FN:63,(anonymous_10)
FN:67,(anonymous_11)
FN:69,(anonymous_12)
FN:75,(anonymous_13)
FN:78,(anonymous_14)
FN:82,(anonymous_15)
FN:87,(anonymous_16)
FN:97,(anonymous_17)
FN:97,(anonymous_18)
FN:99,(anonymous_19)
FN:99,(anonymous_20)
FN:104,(anonymous_21)
FN:108,(anonymous_22)
FN:111,(anonymous_23)
FN:112,(anonymous_24)
FN:122,(anonymous_25)
FN:127,(anonymous_26)
FN:130,(anonymous_27)
FN:136,(anonymous_28)
FN:143,useInsuranceSettings
FNF:30
FNH:0
FNDA:0,sanitizeProvider
FNDA:0,clampPercent
FNDA:0,parseDiscount
FNDA:0,InsuranceSettingsProvider
FNDA:0,(anonymous_4)
FNDA:0,(anonymous_5)
FNDA:0,(anonymous_6)
FNDA:0,(anonymous_7)
FNDA:0,(anonymous_8)
FNDA:0,(anonymous_9)
FNDA:0,(anonymous_10)
FNDA:0,(anonymous_11)
FNDA:0,(anonymous_12)
FNDA:0,(anonymous_13)
FNDA:0,(anonymous_14)
FNDA:0,(anonymous_15)
FNDA:0,(anonymous_16)
FNDA:0,(anonymous_17)
FNDA:0,(anonymous_18)
FNDA:0,(anonymous_19)
FNDA:0,(anonymous_20)
FNDA:0,(anonymous_21)
FNDA:0,(anonymous_22)
FNDA:0,(anonymous_23)
FNDA:0,(anonymous_24)
FNDA:0,(anonymous_25)
FNDA:0,(anonymous_26)
FNDA:0,(anonymous_27)
FNDA:0,(anonymous_28)
FNDA:0,useInsuranceSettings
DA:23,0
DA:26,0
DA:30,0
DA:31,0
DA:35,0
DA:36,0
DA:40,0
DA:42,0
DA:43,0
DA:44,0
DA:45,0
DA:46,0
DA:47,0
DA:48,0
DA:51,0
DA:52,0
DA:56,0
DA:57,0
DA:58,0
DA:62,0
DA:63,0
DA:67,0
DA:68,0
DA:69,0
DA:70,0
DA:72,0
DA:75,0
DA:76,0
DA:77,0
DA:78,0
DA:79,0
DA:81,0
DA:82,0
DA:87,0
DA:88,0
DA:89,0
DA:97,0
DA:99,0
DA:104,0
DA:105,0
DA:106,0
DA:107,0
DA:108,0
DA:109,0
DA:111,0
DA:112,0
DA:113,0
DA:117,0
DA:127,0
DA:128,0
DA:129,0
DA:130,0
DA:131,0
DA:132,0
DA:135,0
DA:136,0
DA:140,0
DA:144,0
DA:145,0
DA:146,0
DA:148,0
LF:61
LH:0
BRDA:30,0,0,0
BRDA:30,0,1,0
BRDA:36,1,0,0
BRDA:36,1,1,0
BRDA:47,2,0,0
BRDA:47,2,1,0
BRDA:51,3,0,0
BRDA:51,3,1,0
BRDA:77,4,0,0
BRDA:77,4,1,0
BRDA:79,5,0,0
BRDA:79,5,1,0
BRDA:97,6,0,0
BRDA:97,6,1,0
BRDA:106,7,0,0
BRDA:106,7,1,0
BRDA:109,8,0,0
BRDA:109,8,1,0
BRDA:113,9,0,0
BRDA:113,9,1,0
BRDA:128,10,0,0
BRDA:128,10,1,0
BRDA:131,11,0,0
BRDA:131,11,1,0
BRDA:145,12,0,0
BRDA:145,12,1,0
BRF:26
BRH:0
end_of_record
TN:
SF:hooks\useInventory.ts
FN:107,normalizeOptions
FN:108,(anonymous_1)
FN:109,(anonymous_2)
FN:112,mapApiItem
FN:128,mapApiTransaction
FN:129,(anonymous_5)
FN:142,InventoryProvider
FN:151,(anonymous_7)
FN:153,(anonymous_8)
FN:163,(anonymous_9)
FN:166,(anonymous_10)
FN:167,(anonymous_11)
FN:168,(anonymous_12)
FN:217,(anonymous_13)
FN:222,(anonymous_14)
FN:229,(anonymous_15)
FN:246,(anonymous_16)
FN:252,(anonymous_17)
FN:259,(anonymous_18)
FN:260,(anonymous_19)
FN:283,(anonymous_20)
FN:288,(anonymous_21)
FN:289,(anonymous_22)
FN:289,(anonymous_23)
FN:293,(anonymous_24)
FN:298,(anonymous_25)
FN:299,(anonymous_26)
FN:302,(anonymous_27)
FN:322,(anonymous_28)
FN:327,(anonymous_29)
FN:328,(anonymous_30)
FN:334,(anonymous_31)
FN:335,(anonymous_32)
FN:341,(anonymous_33)
FN:342,(anonymous_34)
FN:343,(anonymous_35)
FN:351,(anonymous_36)
FN:354,(anonymous_37)
FN:355,(anonymous_38)
FN:361,(anonymous_39)
FN:362,(anonymous_40)
FN:364,(anonymous_41)
FN:368,(anonymous_42)
FN:372,(anonymous_43)
FN:378,(anonymous_44)
FN:382,(anonymous_45)
FN:386,(anonymous_46)
FN:388,(anonymous_47)
FN:394,(anonymous_48)
FN:397,(anonymous_49)
FN:406,(anonymous_50)
FN:430,useInventory
FNF:52
FNH:0
FNDA:0,normalizeOptions
FNDA:0,(anonymous_1)
FNDA:0,(anonymous_2)
FNDA:0,mapApiItem
FNDA:0,mapApiTransaction
FNDA:0,(anonymous_5)
FNDA:0,InventoryProvider
FNDA:0,(anonymous_7)
FNDA:0,(anonymous_8)
FNDA:0,(anonymous_9)
FNDA:0,(anonymous_10)
FNDA:0,(anonymous_11)
FNDA:0,(anonymous_12)
FNDA:0,(anonymous_13)
FNDA:0,(anonymous_14)
FNDA:0,(anonymous_15)
FNDA:0,(anonymous_16)
FNDA:0,(anonymous_17)
FNDA:0,(anonymous_18)
FNDA:0,(anonymous_19)
FNDA:0,(anonymous_20)
FNDA:0,(anonymous_21)
FNDA:0,(anonymous_22)
FNDA:0,(anonymous_23)
FNDA:0,(anonymous_24)
FNDA:0,(anonymous_25)
FNDA:0,(anonymous_26)
FNDA:0,(anonymous_27)
FNDA:0,(anonymous_28)
FNDA:0,(anonymous_29)
FNDA:0,(anonymous_30)
FNDA:0,(anonymous_31)
FNDA:0,(anonymous_32)
FNDA:0,(anonymous_33)
FNDA:0,(anonymous_34)
FNDA:0,(anonymous_35)
FNDA:0,(anonymous_36)
FNDA:0,(anonymous_37)
FNDA:0,(anonymous_38)
FNDA:0,(anonymous_39)
FNDA:0,(anonymous_40)
FNDA:0,(anonymous_41)
FNDA:0,(anonymous_42)
FNDA:0,(anonymous_43)
FNDA:0,(anonymous_44)
FNDA:0,(anonymous_45)
FNDA:0,(anonymous_46)
FNDA:0,(anonymous_47)
FNDA:0,(anonymous_48)
FNDA:0,(anonymous_49)
FNDA:0,(anonymous_50)
FNDA:0,useInventory
DA:95,0
DA:97,0
DA:98,0
DA:99,0
DA:101,0
DA:108,0
DA:109,0
DA:113,0
DA:129,0
DA:130,0
DA:131,0
DA:143,0
DA:144,0
DA:145,0
DA:148,0
DA:149,0
DA:151,0
DA:152,0
DA:153,0
DA:154,0
DA:155,0
DA:159,0
DA:161,0
DA:162,0
DA:163,0
DA:165,0
DA:166,0
DA:167,0
DA:168,0
DA:171,0
DA:172,0
DA:173,0
DA:174,0
DA:176,0
DA:177,0
DA:178,0
DA:179,0
DA:185,0
DA:188,0
DA:191,0
DA:192,0
DA:193,0
DA:194,0
DA:196,0
DA:200,0
DA:201,0
DA:202,0
DA:203,0
DA:205,0
DA:210,0
DA:211,0
DA:212,0
DA:216,0
DA:217,0
DA:218,0
DA:222,0
DA:223,0
DA:224,0
DA:225,0
DA:226,0
DA:229,0
DA:230,0
DA:246,0
DA:247,0
DA:248,0
DA:252,0
DA:259,0
DA:260,0
DA:261,0
DA:263,0
DA:264,0
DA:280,0
DA:288,0
DA:289,0
DA:290,0
DA:293,0
DA:294,0
DA:295,0
DA:298,0
DA:299,0
DA:300,0
DA:302,0
DA:315,0
DA:327,0
DA:328,0
DA:329,0
DA:330,0
DA:331,0
DA:334,0
DA:335,0
DA:336,0
DA:337,0
DA:338,0
DA:341,0
DA:342,0
DA:343,0
DA:344,0
DA:345,0
DA:346,0
DA:347,0
DA:351,0
DA:352,0
DA:353,0
DA:354,0
DA:355,0
DA:356,0
DA:357,0
DA:361,0
DA:362,0
DA:364,0
DA:368,0
DA:369,0
DA:370,0
DA:371,0
DA:372,0
DA:378,0
DA:379,0
DA:380,0
DA:381,0
DA:382,0
DA:386,0
DA:388,0
DA:394,0
DA:395,0
DA:396,0
DA:397,0
DA:398,0
DA:399,0
DA:400,0
DA:401,0
DA:405,0
DA:406,0
DA:427,0
DA:431,0
DA:432,0
DA:433,0
LF:136
LH:0
BRDA:116,0,0,0
BRDA:116,0,1,0
BRDA:117,1,0,0
BRDA:117,1,1,0
BRDA:118,2,0,0
BRDA:118,2,1,0
BRDA:120,3,0,0
BRDA:120,3,1,0
BRDA:121,4,0,0
BRDA:121,4,1,0
BRDA:122,5,0,0
BRDA:122,5,1,0
BRDA:123,6,0,0
BRDA:123,6,1,0
BRDA:124,7,0,0
BRDA:124,7,1,0
BRDA:130,8,0,0
BRDA:130,8,1,0
BRDA:134,9,0,0
BRDA:134,9,1,0
BRDA:135,10,0,0
BRDA:135,10,1,0
BRDA:159,11,0,0
BRDA:159,11,1,0
BRDA:171,12,0,0
BRDA:171,12,1,0
BRDA:176,13,0,0
BRDA:176,13,1,0
BRDA:180,14,0,0
BRDA:180,14,1,0
BRDA:181,15,0,0
BRDA:181,15,1,0
BRDA:182,16,0,0
BRDA:182,16,1,0
BRDA:191,17,0,0
BRDA:191,17,1,0
BRDA:194,18,0,0
BRDA:194,18,1,0
BRDA:200,19,0,0
BRDA:200,19,1,0
BRDA:203,20,0,0
BRDA:203,20,1,0
BRDA:203,21,0,0
BRDA:203,21,1,0
BRDA:210,22,0,0
BRDA:210,22,1,0
BRDA:223,23,0,0
BRDA:223,23,1,0
BRDA:232,24,0,0
BRDA:232,24,1,0
BRDA:233,25,0,0
BRDA:233,25,1,0
BRDA:235,26,0,0
BRDA:235,26,1,0
BRDA:236,27,0,0
BRDA:236,27,1,0
BRDA:237,28,0,0
BRDA:237,28,1,0
BRDA:239,29,0,0
BRDA:239,29,1,0
BRDA:240,30,0,0
BRDA:240,30,1,0
BRDA:242,31,0,0
BRDA:242,31,1,0
BRDA:261,32,0,0
BRDA:261,32,1,0
BRDA:266,33,0,0
BRDA:266,33,1,0
BRDA:267,34,0,0
BRDA:267,34,1,0
BRDA:270,35,0,0
BRDA:270,35,1,0
BRDA:271,36,0,0
BRDA:271,36,1,0
BRDA:273,37,0,0
BRDA:273,37,1,0
BRDA:274,38,0,0
BRDA:274,38,1,0
BRDA:276,39,0,0
BRDA:276,39,1,0
BRDA:289,40,0,0
BRDA:289,40,1,0
BRDA:294,41,0,0
BRDA:294,41,1,0
BRDA:294,42,0,0
BRDA:294,42,1,0
BRDA:300,43,0,0
BRDA:300,43,1,0
BRDA:329,44,0,0
BRDA:329,44,1,0
BRDA:329,45,0,0
BRDA:329,45,1,0
BRDA:336,46,0,0
BRDA:336,46,1,0
BRDA:336,47,0,0
BRDA:336,47,1,0
BRDA:344,48,0,0
BRDA:344,48,1,0
BRDA:344,49,0,0
BRDA:344,49,1,0
BRDA:353,50,0,0
BRDA:353,50,1,0
BRDA:356,51,0,0
BRDA:356,51,1,0
BRDA:370,52,0,0
BRDA:370,52,1,0
BRDA:380,53,0,0
BRDA:380,53,1,0
BRDA:386,54,0,0
BRDA:386,54,1,0
BRDA:386,54,2,0
BRDA:396,55,0,0
BRDA:396,55,1,0
BRDA:398,56,0,0
BRDA:398,56,1,0
BRDA:432,57,0,0
BRDA:432,57,1,0
BRF:117
BRH:0
end_of_record
TN:
SF:hooks\useInventoryPurchaseOrders.ts
FN:73,mapApiOrder
FN:95,InventoryPurchaseOrdersProvider
FN:98,(anonymous_2)
FN:100,(anonymous_3)
FN:113,(anonymous_4)
FN:118,(anonymous_5)
FN:120,(anonymous_6)
FN:138,(anonymous_7)
FN:158,(anonymous_8)
FN:159,(anonymous_9)
FN:162,(anonymous_10)
FN:162,(anonymous_11)
FN:169,(anonymous_12)
FN:171,(anonymous_13)
FN:172,(anonymous_14)
FN:201,(anonymous_15)
FN:207,(anonymous_16)
FN:218,useInventoryPurchaseOrders
FNF:18
FNH:0
FNDA:0,mapApiOrder
FNDA:0,InventoryPurchaseOrdersProvider
FNDA:0,(anonymous_2)
FNDA:0,(anonymous_3)
FNDA:0,(anonymous_4)
FNDA:0,(anonymous_5)
FNDA:0,(anonymous_6)
FNDA:0,(anonymous_7)
FNDA:0,(anonymous_8)
FNDA:0,(anonymous_9)
FNDA:0,(anonymous_10)
FNDA:0,(anonymous_11)
FNDA:0,(anonymous_12)
FNDA:0,(anonymous_13)
FNDA:0,(anonymous_14)
FNDA:0,(anonymous_15)
FNDA:0,(anonymous_16)
FNDA:0,useInventoryPurchaseOrders
DA:71,0
DA:74,0
DA:96,0
DA:98,0
DA:99,0
DA:100,0
DA:101,0
DA:102,0
DA:103,0
DA:104,0
DA:107,0
DA:108,0
DA:112,0
DA:113,0
DA:114,0
DA:118,0
DA:119,0
DA:120,0
DA:138,0
DA:139,0
DA:140,0
DA:158,0
DA:159,0
DA:162,0
DA:166,0
DA:169,0
DA:170,0
DA:171,0
DA:172,0
DA:173,0
DA:188,0
DA:189,0
DA:190,0
DA:206,0
DA:207,0
DA:215,0
DA:219,0
DA:220,0
DA:221,0
DA:223,0
LF:40
LH:0
BRDA:78,0,0,0
BRDA:78,0,1,0
BRDA:80,1,0,0
BRDA:80,1,1,0
BRDA:82,2,0,0
BRDA:82,2,1,0
BRDA:83,3,0,0
BRDA:83,3,1,0
BRDA:85,4,0,0
BRDA:85,4,1,0
BRDA:86,5,0,0
BRDA:86,5,1,0
BRDA:87,6,0,0
BRDA:87,6,1,0
BRDA:88,7,0,0
BRDA:88,7,1,0
BRDA:89,8,0,0
BRDA:89,8,1,0
BRDA:90,9,0,0
BRDA:90,9,1,0
BRDA:91,10,0,0
BRDA:91,10,1,0
BRDA:103,11,0,0
BRDA:103,11,1,0
BRDA:107,12,0,0
BRDA:107,12,1,0
BRDA:144,13,0,0
BRDA:144,13,1,0
BRDA:147,14,0,0
BRDA:147,14,1,0
BRDA:149,15,0,0
BRDA:149,15,1,0
BRDA:151,16,0,0
BRDA:151,16,1,0
BRDA:159,17,0,0
BRDA:159,17,1,0
BRDA:173,18,0,0
BRDA:173,18,1,0
BRDA:189,19,0,0
BRDA:189,19,1,0
BRDA:220,20,0,0
BRDA:220,20,1,0
BRF:42
BRH:0
end_of_record
TN:
SF:hooks\useOrders.ts
FN:85,statusLabel
FN:94,paymentStatusLabel
FN:100,methodLabel
FN:105,toNumber
FN:110,normalizeToken
FN:118,matchLabTypeForTest
FN:121,(anonymous_6)
FN:131,(anonymous_7)
FN:142,matchScanTypeForTest
FN:145,(anonymous_9)
FN:154,(anonymous_10)
FN:164,mapBackendToOrders
FN:174,(anonymous_12)
FN:175,(anonymous_13)
FN:176,(anonymous_14)
FN:178,(anonymous_15)
FN:185,(anonymous_16)
FN:189,(anonymous_17)
FN:191,(anonymous_18)
FN:192,(anonymous_19)
FN:195,(anonymous_20)
FN:210,(anonymous_21)
FN:221,(anonymous_22)
FN:223,(anonymous_23)
FN:245,OrdersProvider
FN:248,(anonymous_25)
FN:250,(anonymous_26)
FN:294,(anonymous_27)
FN:299,(anonymous_28)
FN:300,(anonymous_29)
FN:302,(anonymous_30)
FN:307,(anonymous_31)
FN:322,(anonymous_32)
FN:382,(anonymous_33)
FN:383,(anonymous_34)
FN:400,(anonymous_35)
FN:401,(anonymous_36)
FN:402,(anonymous_37)
FN:429,(anonymous_38)
FN:434,(anonymous_39)
FN:439,useOrders
FNF:41
FNH:0
FNDA:0,statusLabel
FNDA:0,paymentStatusLabel
FNDA:0,methodLabel
FNDA:0,toNumber
FNDA:0,normalizeToken
FNDA:0,matchLabTypeForTest
FNDA:0,(anonymous_6)
FNDA:0,(anonymous_7)
FNDA:0,matchScanTypeForTest
FNDA:0,(anonymous_9)
FNDA:0,(anonymous_10)
FNDA:0,mapBackendToOrders
FNDA:0,(anonymous_12)
FNDA:0,(anonymous_13)
FNDA:0,(anonymous_14)
FNDA:0,(anonymous_15)
FNDA:0,(anonymous_16)
FNDA:0,(anonymous_17)
FNDA:0,(anonymous_18)
FNDA:0,(anonymous_19)
FNDA:0,(anonymous_20)
FNDA:0,(anonymous_21)
FNDA:0,(anonymous_22)
FNDA:0,(anonymous_23)
FNDA:0,OrdersProvider
FNDA:0,(anonymous_25)
FNDA:0,(anonymous_26)
FNDA:0,(anonymous_27)
FNDA:0,(anonymous_28)
FNDA:0,(anonymous_29)
FNDA:0,(anonymous_30)
FNDA:0,(anonymous_31)
FNDA:0,(anonymous_32)
FNDA:0,(anonymous_33)
FNDA:0,(anonymous_34)
FNDA:0,(anonymous_35)
FNDA:0,(anonymous_36)
FNDA:0,(anonymous_37)
FNDA:0,(anonymous_38)
FNDA:0,(anonymous_39)
FNDA:0,useOrders
DA:83,0
DA:89,0
DA:90,0
DA:91,0
DA:95,0
DA:96,0
DA:97,0
DA:101,0
DA:102,0
DA:106,0
DA:107,0
DA:111,0
DA:119,0
DA:120,0
DA:121,0
DA:122,0
DA:123,0
DA:124,0
DA:129,0
DA:131,0
DA:132,0
DA:133,0
DA:134,0
DA:139,0
DA:143,0
DA:144,0
DA:145,0
DA:146,0
DA:147,0
DA:152,0
DA:154,0
DA:155,0
DA:156,0
DA:161,0
DA:174,0
DA:175,0
DA:176,0
DA:177,0
DA:178,0
DA:179,0
DA:180,0
DA:181,0
DA:184,0
DA:186,0
DA:187,0
DA:189,0
DA:190,0
DA:191,0
DA:192,0
DA:194,0
DA:196,0
DA:197,0
DA:198,0
DA:199,0
DA:211,0
DA:212,0
DA:221,0
DA:222,0
DA:223,0
DA:224,0
DA:226,0
DA:246,0
DA:248,0
DA:249,0
DA:250,0
DA:251,0
DA:261,0
DA:272,0
DA:273,0
DA:287,0
DA:288,0
DA:293,0
DA:294,0
DA:295,0
DA:299,0
DA:300,0
DA:302,0
DA:303,0
DA:304,0
DA:305,0
DA:307,0
DA:308,0
DA:319,0
DA:320,0
DA:321,0
DA:322,0
DA:323,0
DA:324,0
DA:325,0
DA:326,0
DA:337,0
DA:338,0
DA:339,0
DA:340,0
DA:341,0
DA:342,0
DA:354,0
DA:370,0
DA:371,0
DA:382,0
DA:383,0
DA:384,0
DA:400,0
DA:401,0
DA:402,0
DA:403,0
DA:404,0
DA:405,0
DA:413,0
DA:417,0
DA:424,0
DA:434,0
DA:436,0
DA:440,0
DA:441,0
DA:442,0
DA:444,0
LF:117
LH:0
BRDA:89,0,0,0
BRDA:89,0,1,0
BRDA:90,1,0,0
BRDA:90,1,1,0
BRDA:91,2,0,0
BRDA:91,2,1,0
BRDA:95,3,0,0
BRDA:95,3,1,0
BRDA:96,4,0,0
BRDA:96,4,1,0
BRDA:101,5,0,0
BRDA:101,5,1,0
BRDA:102,6,0,0
BRDA:102,6,1,0
BRDA:106,7,0,0
BRDA:106,7,1,0
BRDA:107,8,0,0
BRDA:107,8,1,0
BRDA:111,9,0,0
BRDA:111,9,1,0
BRDA:123,10,0,0
BRDA:123,10,1,0
BRDA:125,11,0,0
BRDA:125,11,1,0
BRDA:125,11,2,0
BRDA:125,11,3,0
BRDA:125,11,4,0
BRDA:125,11,5,0
BRDA:129,12,0,0
BRDA:129,12,1,0
BRDA:133,13,0,0
BRDA:133,13,1,0
BRDA:135,14,0,0
BRDA:135,14,1,0
BRDA:135,14,2,0
BRDA:135,14,3,0
BRDA:135,14,4,0
BRDA:135,14,5,0
BRDA:135,14,6,0
BRDA:135,14,7,0
BRDA:139,15,0,0
BRDA:139,15,1,0
BRDA:148,16,0,0
BRDA:148,16,1,0
BRDA:148,16,2,0
BRDA:148,16,3,0
BRDA:152,17,0,0
BRDA:152,17,1,0
BRDA:157,18,0,0
BRDA:157,18,1,0
BRDA:157,18,2,0
BRDA:157,18,3,0
BRDA:157,18,4,0
BRDA:157,18,5,0
BRDA:161,19,0,0
BRDA:161,19,1,0
BRDA:179,20,0,0
BRDA:179,20,1,0
BRDA:187,21,0,0
BRDA:187,21,1,0
BRDA:189,22,0,0
BRDA:189,22,1,0
BRDA:190,23,0,0
BRDA:190,23,1,0
BRDA:190,24,0,0
BRDA:190,24,1,0
BRDA:197,25,0,0
BRDA:197,25,1,0
BRDA:198,26,0,0
BRDA:198,26,1,0
BRDA:201,27,0,0
BRDA:201,27,1,0
BRDA:202,28,0,0
BRDA:202,28,1,0
BRDA:204,29,0,0
BRDA:204,29,1,0
BRDA:205,30,0,0
BRDA:205,30,1,0
BRDA:206,31,0,0
BRDA:206,31,1,0
BRDA:207,32,0,0
BRDA:207,32,1,0
BRDA:214,33,0,0
BRDA:214,33,1,0
BRDA:215,34,0,0
BRDA:215,34,1,0
BRDA:222,35,0,0
BRDA:222,35,1,0
BRDA:228,36,0,0
BRDA:228,36,1,0
BRDA:238,37,0,0
BRDA:238,37,1,0
BRDA:239,38,0,0
BRDA:239,38,1,0
BRDA:272,39,0,0
BRDA:272,39,1,0
BRDA:287,40,0,0
BRDA:287,40,1,0
BRDA:305,41,0,0
BRDA:305,41,1,0
BRDA:314,42,0,0
BRDA:314,42,1,0
BRDA:315,43,0,0
BRDA:315,43,1,0
BRDA:319,44,0,0
BRDA:319,44,1,0
BRDA:321,45,0,0
BRDA:321,45,1,0
BRDA:324,46,0,0
BRDA:324,46,1,0
BRDA:325,47,0,0
BRDA:325,47,1,0
BRDA:332,48,0,0
BRDA:332,48,1,0
BRDA:338,49,0,0
BRDA:338,49,1,0
BRDA:340,50,0,0
BRDA:340,50,1,0
BRDA:341,51,0,0
BRDA:341,51,1,0
BRDA:348,52,0,0
BRDA:348,52,1,0
BRDA:359,53,0,0
BRDA:359,53,1,0
BRDA:360,54,0,0
BRDA:360,54,1,0
BRDA:362,55,0,0
BRDA:362,55,1,0
BRDA:362,56,0,0
BRDA:362,56,1,0
BRDA:364,57,0,0
BRDA:364,57,1,0
BRDA:370,58,0,0
BRDA:370,58,1,0
BRDA:376,59,0,0
BRDA:376,59,1,0
BRDA:384,60,0,0
BRDA:384,60,1,0
BRDA:403,61,0,0
BRDA:403,61,1,0
BRDA:404,62,0,0
BRDA:404,62,1,0
BRDA:408,63,0,0
BRDA:408,63,1,0
BRDA:409,64,0,0
BRDA:409,64,1,0
BRDA:409,64,2,0
BRDA:410,65,0,0
BRDA:410,65,1,0
BRDA:441,66,0,0
BRDA:441,66,1,0
BRF:151
BRH:0
end_of_record
TN:
SF:hooks\usePatients.ts
FN:56,calculateAgeFromDob
FN:68,formatDisplayVisitDate
FN:75,mapApiPatient
FN:98,dobFromAge
FN:104,PatientsProvider
FN:107,(anonymous_5)
FN:109,(anonymous_6)
FN:122,(anonymous_7)
FN:127,(anonymous_8)
FN:143,(anonymous_9)
FN:149,(anonymous_10)
FN:156,(anonymous_11)
FN:163,(anonymous_12)
FN:164,(anonymous_13)
FN:170,(anonymous_14)
FN:175,(anonymous_15)
FN:180,usePatients
FNF:17
FNH:0
FNDA:0,calculateAgeFromDob
FNDA:0,formatDisplayVisitDate
FNDA:0,mapApiPatient
FNDA:0,dobFromAge
FNDA:0,PatientsProvider
FNDA:0,(anonymous_5)
FNDA:0,(anonymous_6)
FNDA:0,(anonymous_7)
FNDA:0,(anonymous_8)
FNDA:0,(anonymous_9)
FNDA:0,(anonymous_10)
FNDA:0,(anonymous_11)
FNDA:0,(anonymous_12)
FNDA:0,(anonymous_13)
FNDA:0,(anonymous_14)
FNDA:0,(anonymous_15)
FNDA:0,usePatients
DA:54,0
DA:57,0
DA:58,0
DA:59,0
DA:60,0
DA:61,0
DA:62,0
DA:63,0
DA:65,0
DA:69,0
DA:70,0
DA:76,0
DA:78,0
DA:79,0
DA:99,0
DA:100,0
DA:101,0
DA:105,0
DA:107,0
DA:108,0
DA:109,0
DA:110,0
DA:111,0
DA:112,0
DA:113,0
DA:116,0
DA:117,0
DA:121,0
DA:122,0
DA:123,0
DA:127,0
DA:128,0
DA:143,0
DA:144,0
DA:145,0
DA:149,0
DA:156,0
DA:157,0
DA:163,0
DA:164,0
DA:167,0
DA:175,0
DA:177,0
DA:181,0
DA:182,0
DA:183,0
DA:185,0
LF:47
LH:0
BRDA:58,0,0,0
BRDA:58,0,1,0
BRDA:62,1,0,0
BRDA:62,1,1,0
BRDA:62,2,0,0
BRDA:62,2,1,0
BRDA:62,2,2,0
BRDA:76,3,0,0
BRDA:76,3,1,0
BRDA:76,4,0,0
BRDA:76,4,1,0
BRDA:78,5,0,0
BRDA:78,5,1,0
BRDA:78,6,0,0
BRDA:78,6,1,0
BRDA:85,7,0,0
BRDA:85,7,1,0
BRDA:86,8,0,0
BRDA:86,8,1,0
BRDA:87,9,0,0
BRDA:87,9,1,0
BRDA:88,10,0,0
BRDA:88,10,1,0
BRDA:89,11,0,0
BRDA:89,11,1,0
BRDA:90,12,0,0
BRDA:90,12,1,0
BRDA:91,13,0,0
BRDA:91,13,1,0
BRDA:112,14,0,0
BRDA:112,14,1,0
BRDA:116,15,0,0
BRDA:116,15,1,0
BRDA:133,16,0,0
BRDA:133,16,1,0
BRDA:134,17,0,0
BRDA:134,17,1,0
BRDA:135,18,0,0
BRDA:135,18,1,0
BRDA:136,19,0,0
BRDA:136,19,1,0
BRDA:137,20,0,0
BRDA:137,20,1,0
BRDA:138,21,0,0
BRDA:138,21,1,0
BRDA:140,22,0,0
BRDA:140,22,1,0
BRDA:159,23,0,0
BRDA:159,23,1,0
BRDA:160,24,0,0
BRDA:160,24,1,0
BRDA:164,25,0,0
BRDA:164,25,1,0
BRDA:182,26,0,0
BRDA:182,26,1,0
BRF:55
BRH:0
end_of_record
TN:
SF:utils\api.ts
FN:17,buildUrl
FN:23,apiRequest
FN:54,toIsoDateOnly
FNF:3
FNH:3
FNDA:1,buildUrl
FNDA:1,apiRequest
FNDA:1,toIsoDateOnly
DA:1,2
DA:4,2
DA:7,2
DA:18,1
DA:19,1
DA:20,1
DA:24,1
DA:25,1
DA:26,1
DA:31,1
DA:38,1
DA:39,0
DA:40,0
DA:43,1
DA:44,0
DA:47,1
DA:48,1
DA:49,1
DA:51,0
DA:55,1
DA:56,1
DA:57,1
DA:58,1
LF:23
LH:19
BRDA:4,0,0,2
BRDA:4,0,1,2
BRDA:4,1,0,2
BRDA:4,1,1,0
BRDA:18,2,0,0
BRDA:18,2,1,1
BRDA:19,3,0,1
BRDA:19,3,1,0
BRDA:23,4,0,1
BRDA:24,5,0,1
BRDA:24,5,1,1
BRDA:27,6,0,0
BRDA:27,6,1,1
BRDA:28,7,0,1
BRDA:28,7,1,1
BRDA:35,8,0,0
BRDA:35,8,1,1
BRDA:38,9,0,0
BRDA:38,9,1,1
BRDA:40,10,0,0
BRDA:40,10,1,0
BRDA:43,11,0,0
BRDA:43,11,1,1
BRDA:47,12,0,1
BRDA:47,12,1,0
BRDA:48,13,0,1
BRDA:48,13,1,0
BRF:27
BRH:16
end_of_record
TN:
SF:utils\inventoryConsumption.ts
FN:26,normalize
FN:30,isUsableItem
FN:35,pickTemplateRows
FN:43,(anonymous_3)
FN:51,buildConsumptionRowsFromTests
FN:57,(anonymous_5)
FN:59,(anonymous_6)
FN:76,getAvailableQuantity
FN:78,(anonymous_8)
FN:85,allocateConsumption
FN:92,(anonymous_10)
FN:99,(anonymous_11)
FN:100,(anonymous_12)
FN:105,(anonymous_13)
FN:127,readOrderConsumptionDraft
FN:139,writeOrderConsumptionDraft
FN:151,wasOrderConsumptionApplied
FN:163,markOrderConsumptionApplied
FNF:18
FNH:0
FNDA:0,normalize
FNDA:0,isUsableItem
FNDA:0,pickTemplateRows
FNDA:0,(anonymous_3)
FNDA:0,buildConsumptionRowsFromTests
FNDA:0,(anonymous_5)
FNDA:0,(anonymous_6)
FNDA:0,getAvailableQuantity
FNDA:0,(anonymous_8)
FNDA:0,allocateConsumption
FNDA:0,(anonymous_10)
FNDA:0,(anonymous_11)
FNDA:0,(anonymous_12)
FNDA:0,(anonymous_13)
FNDA:0,readOrderConsumptionDraft
FNDA:0,writeOrderConsumptionDraft
FNDA:0,wasOrderConsumptionApplied
FNDA:0,markOrderConsumptionApplied
DA:23,0
DA:24,0
DA:27,0
DA:31,0
DA:32,0
DA:36,0
DA:37,0
DA:38,0
DA:39,0
DA:41,0
DA:42,0
DA:43,0
DA:44,0
DA:45,0
DA:47,0
DA:48,0
DA:55,0
DA:57,0
DA:58,0
DA:59,0
DA:60,0
DA:61,0
DA:62,0
DA:63,0
DA:64,0
DA:65,0
DA:66,0
DA:67,0
DA:69,0
DA:73,0
DA:77,0
DA:78,0
DA:79,0
DA:80,0
DA:81,0
DA:89,0
DA:90,0
DA:92,0
DA:93,0
DA:94,0
DA:95,0
DA:97,0
DA:98,0
DA:99,0
DA:100,0
DA:102,0
DA:103,0
DA:105,0
DA:106,0
DA:107,0
DA:108,0
DA:109,0
DA:110,0
DA:111,0
DA:114,0
DA:115,0
DA:124,0
DA:128,0
DA:129,0
DA:130,0
DA:131,0
DA:132,0
DA:133,0
DA:135,0
DA:140,0
DA:141,0
DA:142,0
DA:143,0
DA:144,0
DA:145,0
DA:152,0
DA:153,0
DA:154,0
DA:155,0
DA:156,0
DA:157,0
DA:159,0
DA:164,0
DA:165,0
DA:166,0
DA:167,0
DA:168,0
DA:169,0
LF:83
LH:0
BRDA:31,0,0,0
BRDA:31,0,1,0
BRDA:37,1,0,0
BRDA:37,1,1,0
BRDA:37,2,0,0
BRDA:37,2,1,0
BRDA:39,3,0,0
BRDA:39,3,1,0
BRDA:39,4,0,0
BRDA:39,4,1,0
BRDA:45,5,0,0
BRDA:45,5,1,0
BRDA:47,6,0,0
BRDA:47,6,1,0
BRDA:48,7,0,0
BRDA:48,7,1,0
BRDA:62,8,0,0
BRDA:62,8,1,0
BRDA:62,9,0,0
BRDA:62,9,1,0
BRDA:62,9,2,0
BRDA:65,10,0,0
BRDA:65,10,1,0
BRDA:79,11,0,0
BRDA:79,11,1,0
BRDA:80,12,0,0
BRDA:80,12,1,0
BRDA:95,13,0,0
BRDA:95,13,1,0
BRDA:95,14,0,0
BRDA:95,14,1,0
BRDA:95,14,2,0
BRDA:99,15,0,0
BRDA:99,15,1,0
BRDA:107,16,0,0
BRDA:107,16,1,0
BRDA:109,17,0,0
BRDA:109,17,1,0
BRDA:114,18,0,0
BRDA:114,18,1,0
BRDA:128,19,0,0
BRDA:128,19,1,0
BRDA:128,20,0,0
BRDA:128,20,1,0
BRDA:131,21,0,0
BRDA:131,21,1,0
BRDA:133,22,0,0
BRDA:133,22,1,0
BRDA:140,23,0,0
BRDA:140,23,1,0
BRDA:140,24,0,0
BRDA:140,24,1,0
BRDA:143,25,0,0
BRDA:143,25,1,0
BRDA:152,26,0,0
BRDA:152,26,1,0
BRDA:152,27,0,0
BRDA:152,27,1,0
BRDA:155,28,0,0
BRDA:155,28,1,0
BRDA:164,29,0,0
BRDA:164,29,1,0
BRDA:164,30,0,0
BRDA:164,30,1,0
BRDA:167,31,0,0
BRDA:167,31,1,0
BRF:66
BRH:0
end_of_record
TN:
SF:utils\invoice.ts
FN:27,downloadInvoicePdf
FNF:1
FNH:0
FNDA:0,downloadInvoicePdf
DA:29,0
DA:30,0
LF:2
LH:0
BRDA:29,0,0,0
BRDA:29,0,1,0
BRF:2
BRH:0
end_of_record
TN:
SF:utils\reportPdf.ts
FN:38,getStoredResultRows
FN:63,getPatientRecord
FN:69,(anonymous_2)
FN:75,getSamplesByOrder
FN:87,getResultMetaLookupKeys
FN:96,getStoredResultMeta
FN:113,sampleLabel
FN:121,getFlag
FN:133,buildReportHtml
FN:149,(anonymous_9)
FN:151,(anonymous_10)
FN:165,(anonymous_11)
FN:235,openReportPreview
FN:245,printReportPdf
FN:256,downloadReportPdf
FNF:15
FNH:0
FNDA:0,getStoredResultRows
FNDA:0,getPatientRecord
FNDA:0,(anonymous_2)
FNDA:0,getSamplesByOrder
FNDA:0,getResultMetaLookupKeys
FNDA:0,getStoredResultMeta
FNDA:0,sampleLabel
FNDA:0,getFlag
FNDA:0,buildReportHtml
FNDA:0,(anonymous_9)
FNDA:0,(anonymous_10)
FNDA:0,(anonymous_11)
FNDA:0,openReportPreview
FNDA:0,printReportPdf
FNDA:0,downloadReportPdf
DA:3,0
DA:4,0
DA:5,0
DA:6,0
DA:39,0
DA:40,0
DA:41,0
DA:42,0
DA:43,0
DA:44,0
DA:46,0
DA:47,0
DA:48,0
DA:50,0
DA:51,0
DA:52,0
DA:53,0
DA:54,0
DA:55,0
DA:58,0
DA:60,0
DA:64,0
DA:65,0
DA:66,0
DA:67,0
DA:68,0
DA:69,0
DA:71,0
DA:76,0
DA:77,0
DA:78,0
DA:79,0
DA:80,0
DA:81,0
DA:83,0
DA:88,0
DA:89,0
DA:90,0
DA:92,0
DA:93,0
DA:97,0
DA:98,0
DA:99,0
DA:100,0
DA:101,0
DA:102,0
DA:103,0
DA:104,0
DA:105,0
DA:107,0
DA:109,0
DA:114,0
DA:115,0
DA:116,0
DA:117,0
DA:118,0
DA:122,0
DA:123,0
DA:124,0
DA:125,0
DA:126,0
DA:127,0
DA:128,0
DA:129,0
DA:130,0
DA:134,0
DA:135,0
DA:136,0
DA:137,0
DA:139,0
DA:146,0
DA:148,0
DA:150,0
DA:151,0
DA:152,0
DA:164,0
DA:167,0
DA:170,0
DA:171,0
DA:183,0
DA:203,0
DA:236,0
DA:237,0
DA:238,0
DA:239,0
DA:240,0
DA:241,0
DA:242,0
DA:246,0
DA:247,0
DA:248,0
DA:249,0
DA:250,0
DA:251,0
DA:252,0
DA:253,0
DA:257,0
LF:97
LH:0
BRDA:39,0,0,0
BRDA:39,0,1,0
BRDA:44,1,0,0
BRDA:44,1,1,0
BRDA:44,2,0,0
BRDA:44,2,1,0
BRDA:44,2,2,0
BRDA:50,3,0,0
BRDA:50,3,1,0
BRDA:52,4,0,0
BRDA:52,4,1,0
BRDA:53,5,0,0
BRDA:53,5,1,0
BRDA:55,6,0,0
BRDA:55,6,1,0
BRDA:55,7,0,0
BRDA:55,7,1,0
BRDA:64,8,0,0
BRDA:64,8,1,0
BRDA:67,9,0,0
BRDA:67,9,1,0
BRDA:76,10,0,0
BRDA:76,10,1,0
BRDA:79,11,0,0
BRDA:79,11,1,0
BRDA:81,12,0,0
BRDA:81,12,1,0
BRDA:89,13,0,0
BRDA:89,13,1,0
BRDA:89,14,0,0
BRDA:89,14,1,0
BRDA:89,14,2,0
BRDA:97,15,0,0
BRDA:97,15,1,0
BRDA:100,16,0,0
BRDA:100,16,1,0
BRDA:105,17,0,0
BRDA:105,17,1,0
BRDA:114,18,0,0
BRDA:114,18,1,0
BRDA:115,19,0,0
BRDA:115,19,1,0
BRDA:116,20,0,0
BRDA:116,20,1,0
BRDA:117,21,0,0
BRDA:117,21,1,0
BRDA:123,22,0,0
BRDA:123,22,1,0
BRDA:124,23,0,0
BRDA:124,23,1,0
BRDA:124,23,2,0
BRDA:124,23,3,0
BRDA:125,24,0,0
BRDA:125,24,1,0
BRDA:126,25,0,0
BRDA:126,25,1,0
BRDA:126,26,0,0
BRDA:126,26,1,0
BRDA:127,27,0,0
BRDA:127,27,1,0
BRDA:127,28,0,0
BRDA:127,28,1,0
BRDA:128,29,0,0
BRDA:128,29,1,0
BRDA:129,30,0,0
BRDA:129,30,1,0
BRDA:139,31,0,0
BRDA:139,31,1,0
BRDA:141,32,0,0
BRDA:141,32,1,0
BRDA:146,33,0,0
BRDA:146,33,1,0
BRDA:146,33,2,0
BRDA:151,34,0,0
BRDA:151,34,1,0
BRDA:152,35,0,0
BRDA:152,35,1,0
BRDA:158,36,0,0
BRDA:158,36,1,0
BRDA:159,37,0,0
BRDA:159,37,1,0
BRDA:160,38,0,0
BRDA:160,38,1,0
BRDA:167,39,0,0
BRDA:167,39,1,0
BRDA:167,40,0,0
BRDA:167,40,1,0
BRDA:167,40,2,0
BRDA:167,40,3,0
BRDA:174,41,0,0
BRDA:174,41,1,0
BRDA:175,42,0,0
BRDA:175,42,1,0
BRDA:220,43,0,0
BRDA:220,43,1,0
BRDA:221,44,0,0
BRDA:221,44,1,0
BRDA:222,45,0,0
BRDA:222,45,1,0
BRDA:223,46,0,0
BRDA:223,46,1,0
BRDA:223,46,2,0
BRDA:225,47,0,0
BRDA:225,47,1,0
BRDA:236,48,0,0
BRDA:236,48,1,0
BRDA:239,49,0,0
BRDA:239,49,1,0
BRDA:246,50,0,0
BRDA:246,50,1,0
BRDA:249,51,0,0
BRDA:249,51,1,0
BRF:112
BRH:0
end_of_record
